2026-02-27T14:00:03.4060670Z Current runner version: '2.331.0'
2026-02-27T14:00:03.4090610Z ##[group]Runner Image Provisioner
2026-02-27T14:00:03.4091730Z Hosted Compute Agent
2026-02-27T14:00:03.4092440Z Version: 20260213.493
2026-02-27T14:00:03.4093180Z Commit: 5c115507f6dd24b8de37d8bbe0bb4509d0cc0fa3
2026-02-27T14:00:03.4094270Z Build Date: 2026-02-13T00:28:41Z
2026-02-27T14:00:03.4095570Z Worker ID: {41d7bca6-f1ec-41fc-a3fd-e39c535a3337}
2026-02-27T14:00:03.4096750Z Azure Region: westus
2026-02-27T14:00:03.4097880Z ##[endgroup]
2026-02-27T14:00:03.4100060Z ##[group]Operating System
2026-02-27T14:00:03.4101300Z macOS
2026-02-27T14:00:03.4102310Z 15.7.4
2026-02-27T14:00:03.4103210Z 24G517
2026-02-27T14:00:03.4104300Z ##[endgroup]
2026-02-27T14:00:03.4105230Z ##[group]Runner Image
2026-02-27T14:00:03.4106300Z Image: macos-15
2026-02-27T14:00:03.4107060Z Version: 20260224.0198.1
2026-02-27T14:00:03.4108930Z Included Software: https://github.com/actions/runner-images/blob/macos-15/20260224.0198/images/macos/macos-15-Readme.md
2026-02-27T14:00:03.4111290Z Image Release: https://github.com/actions/runner-images/releases/tag/macos-15%2F20260224.0198
2026-02-27T14:00:03.4112660Z ##[endgroup]
2026-02-27T14:00:03.4116840Z ##[group]GITHUB_TOKEN Permissions
2026-02-27T14:00:03.4119950Z Actions: read
2026-02-27T14:00:03.4120830Z ArtifactMetadata: read
2026-02-27T14:00:03.4122220Z Attestations: read
2026-02-27T14:00:03.4123030Z Checks: read
2026-02-27T14:00:03.4123630Z Contents: read
2026-02-27T14:00:03.4124250Z Deployments: read
2026-02-27T14:00:03.4124890Z Discussions: read
2026-02-27T14:00:03.4125490Z Issues: read
2026-02-27T14:00:03.4126110Z Metadata: read
2026-02-27T14:00:03.4126720Z Models: read
2026-02-27T14:00:03.4127290Z Packages: read
2026-02-27T14:00:03.4127920Z Pages: read
2026-02-27T14:00:03.4128890Z PullRequests: read
2026-02-27T14:00:03.4129610Z RepositoryProjects: read
2026-02-27T14:00:03.4130310Z SecurityEvents: read
2026-02-27T14:00:03.4130980Z Statuses: read
2026-02-27T14:00:03.4131590Z ##[endgroup]
2026-02-27T14:00:03.4134020Z Secret source: None
2026-02-27T14:00:03.4134880Z Prepare workflow directory
2026-02-27T14:00:03.4568860Z Prepare all required actions
2026-02-27T14:00:03.4617290Z Getting action download info
2026-02-27T14:00:04.0219630Z Download action repository 'actions/checkout@v4' (SHA:34e114876b0b11c390a56381ad16ebd13914f8d5)
2026-02-27T14:00:04.2154610Z Download action repository 'actions/setup-python@v5' (SHA:a26af69be951a213d495a4c3e4e4022e16d87065)
2026-02-27T14:00:04.3919070Z Download action repository 'actions/upload-artifact@v4' (SHA:ea165f8d65b6e75b540449e92b4886f43607fa02)
2026-02-27T14:00:04.7032400Z Complete job name: Build wheels on macos-15-intel
2026-02-27T14:00:04.7785790Z ##[group]Run actions/checkout@v4
2026-02-27T14:00:04.7787050Z with:
2026-02-27T14:00:04.7787680Z   repository: NeuralEnsemble/elephant
2026-02-27T14:00:04.7788690Z   token: ***
2026-02-27T14:00:04.7789260Z   ssh-strict: true
2026-02-27T14:00:04.7789850Z   ssh-user: git
2026-02-27T14:00:04.7790480Z   persist-credentials: true
2026-02-27T14:00:04.7791240Z   clean: true
2026-02-27T14:00:04.7791860Z   sparse-checkout-cone-mode: true
2026-02-27T14:00:04.7792600Z   fetch-depth: 1
2026-02-27T14:00:04.7793200Z   fetch-tags: false
2026-02-27T14:00:04.7793840Z   show-progress: true
2026-02-27T14:00:04.7794450Z   lfs: false
2026-02-27T14:00:04.7795020Z   submodules: false
2026-02-27T14:00:04.7795650Z   set-safe-directory: true
2026-02-27T14:00:04.7796680Z ##[endgroup]
2026-02-27T14:00:05.0552950Z Syncing repository: NeuralEnsemble/elephant
2026-02-27T14:00:05.0555610Z ##[group]Getting Git version info
2026-02-27T14:00:05.0556720Z Working directory is '/Users/runner/work/elephant/elephant'
2026-02-27T14:00:05.0558350Z [command]/usr/local/bin/git version
2026-02-27T14:00:05.0897770Z git version 2.53.0
2026-02-27T14:00:05.0929340Z ##[endgroup]
2026-02-27T14:00:05.0944380Z Copying '/Users/runner/.gitconfig' to '/Users/runner/work/_temp/1c351a9f-6277-487c-8c8a-f17efcce9fc7/.gitconfig'
2026-02-27T14:00:05.0960950Z Temporarily overriding HOME='/Users/runner/work/_temp/1c351a9f-6277-487c-8c8a-f17efcce9fc7' before making global git config changes
2026-02-27T14:00:05.0964280Z Adding repository directory to the temporary git global config as a safe directory
2026-02-27T14:00:05.0966120Z [command]/usr/local/bin/git config --global --add safe.directory /Users/runner/work/elephant/elephant
2026-02-27T14:00:05.1103320Z Deleting the contents of '/Users/runner/work/elephant/elephant'
2026-02-27T14:00:05.1108280Z ##[group]Initializing the repository
2026-02-27T14:00:05.1114620Z [command]/usr/local/bin/git init /Users/runner/work/elephant/elephant
2026-02-27T14:00:05.1384250Z hint: Using 'master' as the name for the initial branch. This default branch name
2026-02-27T14:00:05.1387080Z hint: will change to "main" in Git 3.0. To configure the initial branch name
2026-02-27T14:00:05.1388670Z hint: to use in all of your new repositories, which will suppress this warning,
2026-02-27T14:00:05.1390350Z hint: call:
2026-02-27T14:00:05.1391040Z hint:
2026-02-27T14:00:05.1392350Z hint: 	git config --global init.defaultBranch <name>
2026-02-27T14:00:05.1393490Z hint:
2026-02-27T14:00:05.1394410Z hint: Names commonly chosen instead of 'master' are 'main', 'trunk' and
2026-02-27T14:00:05.1395870Z hint: 'development'. The just-created branch can be renamed via this command:
2026-02-27T14:00:05.1397040Z hint:
2026-02-27T14:00:05.1397640Z hint: 	git branch -m <name>
2026-02-27T14:00:05.1398370Z hint:
2026-02-27T14:00:05.1399340Z hint: Disable this message with "git config set advice.defaultBranchName false"
2026-02-27T14:00:05.1401250Z Initialized empty Git repository in /Users/runner/work/elephant/elephant/.git/
2026-02-27T14:00:05.1404010Z [command]/usr/local/bin/git remote add origin https://github.com/NeuralEnsemble/elephant
2026-02-27T14:00:05.1535970Z ##[endgroup]
2026-02-27T14:00:05.1537890Z ##[group]Disabling automatic garbage collection
2026-02-27T14:00:05.1540320Z [command]/usr/local/bin/git config --local gc.auto 0
2026-02-27T14:00:05.1645000Z ##[endgroup]
2026-02-27T14:00:05.1646110Z ##[group]Setting up auth
2026-02-27T14:00:05.1653000Z [command]/usr/local/bin/git config --local --name-only --get-regexp core\.sshCommand
2026-02-27T14:00:05.1747810Z [command]/usr/local/bin/git submodule foreach --recursive sh -c "git config --local --name-only --get-regexp 'core\.sshCommand' && git config --local --unset-all 'core.sshCommand' || :"
2026-02-27T14:00:05.3199570Z [command]/usr/local/bin/git config --local --name-only --get-regexp http\.https\:\/\/github\.com\/\.extraheader
2026-02-27T14:00:05.3291480Z [command]/usr/local/bin/git submodule foreach --recursive sh -c "git config --local --name-only --get-regexp 'http\.https\:\/\/github\.com\/\.extraheader' && git config --local --unset-all 'http.https://github.com/.extraheader' || :"
2026-02-27T14:00:05.4706670Z [command]/usr/local/bin/git config --local --name-only --get-regexp ^includeIf\.gitdir:
2026-02-27T14:00:05.4870480Z [command]/usr/local/bin/git submodule foreach --recursive git config --local --show-origin --name-only --get-regexp remote.origin.url
2026-02-27T14:00:05.6234550Z [command]/usr/local/bin/git config --local http.https://github.com/.extraheader AUTHORIZATION: basic ***
2026-02-27T14:00:05.6353660Z ##[endgroup]
2026-02-27T14:00:05.6355350Z ##[group]Fetching the repository
2026-02-27T14:00:05.6364720Z [command]/usr/local/bin/git -c protocol.version=2 fetch --no-tags --prune --no-recurse-submodules --depth=1 origin +d1de678ff725839af0577c005f9ef4a46969e6ad:refs/remotes/pull/664/merge
2026-02-27T14:00:07.1130430Z From https://github.com/NeuralEnsemble/elephant
2026-02-27T14:00:07.1134280Z  * [new ref]         d1de678ff725839af0577c005f9ef4a46969e6ad -> pull/664/merge
2026-02-27T14:00:07.1236820Z ##[endgroup]
2026-02-27T14:00:07.1239590Z ##[group]Determining the checkout info
2026-02-27T14:00:07.1241960Z ##[endgroup]
2026-02-27T14:00:07.1243200Z [command]/usr/local/bin/git sparse-checkout disable
2026-02-27T14:00:07.1362120Z [command]/usr/local/bin/git config --local --unset-all extensions.worktreeConfig
2026-02-27T14:00:07.1471850Z ##[group]Checking out the ref
2026-02-27T14:00:07.1478130Z [command]/usr/local/bin/git checkout --progress --force refs/remotes/pull/664/merge
2026-02-27T14:00:07.2885900Z HEAD is now at d1de678 Merge 477cfd2d3720ca32267810bcba212f934e97a0bd into e8d1275265346e59e562c0ed82d54e40ecb8bc38
2026-02-27T14:00:07.2900610Z ##[endgroup]
2026-02-27T14:00:07.3006730Z [command]/usr/local/bin/git log -1 --format=%H
2026-02-27T14:00:07.3090790Z d1de678ff725839af0577c005f9ef4a46969e6ad
2026-02-27T14:00:07.3982260Z ##[group]Run actions/setup-python@v5
2026-02-27T14:00:07.3984170Z with:
2026-02-27T14:00:07.3985470Z   python-version: 3.13
2026-02-27T14:00:07.3987020Z   check-latest: false
2026-02-27T14:00:07.3988900Z   token: ***
2026-02-27T14:00:07.3990270Z   update-environment: true
2026-02-27T14:00:07.3991940Z   allow-prereleases: false
2026-02-27T14:00:07.3993530Z   freethreaded: false
2026-02-27T14:00:07.3994960Z ##[endgroup]
2026-02-27T14:00:07.6508490Z ##[group]Installed versions
2026-02-27T14:00:07.6724000Z Successfully set up CPython (3.13.12)
2026-02-27T14:00:07.6731850Z ##[endgroup]
2026-02-27T14:00:07.6983630Z ##[group]Run python -m pip install --upgrade pip
2026-02-27T14:00:07.6986100Z [36;1mpython -m pip install --upgrade pip[0m
2026-02-27T14:00:07.6988370Z [36;1mpython -m pip install cibuildwheel==3.3.1[0m
2026-02-27T14:00:07.7085060Z shell: /bin/bash -e {0}
2026-02-27T14:00:07.7086630Z env:
2026-02-27T14:00:07.7088550Z   pythonLocation: /Users/runner/hostedtoolcache/Python/3.13.12/x64
2026-02-27T14:00:07.7092100Z   PKG_CONFIG_PATH: /Users/runner/hostedtoolcache/Python/3.13.12/x64/lib/pkgconfig
2026-02-27T14:00:07.7095730Z   Python_ROOT_DIR: /Users/runner/hostedtoolcache/Python/3.13.12/x64
2026-02-27T14:00:07.7098860Z   Python2_ROOT_DIR: /Users/runner/hostedtoolcache/Python/3.13.12/x64
2026-02-27T14:00:07.7102020Z   Python3_ROOT_DIR: /Users/runner/hostedtoolcache/Python/3.13.12/x64
2026-02-27T14:00:07.7105100Z ##[endgroup]
2026-02-27T14:00:09.3940450Z Requirement already satisfied: pip in /Library/Frameworks/Python.framework/Versions/3.13/lib/python3.13/site-packages (26.0.1)
2026-02-27T14:00:11.0214890Z Collecting cibuildwheel==3.3.1
2026-02-27T14:00:11.0898000Z   Downloading cibuildwheel-3.3.1-py3-none-any.whl.metadata (24 kB)
2026-02-27T14:00:11.1214910Z Collecting bashlex!=0.13 (from cibuildwheel==3.3.1)
2026-02-27T14:00:11.1270570Z   Downloading bashlex-0.18-py2.py3-none-any.whl.metadata (1.1 kB)
2026-02-27T14:00:11.1628190Z Collecting bracex (from cibuildwheel==3.3.1)
2026-02-27T14:00:11.1693370Z   Downloading bracex-2.6-py3-none-any.whl.metadata (3.6 kB)
2026-02-27T14:00:11.2855730Z Collecting build>=1.0.0 (from cibuildwheel==3.3.1)
2026-02-27T14:00:11.3858300Z   Downloading build-1.4.0-py3-none-any.whl.metadata (5.8 kB)
2026-02-27T14:00:11.3985440Z Requirement already satisfied: certifi in /Library/Frameworks/Python.framework/Versions/3.13/lib/python3.13/site-packages (from cibuildwheel==3.3.1) (2026.1.4)
2026-02-27T14:00:11.4261780Z Collecting dependency-groups>=1.2 (from cibuildwheel==3.3.1)
2026-02-27T14:00:11.4324160Z   Downloading dependency_groups-1.3.1-py3-none-any.whl.metadata (2.3 kB)
2026-02-27T14:00:11.4328810Z Collecting filelock (from cibuildwheel==3.3.1)
2026-02-27T14:00:11.4335530Z   Downloading filelock-3.24.3-py3-none-any.whl.metadata (2.0 kB)
2026-02-27T14:00:11.4340770Z Collecting humanize (from cibuildwheel==3.3.1)
2026-02-27T14:00:11.4345150Z   Downloading humanize-4.15.0-py3-none-any.whl.metadata (7.8 kB)
2026-02-27T14:00:11.4348640Z Collecting packaging>=20.9 (from cibuildwheel==3.3.1)
2026-02-27T14:00:11.4359640Z   Downloading packaging-26.0-py3-none-any.whl.metadata (3.3 kB)
2026-02-27T14:00:11.4768910Z Collecting patchelf (from cibuildwheel==3.3.1)
2026-02-27T14:00:11.4850500Z   Downloading patchelf-0.17.2.4-py3-none-macosx_10_9_universal2.whl.metadata (3.7 kB)
2026-02-27T14:00:11.5251910Z Collecting platformdirs (from cibuildwheel==3.3.1)
2026-02-27T14:00:11.5298210Z   Downloading platformdirs-4.9.2-py3-none-any.whl.metadata (4.7 kB)
2026-02-27T14:00:11.5520380Z Collecting pyelftools>=0.29 (from cibuildwheel==3.3.1)
2026-02-27T14:00:11.5569510Z   Downloading pyelftools-0.32-py3-none-any.whl.metadata (372 bytes)
2026-02-27T14:00:11.5895020Z Collecting wheel>=0.33.6 (from cibuildwheel==3.3.1)
2026-02-27T14:00:11.5945130Z   Downloading wheel-0.46.3-py3-none-any.whl.metadata (2.4 kB)
2026-02-27T14:00:11.6211400Z Collecting pyproject_hooks (from build>=1.0.0->cibuildwheel==3.3.1)
2026-02-27T14:00:11.6259060Z   Downloading pyproject_hooks-1.2.0-py3-none-any.whl.metadata (1.3 kB)
2026-02-27T14:00:11.6464750Z Downloading cibuildwheel-3.3.1-py3-none-any.whl (127 kB)
2026-02-27T14:00:11.6607010Z Downloading bashlex-0.18-py2.py3-none-any.whl (69 kB)
2026-02-27T14:00:11.6732260Z Downloading build-1.4.0-py3-none-any.whl (24 kB)
2026-02-27T14:00:11.6864130Z Downloading dependency_groups-1.3.1-py3-none-any.whl (8.7 kB)
2026-02-27T14:00:11.7006100Z Downloading packaging-26.0-py3-none-any.whl (74 kB)
2026-02-27T14:00:11.7146350Z Downloading pyelftools-0.32-py3-none-any.whl (188 kB)
2026-02-27T14:00:11.7304540Z Downloading wheel-0.46.3-py3-none-any.whl (30 kB)
2026-02-27T14:00:11.7448130Z Downloading bracex-2.6-py3-none-any.whl (11 kB)
2026-02-27T14:00:11.7585180Z Downloading filelock-3.24.3-py3-none-any.whl (24 kB)
2026-02-27T14:00:11.7700920Z Downloading humanize-4.15.0-py3-none-any.whl (132 kB)
2026-02-27T14:00:11.7865680Z Downloading patchelf-0.17.2.4-py3-none-macosx_10_9_universal2.whl (184 kB)
2026-02-27T14:00:11.8012730Z Downloading platformdirs-4.9.2-py3-none-any.whl (21 kB)
2026-02-27T14:00:11.8138140Z Downloading pyproject_hooks-1.2.0-py3-none-any.whl (10 kB)
2026-02-27T14:00:11.8659000Z Installing collected packages: pyelftools, pyproject_hooks, platformdirs, patchelf, packaging, humanize, filelock, bracex, bashlex, wheel, dependency-groups, build, cibuildwheel
2026-02-27T14:00:12.5680120Z 
2026-02-27T14:00:12.5709290Z Successfully installed bashlex-0.18 bracex-2.6 build-1.4.0 cibuildwheel-3.3.1 dependency-groups-1.3.1 filelock-3.24.3 humanize-4.15.0 packaging-26.0 patchelf-0.17.2.4 platformdirs-4.9.2 pyelftools-0.32 pyproject_hooks-1.2.0 wheel-0.46.3
2026-02-27T14:00:12.6614750Z ##[group]Run python -m cibuildwheel --output-dir wheelhouse
2026-02-27T14:00:12.6615710Z [36;1mpython -m cibuildwheel --output-dir wheelhouse[0m
2026-02-27T14:00:12.6676470Z shell: /bin/bash -e {0}
2026-02-27T14:00:12.6676880Z env:
2026-02-27T14:00:12.6677380Z   pythonLocation: /Users/runner/hostedtoolcache/Python/3.13.12/x64
2026-02-27T14:00:12.6678250Z   PKG_CONFIG_PATH: /Users/runner/hostedtoolcache/Python/3.13.12/x64/lib/pkgconfig
2026-02-27T14:00:12.6679100Z   Python_ROOT_DIR: /Users/runner/hostedtoolcache/Python/3.13.12/x64
2026-02-27T14:00:12.6679880Z   Python2_ROOT_DIR: /Users/runner/hostedtoolcache/Python/3.13.12/x64
2026-02-27T14:00:12.6680630Z   Python3_ROOT_DIR: /Users/runner/hostedtoolcache/Python/3.13.12/x64
2026-02-27T14:00:12.6681350Z   CIBW_BEFORE_BUILD_MACOS: brew install llvm libomp

2026-02-27T14:00:12.6683460Z   CIBW_ENVIRONMENT_MACOS: PATH="$(brew --prefix llvm)/bin:$PATH" CC=clang CXX=clang++ CPPFLAGS="-I$(brew --prefix llvm)/include -I$(brew --prefix libomp)/include" LDFLAGS="-L$(brew --prefix llvm)/lib -L$(brew --prefix libomp)/lib" CXXFLAGS="-stdlib=libc++" MACOSX_DEPLOYMENT_TARGET=11.0

2026-02-27T14:00:12.6685430Z   CIBW_BUILD_VERBOSITY: 2
2026-02-27T14:00:12.6685800Z   CIBW_SKIP: cp38-*
2026-02-27T14:00:12.6686180Z   CIBW_PROJECT_REQUIRES_PYTHON: >=3.14
2026-02-27T14:00:12.6686640Z   CIBW_ARCHS_MACOS: universal2
2026-02-27T14:00:12.6687080Z   CIBW_REPAIR_WHEEL_COMMAND_MACOS: 
2026-02-27T14:00:12.6687500Z ##[endgroup]
2026-02-27T14:00:13.1872490Z 
2026-02-27T14:00:13.1944130Z      _ _       _ _   _       _           _
2026-02-27T14:00:13.1950640Z  ___|_| |_ _ _|_| |_| |_ _ _| |_ ___ ___| |
2026-02-27T14:00:13.1951960Z |  _| | . | | | | | . | | | |   | -_| -_| |
2026-02-27T14:00:13.1955100Z |___|_|___|___|_|_|___|_____|_|_|___|___|_|
2026-02-27T14:00:13.1967570Z 
2026-02-27T14:00:13.1969240Z cibuildwheel version 3.3.1
2026-02-27T14:00:13.1970280Z 
2026-02-27T14:00:13.1972090Z Build options:
2026-02-27T14:00:13.1973540Z   platform: macos
2026-02-27T14:00:13.2090090Z   [38;5;244mallow_empty: False[0m
2026-02-27T14:00:13.2120420Z   architectures: universal2[0m
2026-02-27T14:00:13.2122050Z   build_selector: 
2026-02-27T14:00:13.2123460Z     build_config: *
2026-02-27T14:00:13.2125340Z     skip_config: cp38-*
2026-02-27T14:00:13.2129710Z     requires_python: >=3.14
2026-02-27T14:00:13.2156030Z     enable: [][0m
2026-02-27T14:00:13.2166850Z   output_dir: /Users/runner/work/elephant/elephant/wheelhouse[0m
2026-02-27T14:00:13.2168700Z   package_dir: /Users/runner/work/elephant/elephant[0m
2026-02-27T14:00:13.2170540Z   [38;5;244mtest_selector: 
2026-02-27T14:00:13.2172020Z [38;5;244m    skip_config:[0m
2026-02-27T14:00:13.2174010Z   [38;5;244mbefore_all: [0m
2026-02-27T14:00:13.2174460Z   before_build: 
2026-02-27T14:00:13.2174910Z     brew install llvm libomp[0m
2026-02-27T14:00:13.2175500Z   [38;5;244mbefore_test: [0m
2026-02-27T14:00:13.2176010Z   [38;5;244mbuild_frontend: build[0m
2026-02-27T14:00:13.2176690Z   build_verbosity: 2[0m
2026-02-27T14:00:13.2177550Z   [38;5;244mconfig_settings: [0m
2026-02-27T14:00:13.2178150Z   [38;5;244mcontainer_engine: docker[0m
2026-02-27T14:00:13.2178800Z   [38;5;244mdependency_constraints: pinned[0m
2026-02-27T14:00:13.2179440Z   environment: 
2026-02-27T14:00:13.2179890Z     PATH="$(brew --prefix llvm)/bin:$PATH"
2026-02-27T14:00:13.2180580Z     CC=clang
2026-02-27T14:00:13.2181000Z     CXX=clang++
2026-02-27T14:00:13.2181670Z     CPPFLAGS="-I$(brew --prefix llvm)/include -I$(brew --prefix libomp)/include"
2026-02-27T14:00:13.2182720Z     LDFLAGS="-L$(brew --prefix llvm)/lib -L$(brew --prefix libomp)/lib"
2026-02-27T14:00:13.2183520Z     CXXFLAGS="-stdlib=libc++"
2026-02-27T14:00:13.2184170Z     MACOSX_DEPLOYMENT_TARGET=11.0[0m
2026-02-27T14:00:13.2185670Z   [38;5;244mmanylinux_images: None[0m
2026-02-27T14:00:13.2186280Z   [38;5;244mmusllinux_images: None[0m
2026-02-27T14:00:13.2187180Z   [38;5;244mpyodide_version: None[0m
2026-02-27T14:00:13.2187740Z   repair_command: [0m
2026-02-27T14:00:13.2189050Z   [38;5;244mtest_command: [0m
2026-02-27T14:00:13.2189630Z   [38;5;244mtest_environment: [0m
2026-02-27T14:00:13.2190190Z   [38;5;244mtest_extras: [0m
2026-02-27T14:00:13.2190670Z   [38;5;244mtest_groups: [0m
2026-02-27T14:00:13.2191560Z   [38;5;244mtest_requires: [0m
2026-02-27T14:00:13.2192140Z   [38;5;244mtest_runtime: 
2026-02-27T14:00:13.2192600Z [38;5;244m    args: ()[0m
2026-02-27T14:00:13.2193040Z   [38;5;244mtest_sources: [0m
2026-02-27T14:00:13.2193540Z   [38;5;244mxbuild_tools: None[0m
2026-02-27T14:00:13.2193840Z 
2026-02-27T14:00:13.2194090Z Cache folder: /Users/runner/Library/Caches/cibuildwheel
2026-02-27T14:00:13.2194530Z 
2026-02-27T14:00:13.2194670Z Here we go!
2026-02-27T14:00:13.2194850Z 
2026-02-27T14:00:13.2194850Z 
2026-02-27T14:00:13.2195200Z [1m[34mBuilding cp314-macosx_universal2 wheel[0m
2026-02-27T14:00:13.2195800Z CPython 3.14 macOS Universal 2 - x86_64 and arm64
2026-02-27T14:00:13.2196170Z 
2026-02-27T14:00:13.2216500Z ##[group]Installing Python cp314...
2026-02-27T14:00:13.2216890Z 
2026-02-27T14:00:13.2217080Z + pkgutil --pkgs
2026-02-27T14:00:13.2361120Z ##[endgroup]
2026-02-27T14:00:13.2361910Z                                                               [32m✓ [0m0.02s
2026-02-27T14:00:13.2363030Z ##[group]Setting up build environment...
2026-02-27T14:00:13.2363920Z 
2026-02-27T14:00:13.2368910Z + Download https://github.com/pypa/get-virtualenv/releases/download/20.35.4/virtualenv.pyz to /Users/runner/Library/Caches/cibuildwheel/virtualenv-20.35.4.pyz
2026-02-27T14:00:13.6510250Z + /Library/Frameworks/Python.framework/Versions/3.13/bin/python -sS /Users/runner/Library/Caches/cibuildwheel/virtualenv-20.35.4.pyz --activators= --no-periodic-update --pip=25.3 --no-setuptools --symlink-app-data --python /Library/Frameworks/Python.framework/Versions/3.14/bin/python3.14 /private/var/folders/x_/wstzc9d10r926lhsf8fsv7q80000gn/T/cibw-run-xcdesx4q/cp314-macosx_universal2/build/venv
2026-02-27T14:00:16.5109660Z created virtual environment CPython3.14.3.final.0-64 in 2506ms
2026-02-27T14:00:16.5112870Z   creator CPython3Posix(dest=/private/var/folders/x_/wstzc9d10r926lhsf8fsv7q80000gn/T/cibw-run-xcdesx4q/cp314-macosx_universal2/build/venv, clear=False, no_vcs_ignore=False, global=False)
2026-02-27T14:00:16.5115810Z   seeder FromAppData(download=False, pip=25.3, via=symlink, app_data_dir=/Users/runner/Library/Application Support/virtualenv)
2026-02-27T14:00:16.5117310Z     added seed packages: pip==25.3
2026-02-27T14:00:17.0777100Z + which python
2026-02-27T14:00:17.0788670Z /private/var/folders/x_/wstzc9d10r926lhsf8fsv7q80000gn/T/cibw-run-xcdesx4q/cp314-macosx_universal2/build/venv/bin/python
2026-02-27T14:00:17.0791060Z + python --version
2026-02-27T14:00:17.1001390Z Python 3.14.3
2026-02-27T14:00:17.1103540Z + which pip
2026-02-27T14:00:17.1117010Z /private/var/folders/x_/wstzc9d10r926lhsf8fsv7q80000gn/T/cibw-run-xcdesx4q/cp314-macosx_universal2/build/venv/bin/pip
2026-02-27T14:00:17.1118500Z + pip --version
2026-02-27T14:00:17.5827050Z pip 25.3 from /private/var/folders/x_/wstzc9d10r926lhsf8fsv7q80000gn/T/cibw-run-xcdesx4q/cp314-macosx_universal2/build/venv/lib/python3.14/site-packages/pip (python 3.14)
2026-02-27T14:00:17.6220560Z ##[endgroup]
2026-02-27T14:00:17.6221230Z                                                               [32m✓ [0m4.39s
2026-02-27T14:00:17.6222240Z ##[group]Installing build tools...
2026-02-27T14:00:17.6222550Z 
2026-02-27T14:00:17.6223710Z + pip install --upgrade delocate 'build[virtualenv]' -c file:///Library/Frameworks/Python.framework/Versions/3.13/lib/python3.13/site-packages/cibuildwheel/resources/constraints-python314.txt
2026-02-27T14:00:18.4433410Z Collecting delocate
2026-02-27T14:00:18.4996530Z   Downloading delocate-0.13.0-py3-none-any.whl.metadata (15 kB)
2026-02-27T14:00:18.5258720Z Collecting build[virtualenv]
2026-02-27T14:00:18.5307490Z   Downloading build-1.3.0-py3-none-any.whl.metadata (5.6 kB)
2026-02-27T14:00:18.5653570Z Collecting packaging>=20.9 (from delocate)
2026-02-27T14:00:18.5705130Z   Downloading packaging-25.0-py3-none-any.whl.metadata (3.3 kB)
2026-02-27T14:00:18.6031610Z Collecting typing_extensions>=4.12.2 (from delocate)
2026-02-27T14:00:18.6080310Z   Downloading typing_extensions-4.15.0-py3-none-any.whl.metadata (3.3 kB)
2026-02-27T14:00:18.6357940Z Collecting macholib (from delocate)
2026-02-27T14:00:18.6415760Z   Downloading macholib-1.16.4-py2.py3-none-any.whl.metadata (12 kB)
2026-02-27T14:00:18.6675610Z Collecting pyproject_hooks (from build[virtualenv])
2026-02-27T14:00:18.6698900Z   Using cached pyproject_hooks-1.2.0-py3-none-any.whl.metadata (1.3 kB)
2026-02-27T14:00:18.7456450Z Collecting virtualenv>=20.31 (from build[virtualenv])
2026-02-27T14:00:18.7504930Z   Downloading virtualenv-20.35.4-py3-none-any.whl.metadata (4.6 kB)
2026-02-27T14:00:18.7889340Z Collecting distlib<1,>=0.3.7 (from virtualenv>=20.31->build[virtualenv])
2026-02-27T14:00:18.7943070Z   Downloading distlib-0.4.0-py2.py3-none-any.whl.metadata (5.2 kB)
2026-02-27T14:00:18.8333120Z Collecting filelock<4,>=3.12.2 (from virtualenv>=20.31->build[virtualenv])
2026-02-27T14:00:18.8393190Z   Downloading filelock-3.20.2-py3-none-any.whl.metadata (2.1 kB)
2026-02-27T14:00:18.8730170Z Collecting platformdirs<5,>=3.9.1 (from virtualenv>=20.31->build[virtualenv])
2026-02-27T14:00:18.8781000Z   Downloading platformdirs-4.5.1-py3-none-any.whl.metadata (12 kB)
2026-02-27T14:00:18.9119540Z Collecting altgraph>=0.17 (from macholib->delocate)
2026-02-27T14:00:18.9174100Z   Downloading altgraph-0.17.5-py2.py3-none-any.whl.metadata (7.5 kB)
2026-02-27T14:00:18.9346740Z Downloading delocate-0.13.0-py3-none-any.whl (238 kB)
2026-02-27T14:00:18.9553170Z Downloading build-1.3.0-py3-none-any.whl (23 kB)
2026-02-27T14:00:18.9690750Z Downloading packaging-25.0-py3-none-any.whl (66 kB)
2026-02-27T14:00:18.9831610Z Downloading typing_extensions-4.15.0-py3-none-any.whl (44 kB)
2026-02-27T14:00:19.0010340Z Downloading virtualenv-20.35.4-py3-none-any.whl (6.0 MB)
2026-02-27T14:00:19.2988400Z    ━━━━━━━━━━━━━━━━━━━━━━━━━━━━━━━━━━━━━━━━ 6.0/6.0 MB 19.7 MB/s  0:00:00
2026-02-27T14:00:19.3410860Z Downloading distlib-0.4.0-py2.py3-none-any.whl (469 kB)
2026-02-27T14:00:19.5017900Z Downloading filelock-3.20.2-py3-none-any.whl (16 kB)
2026-02-27T14:00:19.5205600Z Downloading platformdirs-4.5.1-py3-none-any.whl (18 kB)
2026-02-27T14:00:19.5400180Z Downloading macholib-1.16.4-py2.py3-none-any.whl (38 kB)
2026-02-27T14:00:19.5560120Z Downloading altgraph-0.17.5-py2.py3-none-any.whl (21 kB)
2026-02-27T14:00:19.5690290Z Using cached pyproject_hooks-1.2.0-py3-none-any.whl (10 kB)
2026-02-27T14:00:19.6311840Z Installing collected packages: distlib, altgraph, typing_extensions, pyproject_hooks, platformdirs, packaging, macholib, filelock, virtualenv, delocate, build
2026-02-27T14:00:21.8374000Z 
2026-02-27T14:00:21.8404100Z Successfully installed altgraph-0.17.5 build-1.3.0 delocate-0.13.0 distlib-0.4.0 filelock-3.20.2 macholib-1.16.4 packaging-25.0 platformdirs-4.5.1 pyproject_hooks-1.2.0 typing_extensions-4.15.0 virtualenv-20.35.4
2026-02-27T14:00:21.9542500Z + python -m pip freeze --all
2026-02-27T14:00:22.4201190Z ##[endgroup]
2026-02-27T14:00:22.4218050Z                                                               [32m✓ [0m4.80s
2026-02-27T14:00:22.4236470Z ##[group]Running before_build...
2026-02-27T14:00:22.4239720Z 
2026-02-27T14:00:22.4242150Z + brew install llvm libomp
2026-02-27T14:00:22.4251280Z 
2026-02-27T14:00:33.2225510Z [32m==>[0m [1mFetching downloads for: [32mllvm[39m and [32mlibomp[39m[0m
2026-02-27T14:00:33.7511740Z ✔︎ Bottle Manifest libomp (21.1.8)
2026-02-27T14:00:33.8383150Z ✔︎ Bottle Manifest llvm (21.1.8_1)
2026-02-27T14:00:34.8300850Z ✔︎ Bottle Manifest z3 (4.15.4)
2026-02-27T14:00:35.2844460Z ✔︎ Bottle libomp (21.1.8)
2026-02-27T14:00:35.5847560Z ✔︎ Bottle z3 (4.15.4)
2026-02-27T14:01:08.8396270Z ✔︎ Bottle llvm (21.1.8_1)
2026-02-27T14:01:09.0541730Z [32m==>[0m [1mInstalling llvm dependency: [32mz3[39m[0m
2026-02-27T14:01:09.0867710Z [34m==>[0m [1mPouring z3--4.15.4.sonoma.bottle.tar.gz[0m
2026-02-27T14:01:12.0898120Z 🍺  /usr/local/Cellar/z3/4.15.4: 120 files, 34.4MB
2026-02-27T14:01:12.0927540Z [34m==>[0m [1mPouring llvm--21.1.8_1.sonoma.bottle.tar.gz[0m
2026-02-27T14:01:39.3079900Z [34m==>[0m [1mCaveats[0m
2026-02-27T14:01:39.3082710Z CLANG_CONFIG_FILE_SYSTEM_DIR: /usr/local/etc/clang
2026-02-27T14:01:39.3089960Z CLANG_CONFIG_FILE_USER_DIR:   ~/.config/clang
2026-02-27T14:01:39.3097170Z 
2026-02-27T14:01:39.3098210Z LLD is now provided in a separate formula:
2026-02-27T14:01:39.3099600Z   brew install lld
2026-02-27T14:01:39.3100660Z 
2026-02-27T14:01:39.3101620Z Using `clang`, `clang++`, etc., requires a CLT installation at `/Library/Developer/CommandLineTools`.
2026-02-27T14:01:39.3104460Z If you don't want to install the CLT, you can write appropriate configuration files pointing to your
2026-02-27T14:01:39.3106610Z SDK at ~/.config/clang.
2026-02-27T14:01:39.3111960Z 
2026-02-27T14:01:39.3112700Z To use the bundled libunwind please use the following LDFLAGS:
2026-02-27T14:01:39.3115420Z   LDFLAGS="-L/usr/local/opt/llvm/lib/unwind -lunwind"
2026-02-27T14:01:39.3116700Z 
2026-02-27T14:01:39.3117490Z To use the bundled libc++ please use the following LDFLAGS:
2026-02-27T14:01:39.3123990Z   LDFLAGS="-L/usr/local/opt/llvm/lib/c++ -L/usr/local/opt/llvm/lib/unwind -lunwind"
2026-02-27T14:01:39.3125110Z 
2026-02-27T14:01:39.3126030Z NOTE: You probably want to use the libunwind and libc++ provided by macOS unless you know what you're doing.
2026-02-27T14:01:39.3127710Z 
2026-02-27T14:01:39.3128520Z llvm is keg-only, which means it was not symlinked into /usr/local,
2026-02-27T14:01:39.3130300Z because macOS already provides this software and installing another version in
2026-02-27T14:01:39.3132800Z parallel can cause all kinds of trouble.
2026-02-27T14:01:39.3133670Z 
2026-02-27T14:01:39.3134520Z If you need to have llvm first in your PATH, run:
2026-02-27T14:01:39.3136320Z   echo 'export PATH="/usr/local/opt/llvm/bin:$PATH"' >> /Users/runner/.bash_profile
2026-02-27T14:01:39.3138380Z 
2026-02-27T14:01:39.3140940Z For compilers to find llvm you may need to set:
2026-02-27T14:01:39.3142770Z   export LDFLAGS="-L/usr/local/opt/llvm/lib"
2026-02-27T14:01:39.3144530Z   export CPPFLAGS="-I/usr/local/opt/llvm/include"
2026-02-27T14:01:39.3145440Z 
2026-02-27T14:01:39.3146940Z For cmake to find llvm you may need to set:
2026-02-27T14:01:39.3149450Z   export CMAKE_PREFIX_PATH="/usr/local/opt/llvm"
2026-02-27T14:01:39.3151530Z [34m==>[0m [1mSummary[0m
2026-02-27T14:01:39.8018990Z 🍺  /usr/local/Cellar/llvm/21.1.8_1: 9,286 files, 1.9GB
2026-02-27T14:01:39.8301930Z [34m==>[0m [1mPouring libomp--21.1.8.sonoma.bottle.tar.gz[0m
2026-02-27T14:01:44.4315820Z [34m==>[0m [1mCaveats[0m
2026-02-27T14:01:44.4318820Z libomp is keg-only, which means it was not symlinked into /usr/local,
2026-02-27T14:01:44.4321680Z because it can override GCC headers and result in broken builds.
2026-02-27T14:01:44.4323200Z 
2026-02-27T14:01:44.4325690Z For compilers to find libomp you may need to set:
2026-02-27T14:01:44.4327670Z   export LDFLAGS="-L/usr/local/opt/libomp/lib"
2026-02-27T14:01:44.4329930Z   export CPPFLAGS="-I/usr/local/opt/libomp/include"
2026-02-27T14:01:44.4332360Z [34m==>[0m [1mSummary[0m
2026-02-27T14:01:44.4336790Z 🍺  /usr/local/Cellar/libomp/21.1.8: 9 files, 1.8MB
2026-02-27T14:01:44.4339810Z [32m==>[0m [1mCaveats[0m
2026-02-27T14:01:44.4358030Z [34m==>[0m [1mllvm[0m
2026-02-27T14:01:44.4360080Z CLANG_CONFIG_FILE_SYSTEM_DIR: /usr/local/etc/clang
2026-02-27T14:01:44.4362020Z CLANG_CONFIG_FILE_USER_DIR:   ~/.config/clang
2026-02-27T14:01:44.4363250Z 
2026-02-27T14:01:44.4364430Z LLD is now provided in a separate formula:
2026-02-27T14:01:44.4366480Z   brew install lld
2026-02-27T14:01:44.4369130Z 
2026-02-27T14:01:44.4370650Z Using `clang`, `clang++`, etc., requires a CLT installation at `/Library/Developer/CommandLineTools`.
2026-02-27T14:01:44.4373960Z If you don't want to install the CLT, you can write appropriate configuration files pointing to your
2026-02-27T14:01:44.4375580Z SDK at ~/.config/clang.
2026-02-27T14:01:44.4376140Z 
2026-02-27T14:01:44.4379500Z To use the bundled libunwind please use the following LDFLAGS:
2026-02-27T14:01:44.4382680Z   LDFLAGS="-L/usr/local/opt/llvm/lib/unwind -lunwind"
2026-02-27T14:01:44.4385170Z 
2026-02-27T14:01:44.4386610Z To use the bundled libc++ please use the following LDFLAGS:
2026-02-27T14:01:44.4390230Z   LDFLAGS="-L/usr/local/opt/llvm/lib/c++ -L/usr/local/opt/llvm/lib/unwind -lunwind"
2026-02-27T14:01:44.4391410Z 
2026-02-27T14:01:44.4392880Z NOTE: You probably want to use the libunwind and libc++ provided by macOS unless you know what you're doing.
2026-02-27T14:01:44.4395640Z 
2026-02-27T14:01:44.4396900Z llvm is keg-only, which means it was not symlinked into /usr/local,
2026-02-27T14:01:44.4399270Z because macOS already provides this software and installing another version in
2026-02-27T14:01:44.4402130Z parallel can cause all kinds of trouble.
2026-02-27T14:01:44.4403890Z 
2026-02-27T14:01:44.4404810Z If you need to have llvm first in your PATH, run:
2026-02-27T14:01:44.4406730Z   echo 'export PATH="/usr/local/opt/llvm/bin:$PATH"' >> /Users/runner/.bash_profile
2026-02-27T14:01:44.4413150Z 
2026-02-27T14:01:44.4715100Z For compilers to find llvm you may need to set:
2026-02-27T14:01:44.4718000Z   export LDFLAGS="-L/usr/local/opt/llvm/lib"
2026-02-27T14:01:44.4725030Z   export CPPFLAGS="-I/usr/local/opt/llvm/include"
2026-02-27T14:01:44.4725810Z 
2026-02-27T14:01:44.4727200Z For cmake to find llvm you may need to set:
2026-02-27T14:01:44.4728470Z   export CMAKE_PREFIX_PATH="/usr/local/opt/llvm"
2026-02-27T14:01:44.4736780Z [34m==>[0m [1mlibomp[0m
2026-02-27T14:01:44.4744350Z libomp is keg-only, which means it was not symlinked into /usr/local,
2026-02-27T14:01:44.4745470Z because it can override GCC headers and result in broken builds.
2026-02-27T14:01:44.4746060Z 
2026-02-27T14:01:44.4746320Z For compilers to find libomp you may need to set:
2026-02-27T14:01:44.4747060Z   export LDFLAGS="-L/usr/local/opt/libomp/lib"
2026-02-27T14:01:44.4747830Z   export CPPFLAGS="-I/usr/local/opt/libomp/include"
2026-02-27T14:01:44.5962870Z ##[endgroup]
2026-02-27T14:01:44.5966430Z                                                              [32m✓ [0m82.18s
2026-02-27T14:01:44.5978630Z ##[group]Building wheel...
2026-02-27T14:01:44.5978890Z 
2026-02-27T14:01:44.6128800Z + python -m build /Users/runner/work/elephant/elephant --wheel --outdir=/private/var/folders/x_/wstzc9d10r926lhsf8fsv7q80000gn/T/cibw-run-xcdesx4q/cp314-macosx_universal2/built_wheel -v
2026-02-27T14:01:44.8692950Z * Creating isolated environment: venv+pip...
2026-02-27T14:01:44.8894830Z * Installing packages in isolated environment:
2026-02-27T14:01:44.9398390Z   - setuptools >= 40.8.0
2026-02-27T14:01:44.9399540Z > /private/var/folders/x_/wstzc9d10r926lhsf8fsv7q80000gn/T/cibw-run-
2026-02-27T14:01:44.9400870Z   xcdesx4q/cp314-macosx_universal2/build/venv/bin/python -m pip --python
2026-02-27T14:01:44.9402130Z   /private/var/folders/x_/wstzc9d10r926lhsf8fsv7q80000gn/T/build-env-
2026-02-27T14:01:44.9403370Z   vxi79uif/bin/python install --use-pep517 --no-warn-script-location --no-
2026-02-27T14:01:44.9404500Z   compile -r /var/folders/x_/wstzc9d10r926lhsf8fsv7q80000gn/T/build-reqs-
2026-02-27T14:01:44.9405870Z   f_xhwoxt.txt
2026-02-27T14:01:46.5475530Z [2m< Collecting setuptools>=40.8.0 (from -r
2026-02-27T14:01:46.5477260Z   /var/folders/x_/wstzc9d10r926lhsf8fsv7q80000gn/T/build-reqs-f_xhwoxt.txt
2026-02-27T14:01:46.5478140Z   (line 1))[0m
2026-02-27T14:01:46.6183690Z [2m<   Downloading setuptools-82.0.0-py3-none-any.whl.metadata (6.6 kB)[0m
2026-02-27T14:01:46.6493610Z [2m< Downloading setuptools-82.0.0-py3-none-any.whl (1.0 MB)[0m
2026-02-27T14:01:46.7490840Z [2m<    ━━━━━━━━━━━━━━━━━━━━━━━━━━━━━━━━━━━━━━━━ 1.0/1.0 MB 13.1 MB/s  0:00:00[0m
2026-02-27T14:01:46.7789720Z [2m< Installing collected packages: setuptools[0m
2026-02-27T14:01:47.0413650Z [2m< Successfully installed setuptools-82.0.0[0m
2026-02-27T14:01:47.2348960Z * Getting build dependencies for wheel...
2026-02-27T14:01:47.7217050Z /private/var/folders/x_/wstzc9d10r926lhsf8fsv7q80000gn/T/build-env-vxi79uif/lib/python3.14/site-packages/setuptools/dist.py:765: SetuptoolsDeprecationWarning: License classifiers are deprecated.
2026-02-27T14:01:47.7218600Z !!
2026-02-27T14:01:47.7218750Z 
2026-02-27T14:01:47.7218940Z         ********************************************************************************
2026-02-27T14:01:47.7219760Z         Please consider removing the following classifiers in favor of a SPDX license expression:
2026-02-27T14:01:47.7220400Z 
2026-02-27T14:01:47.7220770Z         License :: OSI Approved :: BSD License
2026-02-27T14:01:47.7221100Z 
2026-02-27T14:01:47.7221610Z         See https://packaging.python.org/en/latest/guides/writing-pyproject-toml/#license for details.
2026-02-27T14:01:47.7222470Z         ********************************************************************************
2026-02-27T14:01:47.7227970Z 
2026-02-27T14:01:47.7228120Z !!
2026-02-27T14:01:47.7228480Z   self._finalize_license_expression()
2026-02-27T14:01:47.7580620Z running egg_info
2026-02-27T14:01:47.7600090Z creating elephant.egg-info
2026-02-27T14:01:47.7604070Z writing elephant.egg-info/PKG-INFO
2026-02-27T14:01:47.7629430Z writing dependency_links to elephant.egg-info/dependency_links.txt
2026-02-27T14:01:47.7644930Z writing requirements to elephant.egg-info/requires.txt
2026-02-27T14:01:47.7649070Z writing top-level names to elephant.egg-info/top_level.txt
2026-02-27T14:01:47.7652690Z writing manifest file 'elephant.egg-info/SOURCES.txt'
2026-02-27T14:01:47.7993610Z reading manifest file 'elephant.egg-info/SOURCES.txt'
2026-02-27T14:01:47.7996100Z reading manifest template 'MANIFEST.in'
2026-02-27T14:01:47.8062750Z no previously-included directories found matching 'doc/_build'
2026-02-27T14:01:47.8066380Z no previously-included directories found matching 'doc/tutorials/.ipynb_checkpoints'
2026-02-27T14:01:47.8067380Z no previously-included directories found matching 'doc/reference/toctree'
2026-02-27T14:01:47.8068290Z warning: no files found matching 'doc/reference/toctree/kernels/*'
2026-02-27T14:01:47.8072020Z warning: no previously-included files matching '*.h5' found under directory '*'
2026-02-27T14:01:47.8074920Z warning: no previously-included files matching '*~' found under directory '*'
2026-02-27T14:01:47.8075980Z adding license file 'LICENSE.txt'
2026-02-27T14:01:47.8101440Z writing manifest file 'elephant.egg-info/SOURCES.txt'
2026-02-27T14:01:47.8446120Z * Building wheel...
2026-02-27T14:01:48.0429830Z /private/var/folders/x_/wstzc9d10r926lhsf8fsv7q80000gn/T/build-env-vxi79uif/lib/python3.14/site-packages/setuptools/dist.py:765: SetuptoolsDeprecationWarning: License classifiers are deprecated.
2026-02-27T14:01:48.0431490Z !!
2026-02-27T14:01:48.0431660Z 
2026-02-27T14:01:48.0431870Z         ********************************************************************************
2026-02-27T14:01:48.0432780Z         Please consider removing the following classifiers in favor of a SPDX license expression:
2026-02-27T14:01:48.0433590Z 
2026-02-27T14:01:48.0433940Z         License :: OSI Approved :: BSD License
2026-02-27T14:01:48.0434440Z 
2026-02-27T14:01:48.0434980Z         See https://packaging.python.org/en/latest/guides/writing-pyproject-toml/#license for details.
2026-02-27T14:01:48.0435920Z         ********************************************************************************
2026-02-27T14:01:48.0436330Z 
2026-02-27T14:01:48.0436450Z !!
2026-02-27T14:01:48.0436790Z   self._finalize_license_expression()
2026-02-27T14:01:48.0659200Z running bdist_wheel
2026-02-27T14:01:48.0857390Z running build
2026-02-27T14:01:48.0858210Z running build_py
2026-02-27T14:01:48.0859290Z creating build/lib.macosx-10.9-universal2-cpython-314/elephant
2026-02-27T14:01:48.0860840Z copying elephant/current_source_density.py -> build/lib.macosx-10.9-universal2-cpython-314/elephant
2026-02-27T14:01:48.0863340Z copying elephant/trials.py -> build/lib.macosx-10.9-universal2-cpython-314/elephant
2026-02-27T14:01:48.0867030Z copying elephant/neo_tools.py -> build/lib.macosx-10.9-universal2-cpython-314/elephant
2026-02-27T14:01:48.0869640Z copying elephant/cubic.py -> build/lib.macosx-10.9-universal2-cpython-314/elephant
2026-02-27T14:01:48.0872040Z copying elephant/unitary_event_analysis.py -> build/lib.macosx-10.9-universal2-cpython-314/elephant
2026-02-27T14:01:48.0877810Z copying elephant/sta.py -> build/lib.macosx-10.9-universal2-cpython-314/elephant
2026-02-27T14:01:48.0881620Z copying elephant/spike_train_surrogates.py -> build/lib.macosx-10.9-universal2-cpython-314/elephant
2026-02-27T14:01:48.0889010Z copying elephant/cell_assembly_detection.py -> build/lib.macosx-10.9-universal2-cpython-314/elephant
2026-02-27T14:01:48.0898560Z copying elephant/conversion.py -> build/lib.macosx-10.9-universal2-cpython-314/elephant
2026-02-27T14:01:48.0900510Z copying elephant/datasets.py -> build/lib.macosx-10.9-universal2-cpython-314/elephant
2026-02-27T14:01:48.0903650Z copying elephant/waveform_features.py -> build/lib.macosx-10.9-universal2-cpython-314/elephant
2026-02-27T14:01:48.0910030Z copying elephant/__init__.py -> build/lib.macosx-10.9-universal2-cpython-314/elephant
2026-02-27T14:01:48.0913430Z copying elephant/spike_train_dissimilarity.py -> build/lib.macosx-10.9-universal2-cpython-314/elephant
2026-02-27T14:01:48.0941540Z copying elephant/change_point_detection.py -> build/lib.macosx-10.9-universal2-cpython-314/elephant
2026-02-27T14:01:48.0944030Z copying elephant/spike_train_synchrony.py -> build/lib.macosx-10.9-universal2-cpython-314/elephant
2026-02-27T14:01:48.0952360Z copying elephant/functional_connectivity.py -> build/lib.macosx-10.9-universal2-cpython-314/elephant
2026-02-27T14:01:48.1955130Z no previously-included directories found matching 'doc/_build'
2026-02-27T14:01:48.1957720Z copying elephant/utils.py -> build/lib.macosx-10.9-universal2-cpython-314/elephant
2026-02-27T14:01:48.1959460Z copying elephant/spike_train_correlation.py -> build/lib.macosx-10.9-universal2-cpython-314/elephant
2026-02-27T14:01:48.2112940Z no previously-included directories found matching 'doc/tutorials/.ipynb_checkpoints'
2026-02-27T14:01:48.2116520Z copying elephant/spike_train_generation.py -> build/lib.macosx-10.9-universal2-cpython-314/elephant
2026-02-27T14:01:48.2158710Z no previously-included directories found matching 'doc/reference/toctree'
2026-02-27T14:01:48.2161290Z copying elephant/kernels.py -> build/lib.macosx-10.9-universal2-cpython-314/elephant
2026-02-27T14:01:48.2164450Z warning: no files found matching 'doc/reference/toctree/kernels/*'
2026-02-27T14:01:48.2168320Z copying elephant/spectral.py -> build/lib.macosx-10.9-universal2-cpython-314/elephant
2026-02-27T14:01:48.2170800Z warning: no previously-included files matching '*.h5' found under directory '*'
2026-02-27T14:01:48.2174410Z copying elephant/statistics.py -> build/lib.macosx-10.9-universal2-cpython-314/elephant
2026-02-27T14:01:48.2176010Z warning: no previously-included files matching '*~' found under directory '*'
2026-02-27T14:01:48.3183910Z /private/var/folders/x_/wstzc9d10r926lhsf8fsv7q80000gn/T/build-env-vxi79uif/lib/python3.14/site-packages/setuptools/command/build_py.py:215: _Warning: Package 'elephant.asset' is absent from the `packages` configuration.
2026-02-27T14:01:48.3186810Z copying elephant/phase_analysis.py -> build/lib.macosx-10.9-universal2-cpython-314/elephant
2026-02-27T14:01:48.4180870Z !!
2026-02-27T14:01:48.4182230Z copying elephant/spade.py -> build/lib.macosx-10.9-universal2-cpython-314/elephant
2026-02-27T14:01:48.4762720Z 
2026-02-27T14:01:48.4763850Z copying elephant/signal_processing.py -> build/lib.macosx-10.9-universal2-cpython-314/elephant
2026-02-27T14:01:48.5182750Z         ********************************************************************************
2026-02-27T14:01:48.5183770Z creating build/lib.macosx-10.9-universal2-cpython-314/elephant/test
2026-02-27T14:01:48.5190990Z         ############################
2026-02-27T14:01:48.5192400Z copying elephant/test/test_sta.py -> build/lib.macosx-10.9-universal2-cpython-314/elephant/test
2026-02-27T14:01:48.5194590Z         # Package would be ignored #
2026-02-27T14:01:48.5201850Z copying elephant/test/test_spike_train_generation.py -> build/lib.macosx-10.9-universal2-cpython-314/elephant/test
2026-02-27T14:01:48.5204190Z         ############################
2026-02-27T14:01:48.5205090Z         Python recognizes 'elephant.asset' as an importable package[^1],
2026-02-27T14:01:48.5206340Z         but it is absent from setuptools' `packages` configuration.
2026-02-27T14:01:48.5207080Z 
2026-02-27T14:01:48.5208090Z         This leads to an ambiguous overall configuration. If you want to distribute this
2026-02-27T14:01:48.5209950Z         package, please make sure that 'elephant.asset' is explicitly added
2026-02-27T14:01:48.5211240Z         to the `packages` configuration field.
2026-02-27T14:01:48.5211720Z 
2026-02-27T14:01:48.5212200Z         Alternatively, you can also rely on setuptools' discovery methods
2026-02-27T14:01:48.5213740Z         (for example by using `find_namespace_packages(...)`/`find_namespace:`
2026-02-27T14:01:48.5214930Z         instead of `find_packages(...)`/`find:`).
2026-02-27T14:01:48.5215510Z 
2026-02-27T14:01:48.5216090Z         You can read more about "package discovery" on setuptools documentation page:
2026-02-27T14:01:48.5216930Z 
2026-02-27T14:01:48.5217470Z         - https://setuptools.pypa.io/en/latest/userguide/package_discovery.html
2026-02-27T14:01:48.5218160Z 
2026-02-27T14:01:48.5218560Z         If you don't want 'elephant.asset' to be distributed and are
2026-02-27T14:01:48.5219880Z         already explicitly excluding 'elephant.asset' via
2026-02-27T14:01:48.5221040Z         `find_namespace_packages(...)/find_namespace` or `find_packages(...)/find`,
2026-02-27T14:01:48.5222200Z         you can try to use `exclude_package_data`, or `include-package-data=False` in
2026-02-27T14:01:48.5223740Z         combination with a more fine grained `package-data` configuration.
2026-02-27T14:01:48.5224670Z 
2026-02-27T14:01:48.5225290Z         You can read more about "package data files" on setuptools documentation page:
2026-02-27T14:01:48.5226710Z 
2026-02-27T14:01:48.5227190Z         - https://setuptools.pypa.io/en/latest/userguide/datafiles.html
2026-02-27T14:01:48.5227850Z 
2026-02-27T14:01:48.5227860Z 
2026-02-27T14:01:48.5228490Z         [^1]: For Python, any directory (with suitable naming) can be imported,
2026-02-27T14:01:48.5229500Z               even if it does not contain any `.py` files.
2026-02-27T14:01:48.5230650Z               On the other hand, currently there is no concept of package data
2026-02-27T14:01:48.5231690Z               directory, all directories are treated like packages.
2026-02-27T14:01:48.5232790Z         ********************************************************************************
2026-02-27T14:01:48.5233410Z 
2026-02-27T14:01:48.5233780Z !!
2026-02-27T14:01:48.5234390Z   check.warn(importable)
2026-02-27T14:01:48.5236520Z /private/var/folders/x_/wstzc9d10r926lhsf8fsv7q80000gn/T/build-env-vxi79uif/lib/python3.14/site-packages/setuptools/command/build_py.py:215: _Warning: Package 'elephant.causality' is absent from the `packages` configuration.
2026-02-27T14:01:48.5238860Z !!
2026-02-27T14:01:48.5239340Z 
2026-02-27T14:01:48.5239700Z         ********************************************************************************
2026-02-27T14:01:48.5240710Z         ############################
2026-02-27T14:01:48.5241560Z         # Package would be ignored #
2026-02-27T14:01:48.5242460Z         ############################
2026-02-27T14:01:48.5243520Z         Python recognizes 'elephant.causality' as an importable package[^1],
2026-02-27T14:01:48.5244750Z         but it is absent from setuptools' `packages` configuration.
2026-02-27T14:01:48.5245380Z 
2026-02-27T14:01:48.5245870Z         This leads to an ambiguous overall configuration. If you want to distribute this
2026-02-27T14:01:48.5247200Z         package, please make sure that 'elephant.causality' is explicitly added
2026-02-27T14:01:48.5248370Z         to the `packages` configuration field.
2026-02-27T14:01:48.5248720Z 
2026-02-27T14:01:48.5249500Z         Alternatively, you can also rely on setuptools' discovery methods
2026-02-27T14:01:48.5256370Z         (for example by using `find_namespace_packages(...)`/`find_namespace:`
2026-02-27T14:01:48.5257480Z         instead of `find_packages(...)`/`find:`).
2026-02-27T14:01:48.5258190Z 
2026-02-27T14:01:48.5258760Z         You can read more about "package discovery" on setuptools documentation page:
2026-02-27T14:01:48.5259540Z 
2026-02-27T14:01:48.5260210Z         - https://setuptools.pypa.io/en/latest/userguide/package_discovery.html
2026-02-27T14:01:48.5260890Z 
2026-02-27T14:01:48.5261350Z         If you don't want 'elephant.causality' to be distributed and are
2026-02-27T14:01:48.5262600Z         already explicitly excluding 'elephant.causality' via
2026-02-27T14:01:48.5263550Z         `find_namespace_packages(...)/find_namespace` or `find_packages(...)/find`,
2026-02-27T14:01:48.5264470Z         you can try to use `exclude_package_data`, or `include-package-data=False` in
2026-02-27T14:01:48.5265370Z         combination with a more fine grained `package-data` configuration.
2026-02-27T14:01:48.5265890Z 
2026-02-27T14:01:48.5266260Z         You can read more about "package data files" on setuptools documentation page:
2026-02-27T14:01:48.5267160Z 
2026-02-27T14:01:48.5267750Z         - https://setuptools.pypa.io/en/latest/userguide/datafiles.html
2026-02-27T14:01:48.5268490Z 
2026-02-27T14:01:48.5268500Z 
2026-02-27T14:01:48.5269150Z         [^1]: For Python, any directory (with suitable naming) can be imported,
2026-02-27T14:01:48.5270010Z               even if it does not contain any `.py` files.
2026-02-27T14:01:48.5274670Z               On the other hand, currently there is no concept of package data
2026-02-27T14:01:48.5275420Z               directory, all directories are treated like packages.
2026-02-27T14:01:48.5276030Z         ********************************************************************************
2026-02-27T14:01:48.5276430Z 
2026-02-27T14:01:48.5276540Z !!
2026-02-27T14:01:48.5277500Z   check.warn(importable)
2026-02-27T14:01:48.5279770Z /private/var/folders/x_/wstzc9d10r926lhsf8fsv7q80000gn/T/build-env-vxi79uif/lib/python3.14/site-packages/setuptools/command/build_py.py:215: _Warning: Package 'elephant.current_source_density_src' is absent from the `packages` configuration.
2026-02-27T14:01:48.5282700Z !!
2026-02-27T14:01:48.5283250Z 
2026-02-27T14:01:48.5283440Z         ********************************************************************************
2026-02-27T14:01:48.5283930Z         ############################
2026-02-27T14:01:48.5284310Z         # Package would be ignored #
2026-02-27T14:01:48.5284700Z         ############################
2026-02-27T14:01:48.5285370Z         Python recognizes 'elephant.current_source_density_src' as an importable package[^1],
2026-02-27T14:01:48.5286220Z         but it is absent from setuptools' `packages` configuration.
2026-02-27T14:01:48.5286760Z 
2026-02-27T14:01:48.5287440Z         This leads to an ambiguous overall configuration. If you want to distribute this
2026-02-27T14:01:48.5288780Z         package, please make sure that 'elephant.current_source_density_src' is explicitly added
2026-02-27T14:01:48.5289690Z         to the `packages` configuration field.
2026-02-27T14:01:48.5290010Z 
2026-02-27T14:01:48.5290290Z         Alternatively, you can also rely on setuptools' discovery methods
2026-02-27T14:01:48.5291060Z         (for example by using `find_namespace_packages(...)`/`find_namespace:`
2026-02-27T14:01:48.5291700Z         instead of `find_packages(...)`/`find:`).
2026-02-27T14:01:48.5292020Z 
2026-02-27T14:01:48.5292420Z         You can read more about "package discovery" on setuptools documentation page:
2026-02-27T14:01:48.5292970Z 
2026-02-27T14:01:48.5293330Z         - https://setuptools.pypa.io/en/latest/userguide/package_discovery.html
2026-02-27T14:01:48.5294010Z 
2026-02-27T14:01:48.5294370Z         If you don't want 'elephant.current_source_density_src' to be distributed and are
2026-02-27T14:01:48.5296030Z         already explicitly excluding 'elephant.current_source_density_src' via
2026-02-27T14:01:48.5297280Z         `find_namespace_packages(...)/find_namespace` or `find_packages(...)/find`,
2026-02-27T14:01:48.5298260Z         you can try to use `exclude_package_data`, or `include-package-data=False` in
2026-02-27T14:01:48.5299460Z         combination with a more fine grained `package-data` configuration.
2026-02-27T14:01:48.5300010Z 
2026-02-27T14:01:48.5300510Z         You can read more about "package data files" on setuptools documentation page:
2026-02-27T14:01:48.5301290Z 
2026-02-27T14:01:48.5301730Z         - https://setuptools.pypa.io/en/latest/userguide/datafiles.html
2026-02-27T14:01:48.5302280Z 
2026-02-27T14:01:48.5302290Z 
2026-02-27T14:01:48.5302600Z         [^1]: For Python, any directory (with suitable naming) can be imported,
2026-02-27T14:01:48.5303560Z               even if it does not contain any `.py` files.
2026-02-27T14:01:48.5304580Z               On the other hand, currently there is no concept of package data
2026-02-27T14:01:48.5305630Z               directory, all directories are treated like packages.
2026-02-27T14:01:48.5306720Z         ********************************************************************************
2026-02-27T14:01:48.5307270Z 
2026-02-27T14:01:48.5307990Z !!
2026-02-27T14:01:48.5308620Z   check.warn(importable)
2026-02-27T14:01:48.5311410Z /private/var/folders/x_/wstzc9d10r926lhsf8fsv7q80000gn/T/build-env-vxi79uif/lib/python3.14/site-packages/setuptools/command/build_py.py:215: _Warning: Package 'elephant.functional_connectivity_src' is absent from the `packages` configuration.
2026-02-27T14:01:48.5314660Z !!
2026-02-27T14:01:48.5315270Z 
2026-02-27T14:01:48.5315800Z         ********************************************************************************
2026-02-27T14:01:48.5317150Z         ############################
2026-02-27T14:01:48.5318150Z         # Package would be ignored #
2026-02-27T14:01:48.5319710Z         ############################
2026-02-27T14:01:48.5321970Z         Python recognizes 'elephant.functional_connectivity_src' as an importable package[^1],
2026-02-27T14:01:48.5323810Z         but it is absent from setuptools' `packages` configuration.
2026-02-27T14:01:48.5324390Z 
2026-02-27T14:01:48.5324810Z         This leads to an ambiguous overall configuration. If you want to distribute this
2026-02-27T14:01:48.5325910Z         package, please make sure that 'elephant.functional_connectivity_src' is explicitly added
2026-02-27T14:01:48.5326780Z         to the `packages` configuration field.
2026-02-27T14:01:48.5327130Z 
2026-02-27T14:01:48.5327450Z         Alternatively, you can also rely on setuptools' discovery methods
2026-02-27T14:01:48.5328290Z         (for example by using `find_namespace_packages(...)`/`find_namespace:`
2026-02-27T14:01:48.5328990Z         instead of `find_packages(...)`/`find:`).
2026-02-27T14:01:48.5329350Z 
2026-02-27T14:01:48.5329730Z         You can read more about "package discovery" on setuptools documentation page:
2026-02-27T14:01:48.5330330Z 
2026-02-27T14:01:48.5330740Z         - https://setuptools.pypa.io/en/latest/userguide/package_discovery.html
2026-02-27T14:01:48.5331310Z 
2026-02-27T14:01:48.5331720Z         If you don't want 'elephant.functional_connectivity_src' to be distributed and are
2026-02-27T14:01:48.5332870Z         already explicitly excluding 'elephant.functional_connectivity_src' via
2026-02-27T14:01:48.5333780Z         `find_namespace_packages(...)/find_namespace` or `find_packages(...)/find`,
2026-02-27T14:01:48.5335020Z         you can try to use `exclude_package_data`, or `include-package-data=False` in
2026-02-27T14:01:48.5335910Z         combination with a more fine grained `package-data` configuration.
2026-02-27T14:01:48.5336430Z 
2026-02-27T14:01:48.5336800Z         You can read more about "package data files" on setuptools documentation page:
2026-02-27T14:01:48.5337390Z 
2026-02-27T14:01:48.5337710Z         - https://setuptools.pypa.io/en/latest/userguide/datafiles.html
2026-02-27T14:01:48.5338230Z 
2026-02-27T14:01:48.5338230Z 
2026-02-27T14:01:48.5339050Z         [^1]: For Python, any directory (with suitable naming) can be imported,
2026-02-27T14:01:48.5339780Z               even if it does not contain any `.py` files.
2026-02-27T14:01:48.5340450Z               On the other hand, currently there is no concept of package data
2026-02-27T14:01:48.5341180Z               directory, all directories are treated like packages.
2026-02-27T14:01:48.5341810Z         ********************************************************************************
2026-02-27T14:01:48.5342220Z 
2026-02-27T14:01:48.5342330Z !!
2026-02-27T14:01:48.5342600Z   check.warn(importable)
2026-02-27T14:01:48.5344380Z /private/var/folders/x_/wstzc9d10r926lhsf8fsv7q80000gn/T/build-env-vxi79uif/lib/python3.14/site-packages/setuptools/command/build_py.py:215: _Warning: Package 'elephant.gpfa' is absent from the `packages` configuration.
2026-02-27T14:01:48.5346040Z !!
2026-02-27T14:01:48.5346190Z 
2026-02-27T14:01:48.5346390Z         ********************************************************************************
2026-02-27T14:01:48.5346910Z         ############################
2026-02-27T14:01:48.5347320Z         # Package would be ignored #
2026-02-27T14:01:48.5347740Z         ############################
2026-02-27T14:01:48.5348290Z         Python recognizes 'elephant.gpfa' as an importable package[^1],
2026-02-27T14:01:48.5349030Z         but it is absent from setuptools' `packages` configuration.
2026-02-27T14:01:48.5349470Z 
2026-02-27T14:01:48.5349850Z         This leads to an ambiguous overall configuration. If you want to distribute this
2026-02-27T14:01:48.5350740Z         package, please make sure that 'elephant.gpfa' is explicitly added
2026-02-27T14:01:48.5351410Z         to the `packages` configuration field.
2026-02-27T14:01:48.5351740Z 
2026-02-27T14:01:48.5352050Z         Alternatively, you can also rely on setuptools' discovery methods
2026-02-27T14:01:48.5353000Z         (for example by using `find_namespace_packages(...)`/`find_namespace:`
2026-02-27T14:01:48.5354050Z         instead of `find_packages(...)`/`find:`).
2026-02-27T14:01:48.5354390Z 
2026-02-27T14:01:48.5354740Z         You can read more about "package discovery" on setuptools documentation page:
2026-02-27T14:01:48.5355290Z 
2026-02-27T14:01:48.5355750Z         - https://setuptools.pypa.io/en/latest/userguide/package_discovery.html
2026-02-27T14:01:48.5356350Z 
2026-02-27T14:01:48.5356610Z         If you don't want 'elephant.gpfa' to be distributed and are
2026-02-27T14:01:48.5357270Z         already explicitly excluding 'elephant.gpfa' via
2026-02-27T14:01:48.5358060Z         `find_namespace_packages(...)/find_namespace` or `find_packages(...)/find`,
2026-02-27T14:01:48.5359010Z         you can try to use `exclude_package_data`, or `include-package-data=False` in
2026-02-27T14:01:48.5359850Z         combination with a more fine grained `package-data` configuration.
2026-02-27T14:01:48.5360350Z 
2026-02-27T14:01:48.5360730Z         You can read more about "package data files" on setuptools documentation page:
2026-02-27T14:01:48.5361290Z 
2026-02-27T14:01:48.5361600Z         - https://setuptools.pypa.io/en/latest/userguide/datafiles.html
2026-02-27T14:01:48.5362080Z 
2026-02-27T14:01:48.5362080Z 
2026-02-27T14:01:48.5362380Z         [^1]: For Python, any directory (with suitable naming) can be imported,
2026-02-27T14:01:48.5363070Z               even if it does not contain any `.py` files.
2026-02-27T14:01:48.5363720Z               On the other hand, currently there is no concept of package data
2026-02-27T14:01:48.5364420Z               directory, all directories are treated like packages.
2026-02-27T14:01:48.5365020Z         ********************************************************************************
2026-02-27T14:01:48.5365410Z 
2026-02-27T14:01:48.5365510Z !!
2026-02-27T14:01:48.5365780Z   check.warn(importable)
2026-02-27T14:01:48.5368160Z /private/var/folders/x_/wstzc9d10r926lhsf8fsv7q80000gn/T/build-env-vxi79uif/lib/python3.14/site-packages/setuptools/command/build_py.py:215: _Warning: Package 'elephant.parallel' is absent from the `packages` configuration.
2026-02-27T14:01:48.5369860Z !!
2026-02-27T14:01:48.5370000Z 
2026-02-27T14:01:48.5370190Z         ********************************************************************************
2026-02-27T14:01:48.5370690Z         ############################
2026-02-27T14:01:48.5371080Z         # Package would be ignored #
2026-02-27T14:01:48.5371470Z         ############################
2026-02-27T14:01:48.5372050Z         Python recognizes 'elephant.parallel' as an importable package[^1],
2026-02-27T14:01:48.5372990Z         but it is absent from setuptools' `packages` configuration.
2026-02-27T14:01:48.5373430Z 
2026-02-27T14:01:48.5373830Z         This leads to an ambiguous overall configuration. If you want to distribute this
2026-02-27T14:01:48.5374760Z         package, please make sure that 'elephant.parallel' is explicitly added
2026-02-27T14:01:48.5375490Z         to the `packages` configuration field.
2026-02-27T14:01:48.5375850Z 
2026-02-27T14:01:48.5376160Z         Alternatively, you can also rely on setuptools' discovery methods
2026-02-27T14:01:48.5376980Z         (for example by using `find_namespace_packages(...)`/`find_namespace:`
2026-02-27T14:01:48.5377650Z         instead of `find_packages(...)`/`find:`).
2026-02-27T14:01:48.5377980Z 
2026-02-27T14:01:48.5378360Z         You can read more about "package discovery" on setuptools documentation page:
2026-02-27T14:01:48.5378920Z 
2026-02-27T14:01:48.5379280Z         - https://setuptools.pypa.io/en/latest/userguide/package_discovery.html
2026-02-27T14:01:48.5379840Z 
2026-02-27T14:01:48.5380210Z         If you don't want 'elephant.parallel' to be distributed and are
2026-02-27T14:01:48.5380920Z         already explicitly excluding 'elephant.parallel' via
2026-02-27T14:01:48.5381710Z         `find_namespace_packages(...)/find_namespace` or `find_packages(...)/find`,
2026-02-27T14:01:48.5382800Z         you can try to use `exclude_package_data`, or `include-package-data=False` in
2026-02-27T14:01:48.5384150Z         combination with a more fine grained `package-data` configuration.
2026-02-27T14:01:48.5384670Z 
2026-02-27T14:01:48.5385040Z         You can read more about "package data files" on setuptools documentation page:
2026-02-27T14:01:48.5385620Z 
2026-02-27T14:01:48.5385930Z         - https://setuptools.pypa.io/en/latest/userguide/datafiles.html
2026-02-27T14:01:48.5386430Z 
2026-02-27T14:01:48.5386440Z 
2026-02-27T14:01:48.5386750Z         [^1]: For Python, any directory (with suitable naming) can be imported,
2026-02-27T14:01:48.5387540Z               even if it does not contain any `.py` files.
2026-02-27T14:01:48.5388240Z               On the other hand, currently there is no concept of package data
2026-02-27T14:01:48.5389600Z               directory, all directories are treated like packages.
2026-02-27T14:01:48.5390260Z         ********************************************************************************
2026-02-27T14:01:48.5390660Z 
2026-02-27T14:01:48.5390780Z !!
2026-02-27T14:01:48.5391070Z   check.warn(importable)
2026-02-27T14:01:48.5392750Z /private/var/folders/x_/wstzc9d10r926lhsf8fsv7q80000gn/T/build-env-vxi79uif/lib/python3.14/site-packages/setuptools/command/build_py.py:215: _Warning: Package 'elephant.spade_src' is absent from the `packages` configuration.
2026-02-27T14:01:48.5394500Z !!
2026-02-27T14:01:48.5394640Z 
2026-02-27T14:01:48.5394850Z         ********************************************************************************
2026-02-27T14:01:48.5395370Z         ############################
2026-02-27T14:01:48.5395780Z         # Package would be ignored #
2026-02-27T14:01:48.5396190Z         ############################
2026-02-27T14:01:48.5396800Z         Python recognizes 'elephant.spade_src' as an importable package[^1],
2026-02-27T14:01:48.5397600Z         but it is absent from setuptools' `packages` configuration.
2026-02-27T14:01:48.5398040Z 
2026-02-27T14:01:48.5398430Z         This leads to an ambiguous overall configuration. If you want to distribute this
2026-02-27T14:01:48.5400120Z         package, please make sure that 'elephant.spade_src' is explicitly added
2026-02-27T14:01:48.5400920Z         to the `packages` configuration field.
2026-02-27T14:01:48.5401260Z 
2026-02-27T14:01:48.5401580Z         Alternatively, you can also rely on setuptools' discovery methods
2026-02-27T14:01:48.5402560Z         (for example by using `find_namespace_packages(...)`/`find_namespace:`
2026-02-27T14:01:48.5403270Z         instead of `find_packages(...)`/`find:`).
2026-02-27T14:01:48.5403620Z 
2026-02-27T14:01:48.5404000Z         You can read more about "package discovery" on setuptools documentation page:
2026-02-27T14:01:48.5404600Z 
2026-02-27T14:01:48.5404980Z         - https://setuptools.pypa.io/en/latest/userguide/package_discovery.html
2026-02-27T14:01:48.5405570Z 
2026-02-27T14:01:48.5405860Z         If you don't want 'elephant.spade_src' to be distributed and are
2026-02-27T14:01:48.5406610Z         already explicitly excluding 'elephant.spade_src' via
2026-02-27T14:01:48.5407540Z         `find_namespace_packages(...)/find_namespace` or `find_packages(...)/find`,
2026-02-27T14:01:48.5408480Z         you can try to use `exclude_package_data`, or `include-package-data=False` in
2026-02-27T14:01:48.5409390Z         combination with a more fine grained `package-data` configuration.
2026-02-27T14:01:48.5409910Z 
2026-02-27T14:01:48.5410300Z         You can read more about "package data files" on setuptools documentation page:
2026-02-27T14:01:48.5410900Z 
2026-02-27T14:01:48.5411220Z         - https://setuptools.pypa.io/en/latest/userguide/datafiles.html
2026-02-27T14:01:48.5411750Z 
2026-02-27T14:01:48.5411750Z 
2026-02-27T14:01:48.5412070Z         [^1]: For Python, any directory (with suitable naming) can be imported,
2026-02-27T14:01:48.5412810Z               even if it does not contain any `.py` files.
2026-02-27T14:01:48.5413510Z               On the other hand, currently there is no concept of package data
2026-02-27T14:01:48.5414760Z               directory, all directories are treated like packages.
2026-02-27T14:01:48.5415410Z         ********************************************************************************
2026-02-27T14:01:48.5415820Z 
2026-02-27T14:01:48.5415930Z !!
2026-02-27T14:01:48.5416220Z   check.warn(importable)
2026-02-27T14:01:48.5417990Z /private/var/folders/x_/wstzc9d10r926lhsf8fsv7q80000gn/T/build-env-vxi79uif/lib/python3.14/site-packages/setuptools/command/build_py.py:215: _Warning: Package 'elephant.spade_src.include' is absent from the `packages` configuration.
2026-02-27T14:01:48.5419850Z !!
2026-02-27T14:01:48.5420000Z 
2026-02-27T14:01:48.5420200Z         ********************************************************************************
2026-02-27T14:01:48.5420750Z         ############################
2026-02-27T14:01:48.5421170Z         # Package would be ignored #
2026-02-27T14:01:48.5421590Z         ############################
2026-02-27T14:01:48.5422290Z         Python recognizes 'elephant.spade_src.include' as an importable package[^1],
2026-02-27T14:01:48.5423330Z         but it is absent from setuptools' `packages` configuration.
2026-02-27T14:01:48.5423780Z 
2026-02-27T14:01:48.5424180Z         This leads to an ambiguous overall configuration. If you want to distribute this
2026-02-27T14:01:48.5425150Z         package, please make sure that 'elephant.spade_src.include' is explicitly added
2026-02-27T14:01:48.5425920Z         to the `packages` configuration field.
2026-02-27T14:01:48.5426250Z 
2026-02-27T14:01:48.5426560Z         Alternatively, you can also rely on setuptools' discovery methods
2026-02-27T14:01:48.5427390Z         (for example by using `find_namespace_packages(...)`/`find_namespace:`
2026-02-27T14:01:48.5428070Z         instead of `find_packages(...)`/`find:`).
2026-02-27T14:01:48.5428410Z 
2026-02-27T14:01:48.5428770Z         You can read more about "package discovery" on setuptools documentation page:
2026-02-27T14:01:48.5429340Z 
2026-02-27T14:01:48.5430080Z         - https://setuptools.pypa.io/en/latest/userguide/package_discovery.html
2026-02-27T14:01:48.5430670Z 
2026-02-27T14:01:48.5430990Z         If you don't want 'elephant.spade_src.include' to be distributed and are
2026-02-27T14:01:48.5431880Z         already explicitly excluding 'elephant.spade_src.include' via
2026-02-27T14:01:48.5433080Z         `find_namespace_packages(...)/find_namespace` or `find_packages(...)/find`,
2026-02-27T14:01:48.5434040Z         you can try to use `exclude_package_data`, or `include-package-data=False` in
2026-02-27T14:01:48.5434900Z         combination with a more fine grained `package-data` configuration.
2026-02-27T14:01:48.5435410Z 
2026-02-27T14:01:48.5435770Z         You can read more about "package data files" on setuptools documentation page:
2026-02-27T14:01:48.5436340Z 
2026-02-27T14:01:48.5436660Z         - https://setuptools.pypa.io/en/latest/userguide/datafiles.html
2026-02-27T14:01:48.5437150Z 
2026-02-27T14:01:48.5437150Z 
2026-02-27T14:01:48.5437460Z         [^1]: For Python, any directory (with suitable naming) can be imported,
2026-02-27T14:01:48.5438180Z               even if it does not contain any `.py` files.
2026-02-27T14:01:48.5438830Z               On the other hand, currently there is no concept of package data
2026-02-27T14:01:48.5439550Z               directory, all directories are treated like packages.
2026-02-27T14:01:48.5440160Z         ********************************************************************************
2026-02-27T14:01:48.5440560Z 
2026-02-27T14:01:48.5440680Z !!
2026-02-27T14:01:48.5440940Z   check.warn(importable)
2026-02-27T14:01:48.5442600Z /private/var/folders/x_/wstzc9d10r926lhsf8fsv7q80000gn/T/build-env-vxi79uif/lib/python3.14/site-packages/setuptools/command/build_py.py:215: _Warning: Package 'elephant.spade_src.src' is absent from the `packages` configuration.
2026-02-27T14:01:48.5444360Z !!
2026-02-27T14:01:48.5444500Z 
2026-02-27T14:01:48.5444690Z         ********************************************************************************
2026-02-27T14:01:48.5445670Z         ############################
2026-02-27T14:01:48.5446070Z         # Package would be ignored #
2026-02-27T14:01:48.5446460Z         ############################
2026-02-27T14:01:48.5447070Z         Python recognizes 'elephant.spade_src.src' as an importable package[^1],
2026-02-27T14:01:48.5447970Z         but it is absent from setuptools' `packages` configuration.
2026-02-27T14:01:48.5448430Z 
2026-02-27T14:01:48.5518130Z         This leads to an ambiguous overall configuration. If you want to distribute this
2026-02-27T14:01:48.5520680Z         package, please make sure that 'elephant.spade_src.src' is explicitly added
2026-02-27T14:01:48.5524830Z         to the `packages` configuration field.
2026-02-27T14:01:48.5525200Z 
2026-02-27T14:01:48.5525680Z         Alternatively, you can also rely on setuptools' discovery methods
2026-02-27T14:01:48.5527080Z         (for example by using `find_namespace_packages(...)`/`find_namespace:`
2026-02-27T14:01:48.5527880Z         instead of `find_packages(...)`/`find:`).
2026-02-27T14:01:48.5528560Z 
2026-02-27T14:01:48.5529070Z         You can read more about "package discovery" on setuptools documentation page:
2026-02-27T14:01:48.5530010Z 
2026-02-27T14:01:48.5530690Z         - https://setuptools.pypa.io/en/latest/userguide/package_discovery.html
2026-02-27T14:01:48.5531830Z 
2026-02-27T14:01:48.5532150Z         If you don't want 'elephant.spade_src.src' to be distributed and are
2026-02-27T14:01:48.5533260Z         already explicitly excluding 'elephant.spade_src.src' via
2026-02-27T14:01:48.5534530Z         `find_namespace_packages(...)/find_namespace` or `find_packages(...)/find`,
2026-02-27T14:01:48.5535620Z         you can try to use `exclude_package_data`, or `include-package-data=False` in
2026-02-27T14:01:48.5536830Z         combination with a more fine grained `package-data` configuration.
2026-02-27T14:01:48.5537860Z 
2026-02-27T14:01:48.5538650Z         You can read more about "package data files" on setuptools documentation page:
2026-02-27T14:01:48.5541230Z 
2026-02-27T14:01:48.5544600Z         - https://setuptools.pypa.io/en/latest/userguide/datafiles.html
2026-02-27T14:01:48.5549020Z 
2026-02-27T14:01:48.5549050Z 
2026-02-27T14:01:48.5550970Z         [^1]: For Python, any directory (with suitable naming) can be imported,
2026-02-27T14:01:48.5556530Z               even if it does not contain any `.py` files.
2026-02-27T14:01:48.5557980Z               On the other hand, currently there is no concept of package data
2026-02-27T14:01:48.5558730Z               directory, all directories are treated like packages.
2026-02-27T14:01:48.5559360Z         ********************************************************************************
2026-02-27T14:01:48.5560080Z 
2026-02-27T14:01:48.5560240Z !!
2026-02-27T14:01:48.5560540Z   check.warn(importable)
2026-02-27T14:01:48.5561410Z copying elephant/test/test_utils.py -> build/lib.macosx-10.9-universal2-cpython-314/elephant/test
2026-02-27T14:01:48.5563060Z copying elephant/test/test_statistics.py -> build/lib.macosx-10.9-universal2-cpython-314/elephant/test
2026-02-27T14:01:48.5565080Z copying elephant/test/test_cell_assembly_detection.py -> build/lib.macosx-10.9-universal2-cpython-314/elephant/test
2026-02-27T14:01:48.5567010Z copying elephant/test/test_gpfa.py -> build/lib.macosx-10.9-universal2-cpython-314/elephant/test
2026-02-27T14:01:48.5568340Z copying elephant/test/test_datasets.py -> build/lib.macosx-10.9-universal2-cpython-314/elephant/test
2026-02-27T14:01:48.5569810Z copying elephant/test/test_phase_analysis.py -> build/lib.macosx-10.9-universal2-cpython-314/elephant/test
2026-02-27T14:01:48.5574070Z copying elephant/test/test_spike_train_synchrony.py -> build/lib.macosx-10.9-universal2-cpython-314/elephant/test
2026-02-27T14:01:48.5580250Z copying elephant/test/test_total_spiking_probability_edges.py -> build/lib.macosx-10.9-universal2-cpython-314/elephant/test
2026-02-27T14:01:48.5582190Z copying elephant/test/test_signal_processing.py -> build/lib.macosx-10.9-universal2-cpython-314/elephant/test
2026-02-27T14:01:48.5584270Z copying elephant/test/__init__.py -> build/lib.macosx-10.9-universal2-cpython-314/elephant/test
2026-02-27T14:01:48.5585610Z copying elephant/test/test_spade.py -> build/lib.macosx-10.9-universal2-cpython-314/elephant/test
2026-02-27T14:01:48.5587020Z copying elephant/test/test_conversion.py -> build/lib.macosx-10.9-universal2-cpython-314/elephant/test
2026-02-27T14:01:48.5588330Z copying elephant/test/test_kernels.py -> build/lib.macosx-10.9-universal2-cpython-314/elephant/test
2026-02-27T14:01:48.5589660Z copying elephant/test/test_trials.py -> build/lib.macosx-10.9-universal2-cpython-314/elephant/test
2026-02-27T14:01:48.5591050Z copying elephant/test/test_parallel.py -> build/lib.macosx-10.9-universal2-cpython-314/elephant/test
2026-02-27T14:01:48.5592580Z copying elephant/test/test_unitary_event_analysis.py -> build/lib.macosx-10.9-universal2-cpython-314/elephant/test
2026-02-27T14:01:48.5594690Z copying elephant/test/test_cubic.py -> build/lib.macosx-10.9-universal2-cpython-314/elephant/test
2026-02-27T14:01:48.5596220Z copying elephant/test/test_icsd.py -> build/lib.macosx-10.9-universal2-cpython-314/elephant/test
2026-02-27T14:01:48.5598850Z copying elephant/test/test_neo_tools.py -> build/lib.macosx-10.9-universal2-cpython-314/elephant/test
2026-02-27T14:01:48.5600170Z copying elephant/test/test_asset.py -> build/lib.macosx-10.9-universal2-cpython-314/elephant/test
2026-02-27T14:01:48.5601370Z copying elephant/test/test_kcsd.py -> build/lib.macosx-10.9-universal2-cpython-314/elephant/test
2026-02-27T14:01:48.5602870Z copying elephant/test/test_current_source_density.py -> build/lib.macosx-10.9-universal2-cpython-314/elephant/test
2026-02-27T14:01:48.5604330Z copying elephant/test/make_spike_extraction_test_data.py -> build/lib.macosx-10.9-universal2-cpython-314/elephant/test
2026-02-27T14:01:48.5605700Z copying elephant/test/test_causality.py -> build/lib.macosx-10.9-universal2-cpython-314/elephant/test
2026-02-27T14:01:48.5611070Z copying elephant/test/test_spike_train_dissimilarity.py -> build/lib.macosx-10.9-universal2-cpython-314/elephant/test
2026-02-27T14:01:48.5613690Z copying elephant/test/test_change_point_detection.py -> build/lib.macosx-10.9-universal2-cpython-314/elephant/test
2026-02-27T14:01:48.5616740Z copying elephant/test/test_spike_train_correlation.py -> build/lib.macosx-10.9-universal2-cpython-314/elephant/test
2026-02-27T14:01:48.5618140Z copying elephant/test/test_waveform_features.py -> build/lib.macosx-10.9-universal2-cpython-314/elephant/test
2026-02-27T14:01:48.5620310Z copying elephant/test/test_spike_train_surrogates.py -> build/lib.macosx-10.9-universal2-cpython-314/elephant/test
2026-02-27T14:01:48.5633660Z copying elephant/test/test_spectral.py -> build/lib.macosx-10.9-universal2-cpython-314/elephant/test
2026-02-27T14:01:48.5634970Z running egg_info
2026-02-27T14:01:48.5635320Z writing elephant.egg-info/PKG-INFO
2026-02-27T14:01:48.5636220Z writing dependency_links to elephant.egg-info/dependency_links.txt
2026-02-27T14:01:48.5637150Z writing requirements to elephant.egg-info/requires.txt
2026-02-27T14:01:48.5637900Z writing top-level names to elephant.egg-info/top_level.txt
2026-02-27T14:01:48.5638720Z reading manifest file 'elephant.egg-info/SOURCES.txt'
2026-02-27T14:01:48.5639580Z reading manifest template 'MANIFEST.in'
2026-02-27T14:01:48.5640110Z adding license file 'LICENSE.txt'
2026-02-27T14:01:48.5640600Z writing manifest file 'elephant.egg-info/SOURCES.txt'
2026-02-27T14:01:48.5641890Z copying elephant/VERSION -> build/lib.macosx-10.9-universal2-cpython-314/elephant
2026-02-27T14:01:48.5645240Z creating build/lib.macosx-10.9-universal2-cpython-314/elephant/asset
2026-02-27T14:01:48.5649740Z copying elephant/asset/__init__.py -> build/lib.macosx-10.9-universal2-cpython-314/elephant/asset
2026-02-27T14:01:48.5651480Z copying elephant/asset/asset.py -> build/lib.macosx-10.9-universal2-cpython-314/elephant/asset
2026-02-27T14:01:48.5653810Z copying elephant/asset/joint_pmat.cl -> build/lib.macosx-10.9-universal2-cpython-314/elephant/asset
2026-02-27T14:01:48.5655540Z copying elephant/asset/joint_pmat.cu -> build/lib.macosx-10.9-universal2-cpython-314/elephant/asset
2026-02-27T14:01:48.5656820Z copying elephant/asset/joint_pmat_old.cu -> build/lib.macosx-10.9-universal2-cpython-314/elephant/asset
2026-02-27T14:01:48.5658140Z copying elephant/asset/pmat_neighbors.cl -> build/lib.macosx-10.9-universal2-cpython-314/elephant/asset
2026-02-27T14:01:48.5659460Z copying elephant/asset/pmat_neighbors.cu -> build/lib.macosx-10.9-universal2-cpython-314/elephant/asset
2026-02-27T14:01:48.5660580Z creating build/lib.macosx-10.9-universal2-cpython-314/elephant/causality
2026-02-27T14:01:48.5661780Z copying elephant/causality/__init__.py -> build/lib.macosx-10.9-universal2-cpython-314/elephant/causality
2026-02-27T14:01:48.5663110Z copying elephant/causality/granger.py -> build/lib.macosx-10.9-universal2-cpython-314/elephant/causality
2026-02-27T14:01:48.5664360Z creating build/lib.macosx-10.9-universal2-cpython-314/elephant/current_source_density_src
2026-02-27T14:01:48.5665830Z copying elephant/current_source_density_src/KCSD.py -> build/lib.macosx-10.9-universal2-cpython-314/elephant/current_source_density_src
2026-02-27T14:01:48.5667610Z copying elephant/current_source_density_src/README.md -> build/lib.macosx-10.9-universal2-cpython-314/elephant/current_source_density_src
2026-02-27T14:01:48.5670780Z copying elephant/current_source_density_src/__init__.py -> build/lib.macosx-10.9-universal2-cpython-314/elephant/current_source_density_src
2026-02-27T14:01:48.5673170Z copying elephant/current_source_density_src/basis_functions.py -> build/lib.macosx-10.9-universal2-cpython-314/elephant/current_source_density_src
2026-02-27T14:01:48.5678100Z copying elephant/current_source_density_src/icsd.py -> build/lib.macosx-10.9-universal2-cpython-314/elephant/current_source_density_src
2026-02-27T14:01:48.5680680Z copying elephant/current_source_density_src/test_data.mat -> build/lib.macosx-10.9-universal2-cpython-314/elephant/current_source_density_src
2026-02-27T14:01:48.5686010Z copying elephant/current_source_density_src/utility_functions.py -> build/lib.macosx-10.9-universal2-cpython-314/elephant/current_source_density_src
2026-02-27T14:01:48.5688280Z creating build/lib.macosx-10.9-universal2-cpython-314/elephant/functional_connectivity_src
2026-02-27T14:01:48.5690090Z copying elephant/functional_connectivity_src/total_spiking_probability_edges.py -> build/lib.macosx-10.9-universal2-cpython-314/elephant/functional_connectivity_src
2026-02-27T14:01:48.5692100Z creating build/lib.macosx-10.9-universal2-cpython-314/elephant/gpfa
2026-02-27T14:01:48.5694980Z copying elephant/gpfa/__init__.py -> build/lib.macosx-10.9-universal2-cpython-314/elephant/gpfa
2026-02-27T14:01:48.5696970Z copying elephant/gpfa/gpfa.py -> build/lib.macosx-10.9-universal2-cpython-314/elephant/gpfa
2026-02-27T14:01:48.5699000Z copying elephant/gpfa/gpfa_core.py -> build/lib.macosx-10.9-universal2-cpython-314/elephant/gpfa
2026-02-27T14:01:48.5703850Z copying elephant/gpfa/gpfa_util.py -> build/lib.macosx-10.9-universal2-cpython-314/elephant/gpfa
2026-02-27T14:01:48.5704980Z creating build/lib.macosx-10.9-universal2-cpython-314/elephant/parallel
2026-02-27T14:01:48.5720810Z copying elephant/parallel/__init__.py -> build/lib.macosx-10.9-universal2-cpython-314/elephant/parallel
2026-02-27T14:01:48.5722350Z copying elephant/parallel/mpi.py -> build/lib.macosx-10.9-universal2-cpython-314/elephant/parallel
2026-02-27T14:01:48.5723790Z copying elephant/parallel/parallel.py -> build/lib.macosx-10.9-universal2-cpython-314/elephant/parallel
2026-02-27T14:01:48.5725260Z creating build/lib.macosx-10.9-universal2-cpython-314/elephant/spade_src
2026-02-27T14:01:48.5726750Z copying elephant/spade_src/LICENSE -> build/lib.macosx-10.9-universal2-cpython-314/elephant/spade_src
2026-02-27T14:01:48.5728080Z copying elephant/spade_src/__init__.py -> build/lib.macosx-10.9-universal2-cpython-314/elephant/spade_src
2026-02-27T14:01:48.5731400Z copying elephant/spade_src/fast_fca.py -> build/lib.macosx-10.9-universal2-cpython-314/elephant/spade_src
2026-02-27T14:01:48.5733140Z creating build/lib.macosx-10.9-universal2-cpython-314/elephant/spade_src/include
2026-02-27T14:01:48.5734530Z copying elephant/spade_src/include/ClosedDetect.h -> build/lib.macosx-10.9-universal2-cpython-314/elephant/spade_src/include
2026-02-27T14:01:48.5739070Z copying elephant/spade_src/include/ClosedTree.h -> build/lib.macosx-10.9-universal2-cpython-314/elephant/spade_src/include
2026-02-27T14:01:48.5740710Z copying elephant/spade_src/include/Defines.h -> build/lib.macosx-10.9-universal2-cpython-314/elephant/spade_src/include
2026-02-27T14:01:48.5742330Z copying elephant/spade_src/include/FPGrowth.h -> build/lib.macosx-10.9-universal2-cpython-314/elephant/spade_src/include
2026-02-27T14:01:48.5746190Z copying elephant/spade_src/include/FPNode.h -> build/lib.macosx-10.9-universal2-cpython-314/elephant/spade_src/include
2026-02-27T14:01:48.5748150Z copying elephant/spade_src/include/FPTree.h -> build/lib.macosx-10.9-universal2-cpython-314/elephant/spade_src/include
2026-02-27T14:01:48.5751080Z copying elephant/spade_src/include/FrequencyRef.h -> build/lib.macosx-10.9-universal2-cpython-314/elephant/spade_src/include
2026-02-27T14:01:48.5755230Z copying elephant/spade_src/include/HeapAlloc.h -> build/lib.macosx-10.9-universal2-cpython-314/elephant/spade_src/include
2026-02-27T14:01:48.5757280Z copying elephant/spade_src/include/Logger.h -> build/lib.macosx-10.9-universal2-cpython-314/elephant/spade_src/include
2026-02-27T14:01:48.5759520Z copying elephant/spade_src/include/Memory.h -> build/lib.macosx-10.9-universal2-cpython-314/elephant/spade_src/include
2026-02-27T14:01:48.5761460Z copying elephant/spade_src/include/Pattern.h -> build/lib.macosx-10.9-universal2-cpython-314/elephant/spade_src/include
2026-02-27T14:01:48.5763810Z copying elephant/spade_src/include/SigTerm.h -> build/lib.macosx-10.9-universal2-cpython-314/elephant/spade_src/include
2026-02-27T14:01:48.5765520Z copying elephant/spade_src/include/Timer.h -> build/lib.macosx-10.9-universal2-cpython-314/elephant/spade_src/include
2026-02-27T14:01:48.5767930Z copying elephant/spade_src/include/Types.h -> build/lib.macosx-10.9-universal2-cpython-314/elephant/spade_src/include
2026-02-27T14:01:48.5769890Z copying elephant/spade_src/include/Utils.h -> build/lib.macosx-10.9-universal2-cpython-314/elephant/spade_src/include
2026-02-27T14:01:48.5771510Z creating build/lib.macosx-10.9-universal2-cpython-314/elephant/spade_src/src
2026-02-27T14:01:48.5772820Z copying elephant/spade_src/src/fim.cpp -> build/lib.macosx-10.9-universal2-cpython-314/elephant/spade_src/src
2026-02-27T14:01:48.5774380Z copying elephant/test/spike_extraction_test_data.txt -> build/lib.macosx-10.9-universal2-cpython-314/elephant/test
2026-02-27T14:01:48.5775570Z running build_ext
2026-02-27T14:01:48.5776120Z building 'elephant.spade_src.fim' extension
2026-02-27T14:01:48.5777110Z creating build/temp.macosx-10.9-universal2-cpython-314/elephant/spade_src/src
2026-02-27T14:01:48.5782550Z clang++ -stdlib=libc++ -I/usr/local/opt/llvm/include -I/usr/local/opt/libomp/include -arch arm64 -arch x86_64 -Ielephant/spade_src/include -I/private/var/folders/x_/wstzc9d10r926lhsf8fsv7q80000gn/T/build-env-vxi79uif/include -I/Library/Frameworks/Python.framework/Versions/3.14/include/python3.14 -c elephant/spade_src/src/fim.cpp -o build/temp.macosx-10.9-universal2-cpython-314/elephant/spade_src/src/fim.o -DMODULE_NAME=fim -DUSE_OPENMP -DWITH_SIG_TERM -Dfim_EXPORTS -O3 -pedantic -Wextra -Weffc++ -Wunused-result -Werror -Werror=return-type -Xpreprocessor -fopenmp -std=gnu++17
2026-02-27T14:01:50.0816970Z In file included from elephant/spade_src/src/fim.cpp:41:
2026-02-27T14:01:50.0817920Z elephant/spade_src/include/FPGrowth.h:47:10: fatal error: 'experimental/vector' file not found
2026-02-27T14:01:50.0818690Z    47 | #include <experimental/vector>
2026-02-27T14:01:50.0819090Z       |          ^~~~~~~~~~~~~~~~~~~~~
2026-02-27T14:01:50.1189980Z 1 error generated.
2026-02-27T14:01:50.1277910Z warning: build_ext: building extension "elephant.spade_src.fim" failed: command '/usr/local/opt/llvm/bin/clang++' failed with exit code 1
2026-02-27T14:01:50.1279890Z 
2026-02-27T14:01:50.1337600Z installing to build/bdist.macosx-10.9-universal2/wheel
2026-02-27T14:01:50.1338180Z running install
2026-02-27T14:01:50.1443330Z running install_lib
2026-02-27T14:01:50.1505520Z creating build/bdist.macosx-10.9-universal2/wheel
2026-02-27T14:01:50.1509240Z creating build/bdist.macosx-10.9-universal2/wheel/elephant
2026-02-27T14:01:50.1512320Z copying build/lib.macosx-10.9-universal2-cpython-314/elephant/current_source_density.py -> build/bdist.macosx-10.9-universal2/wheel/./elephant
2026-02-27T14:01:50.1516920Z creating build/bdist.macosx-10.9-universal2/wheel/elephant/causality
2026-02-27T14:01:50.1519140Z copying build/lib.macosx-10.9-universal2-cpython-314/elephant/causality/granger.py -> build/bdist.macosx-10.9-universal2/wheel/./elephant/causality
2026-02-27T14:01:50.1524290Z copying build/lib.macosx-10.9-universal2-cpython-314/elephant/causality/__init__.py -> build/bdist.macosx-10.9-universal2/wheel/./elephant/causality
2026-02-27T14:01:50.1526830Z copying build/lib.macosx-10.9-universal2-cpython-314/elephant/trials.py -> build/bdist.macosx-10.9-universal2/wheel/./elephant
2026-02-27T14:01:50.1530990Z copying build/lib.macosx-10.9-universal2-cpython-314/elephant/neo_tools.py -> build/bdist.macosx-10.9-universal2/wheel/./elephant
2026-02-27T14:01:50.1535480Z creating build/bdist.macosx-10.9-universal2/wheel/elephant/parallel
2026-02-27T14:01:50.1537910Z copying build/lib.macosx-10.9-universal2-cpython-314/elephant/parallel/__init__.py -> build/bdist.macosx-10.9-universal2/wheel/./elephant/parallel
2026-02-27T14:01:50.1542070Z copying build/lib.macosx-10.9-universal2-cpython-314/elephant/parallel/mpi.py -> build/bdist.macosx-10.9-universal2/wheel/./elephant/parallel
2026-02-27T14:01:50.1546350Z copying build/lib.macosx-10.9-universal2-cpython-314/elephant/parallel/parallel.py -> build/bdist.macosx-10.9-universal2/wheel/./elephant/parallel
2026-02-27T14:01:50.1556460Z copying build/lib.macosx-10.9-universal2-cpython-314/elephant/cubic.py -> build/bdist.macosx-10.9-universal2/wheel/./elephant
2026-02-27T14:01:50.1559530Z copying build/lib.macosx-10.9-universal2-cpython-314/elephant/unitary_event_analysis.py -> build/bdist.macosx-10.9-universal2/wheel/./elephant
2026-02-27T14:01:50.1564130Z creating build/bdist.macosx-10.9-universal2/wheel/elephant/asset
2026-02-27T14:01:50.1567110Z copying build/lib.macosx-10.9-universal2-cpython-314/elephant/asset/pmat_neighbors.cu -> build/bdist.macosx-10.9-universal2/wheel/./elephant/asset
2026-02-27T14:01:50.1570900Z copying build/lib.macosx-10.9-universal2-cpython-314/elephant/asset/asset.py -> build/bdist.macosx-10.9-universal2/wheel/./elephant/asset
2026-02-27T14:01:50.1576660Z copying build/lib.macosx-10.9-universal2-cpython-314/elephant/asset/__init__.py -> build/bdist.macosx-10.9-universal2/wheel/./elephant/asset
2026-02-27T14:01:50.1581920Z copying build/lib.macosx-10.9-universal2-cpython-314/elephant/asset/joint_pmat.cl -> build/bdist.macosx-10.9-universal2/wheel/./elephant/asset
2026-02-27T14:01:50.1586200Z copying build/lib.macosx-10.9-universal2-cpython-314/elephant/asset/pmat_neighbors.cl -> build/bdist.macosx-10.9-universal2/wheel/./elephant/asset
2026-02-27T14:01:50.1590560Z copying build/lib.macosx-10.9-universal2-cpython-314/elephant/asset/joint_pmat_old.cu -> build/bdist.macosx-10.9-universal2/wheel/./elephant/asset
2026-02-27T14:01:50.1602670Z copying build/lib.macosx-10.9-universal2-cpython-314/elephant/asset/joint_pmat.cu -> build/bdist.macosx-10.9-universal2/wheel/./elephant/asset
2026-02-27T14:01:50.1605510Z creating build/bdist.macosx-10.9-universal2/wheel/elephant/test
2026-02-27T14:01:50.1608300Z copying build/lib.macosx-10.9-universal2-cpython-314/elephant/test/test_sta.py -> build/bdist.macosx-10.9-universal2/wheel/./elephant/test
2026-02-27T14:01:50.1611910Z copying build/lib.macosx-10.9-universal2-cpython-314/elephant/test/test_spike_train_generation.py -> build/bdist.macosx-10.9-universal2/wheel/./elephant/test
2026-02-27T14:01:50.1617340Z copying build/lib.macosx-10.9-universal2-cpython-314/elephant/test/test_utils.py -> build/bdist.macosx-10.9-universal2/wheel/./elephant/test
2026-02-27T14:01:50.2617700Z copying build/lib.macosx-10.9-universal2-cpython-314/elephant/test/test_statistics.py -> build/bdist.macosx-10.9-universal2/wheel/./elephant/test
2026-02-27T14:01:50.3167140Z copying build/lib.macosx-10.9-universal2-cpython-314/elephant/test/test_cell_assembly_detection.py -> build/bdist.macosx-10.9-universal2/wheel/./elephant/test
2026-02-27T14:01:50.3170240Z copying build/lib.macosx-10.9-universal2-cpython-314/elephant/test/test_gpfa.py -> build/bdist.macosx-10.9-universal2/wheel/./elephant/test
2026-02-27T14:01:50.3173110Z copying build/lib.macosx-10.9-universal2-cpython-314/elephant/test/test_datasets.py -> build/bdist.macosx-10.9-universal2/wheel/./elephant/test
2026-02-27T14:01:50.3175920Z copying build/lib.macosx-10.9-universal2-cpython-314/elephant/test/test_phase_analysis.py -> build/bdist.macosx-10.9-universal2/wheel/./elephant/test
2026-02-27T14:01:50.3178920Z copying build/lib.macosx-10.9-universal2-cpython-314/elephant/test/test_spike_train_synchrony.py -> build/bdist.macosx-10.9-universal2/wheel/./elephant/test
2026-02-27T14:01:50.3182440Z copying build/lib.macosx-10.9-universal2-cpython-314/elephant/test/spike_extraction_test_data.txt -> build/bdist.macosx-10.9-universal2/wheel/./elephant/test
2026-02-27T14:01:50.3185550Z copying build/lib.macosx-10.9-universal2-cpython-314/elephant/test/test_total_spiking_probability_edges.py -> build/bdist.macosx-10.9-universal2/wheel/./elephant/test
2026-02-27T14:01:50.3188410Z copying build/lib.macosx-10.9-universal2-cpython-314/elephant/test/test_signal_processing.py -> build/bdist.macosx-10.9-universal2/wheel/./elephant/test
2026-02-27T14:01:50.3191470Z copying build/lib.macosx-10.9-universal2-cpython-314/elephant/test/__init__.py -> build/bdist.macosx-10.9-universal2/wheel/./elephant/test
2026-02-27T14:01:50.3194710Z copying build/lib.macosx-10.9-universal2-cpython-314/elephant/test/test_spade.py -> build/bdist.macosx-10.9-universal2/wheel/./elephant/test
2026-02-27T14:01:50.3557700Z copying build/lib.macosx-10.9-universal2-cpython-314/elephant/test/test_conversion.py -> build/bdist.macosx-10.9-universal2/wheel/./elephant/test
2026-02-27T14:01:50.3566220Z copying build/lib.macosx-10.9-universal2-cpython-314/elephant/test/test_kernels.py -> build/bdist.macosx-10.9-universal2/wheel/./elephant/test
2026-02-27T14:01:50.3568400Z copying build/lib.macosx-10.9-universal2-cpython-314/elephant/test/test_trials.py -> build/bdist.macosx-10.9-universal2/wheel/./elephant/test
2026-02-27T14:01:50.3837220Z copying build/lib.macosx-10.9-universal2-cpython-314/elephant/test/test_parallel.py -> build/bdist.macosx-10.9-universal2/wheel/./elephant/test
2026-02-27T14:01:50.3877820Z copying build/lib.macosx-10.9-universal2-cpython-314/elephant/test/test_unitary_event_analysis.py -> build/bdist.macosx-10.9-universal2/wheel/./elephant/test
2026-02-27T14:01:50.3879830Z copying build/lib.macosx-10.9-universal2-cpython-314/elephant/test/test_cubic.py -> build/bdist.macosx-10.9-universal2/wheel/./elephant/test
2026-02-27T14:01:50.3882140Z copying build/lib.macosx-10.9-universal2-cpython-314/elephant/test/test_icsd.py -> build/bdist.macosx-10.9-universal2/wheel/./elephant/test
2026-02-27T14:01:50.3883940Z copying build/lib.macosx-10.9-universal2-cpython-314/elephant/test/test_neo_tools.py -> build/bdist.macosx-10.9-universal2/wheel/./elephant/test
2026-02-27T14:01:50.3885730Z copying build/lib.macosx-10.9-universal2-cpython-314/elephant/test/test_asset.py -> build/bdist.macosx-10.9-universal2/wheel/./elephant/test
2026-02-27T14:01:50.3887520Z copying build/lib.macosx-10.9-universal2-cpython-314/elephant/test/test_kcsd.py -> build/bdist.macosx-10.9-universal2/wheel/./elephant/test
2026-02-27T14:01:50.3890040Z copying build/lib.macosx-10.9-universal2-cpython-314/elephant/test/test_current_source_density.py -> build/bdist.macosx-10.9-universal2/wheel/./elephant/test
2026-02-27T14:01:50.3892210Z copying build/lib.macosx-10.9-universal2-cpython-314/elephant/test/make_spike_extraction_test_data.py -> build/bdist.macosx-10.9-universal2/wheel/./elephant/test
2026-02-27T14:01:50.3894840Z copying build/lib.macosx-10.9-universal2-cpython-314/elephant/test/test_causality.py -> build/bdist.macosx-10.9-universal2/wheel/./elephant/test
2026-02-27T14:01:50.3897400Z copying build/lib.macosx-10.9-universal2-cpython-314/elephant/test/test_spike_train_dissimilarity.py -> build/bdist.macosx-10.9-universal2/wheel/./elephant/test
2026-02-27T14:01:50.3900050Z copying build/lib.macosx-10.9-universal2-cpython-314/elephant/test/test_change_point_detection.py -> build/bdist.macosx-10.9-universal2/wheel/./elephant/test
2026-02-27T14:01:50.3902260Z copying build/lib.macosx-10.9-universal2-cpython-314/elephant/test/test_spike_train_correlation.py -> build/bdist.macosx-10.9-universal2/wheel/./elephant/test
2026-02-27T14:01:50.3904660Z copying build/lib.macosx-10.9-universal2-cpython-314/elephant/test/test_waveform_features.py -> build/bdist.macosx-10.9-universal2/wheel/./elephant/test
2026-02-27T14:01:50.3906840Z copying build/lib.macosx-10.9-universal2-cpython-314/elephant/test/test_spike_train_surrogates.py -> build/bdist.macosx-10.9-universal2/wheel/./elephant/test
2026-02-27T14:01:50.3908960Z copying build/lib.macosx-10.9-universal2-cpython-314/elephant/test/test_spectral.py -> build/bdist.macosx-10.9-universal2/wheel/./elephant/test
2026-02-27T14:01:50.3910430Z creating build/bdist.macosx-10.9-universal2/wheel/elephant/spade_src
2026-02-27T14:01:50.3911900Z copying build/lib.macosx-10.9-universal2-cpython-314/elephant/spade_src/LICENSE -> build/bdist.macosx-10.9-universal2/wheel/./elephant/spade_src
2026-02-27T14:01:50.3913430Z creating build/bdist.macosx-10.9-universal2/wheel/elephant/spade_src/include
2026-02-27T14:01:50.3915070Z copying build/lib.macosx-10.9-universal2-cpython-314/elephant/spade_src/include/FPNode.h -> build/bdist.macosx-10.9-universal2/wheel/./elephant/spade_src/include
2026-02-27T14:01:50.3918140Z copying build/lib.macosx-10.9-universal2-cpython-314/elephant/spade_src/include/FPTree.h -> build/bdist.macosx-10.9-universal2/wheel/./elephant/spade_src/include
2026-02-27T14:01:50.3920650Z copying build/lib.macosx-10.9-universal2-cpython-314/elephant/spade_src/include/Utils.h -> build/bdist.macosx-10.9-universal2/wheel/./elephant/spade_src/include
2026-02-27T14:01:50.3922950Z copying build/lib.macosx-10.9-universal2-cpython-314/elephant/spade_src/include/HeapAlloc.h -> build/bdist.macosx-10.9-universal2/wheel/./elephant/spade_src/include
2026-02-27T14:01:50.3925310Z copying build/lib.macosx-10.9-universal2-cpython-314/elephant/spade_src/include/FrequencyRef.h -> build/bdist.macosx-10.9-universal2/wheel/./elephant/spade_src/include
2026-02-27T14:01:50.3927640Z copying build/lib.macosx-10.9-universal2-cpython-314/elephant/spade_src/include/Types.h -> build/bdist.macosx-10.9-universal2/wheel/./elephant/spade_src/include
2026-02-27T14:01:50.3929940Z copying build/lib.macosx-10.9-universal2-cpython-314/elephant/spade_src/include/FPGrowth.h -> build/bdist.macosx-10.9-universal2/wheel/./elephant/spade_src/include
2026-02-27T14:01:50.3932270Z copying build/lib.macosx-10.9-universal2-cpython-314/elephant/spade_src/include/Pattern.h -> build/bdist.macosx-10.9-universal2/wheel/./elephant/spade_src/include
2026-02-27T14:01:50.3934590Z copying build/lib.macosx-10.9-universal2-cpython-314/elephant/spade_src/include/Defines.h -> build/bdist.macosx-10.9-universal2/wheel/./elephant/spade_src/include
2026-02-27T14:01:50.3936860Z copying build/lib.macosx-10.9-universal2-cpython-314/elephant/spade_src/include/Timer.h -> build/bdist.macosx-10.9-universal2/wheel/./elephant/spade_src/include
2026-02-27T14:01:50.3939130Z copying build/lib.macosx-10.9-universal2-cpython-314/elephant/spade_src/include/Memory.h -> build/bdist.macosx-10.9-universal2/wheel/./elephant/spade_src/include
2026-02-27T14:01:50.3941400Z copying build/lib.macosx-10.9-universal2-cpython-314/elephant/spade_src/include/SigTerm.h -> build/bdist.macosx-10.9-universal2/wheel/./elephant/spade_src/include
2026-02-27T14:01:50.3944000Z copying build/lib.macosx-10.9-universal2-cpython-314/elephant/spade_src/include/Logger.h -> build/bdist.macosx-10.9-universal2/wheel/./elephant/spade_src/include
2026-02-27T14:01:50.3946410Z copying build/lib.macosx-10.9-universal2-cpython-314/elephant/spade_src/include/ClosedTree.h -> build/bdist.macosx-10.9-universal2/wheel/./elephant/spade_src/include
2026-02-27T14:01:50.3948890Z copying build/lib.macosx-10.9-universal2-cpython-314/elephant/spade_src/include/ClosedDetect.h -> build/bdist.macosx-10.9-universal2/wheel/./elephant/spade_src/include
2026-02-27T14:01:50.3951510Z copying build/lib.macosx-10.9-universal2-cpython-314/elephant/spade_src/__init__.py -> build/bdist.macosx-10.9-universal2/wheel/./elephant/spade_src
2026-02-27T14:01:50.3954240Z copying build/lib.macosx-10.9-universal2-cpython-314/elephant/spade_src/fast_fca.py -> build/bdist.macosx-10.9-universal2/wheel/./elephant/spade_src
2026-02-27T14:01:50.3955870Z creating build/bdist.macosx-10.9-universal2/wheel/elephant/spade_src/src
2026-02-27T14:01:50.3957710Z copying build/lib.macosx-10.9-universal2-cpython-314/elephant/spade_src/src/fim.cpp -> build/bdist.macosx-10.9-universal2/wheel/./elephant/spade_src/src
2026-02-27T14:01:50.3960060Z copying build/lib.macosx-10.9-universal2-cpython-314/elephant/sta.py -> build/bdist.macosx-10.9-universal2/wheel/./elephant
2026-02-27T14:01:50.3961950Z copying build/lib.macosx-10.9-universal2-cpython-314/elephant/spike_train_surrogates.py -> build/bdist.macosx-10.9-universal2/wheel/./elephant
2026-02-27T14:01:50.3963610Z creating build/bdist.macosx-10.9-universal2/wheel/elephant/functional_connectivity_src
2026-02-27T14:01:50.3965840Z copying build/lib.macosx-10.9-universal2-cpython-314/elephant/functional_connectivity_src/total_spiking_probability_edges.py -> build/bdist.macosx-10.9-universal2/wheel/./elephant/functional_connectivity_src
2026-02-27T14:01:50.3968440Z copying build/lib.macosx-10.9-universal2-cpython-314/elephant/cell_assembly_detection.py -> build/bdist.macosx-10.9-universal2/wheel/./elephant
2026-02-27T14:01:50.3970890Z copying build/lib.macosx-10.9-universal2-cpython-314/elephant/conversion.py -> build/bdist.macosx-10.9-universal2/wheel/./elephant
2026-02-27T14:01:50.3973260Z copying build/lib.macosx-10.9-universal2-cpython-314/elephant/datasets.py -> build/bdist.macosx-10.9-universal2/wheel/./elephant
2026-02-27T14:01:50.3975290Z copying build/lib.macosx-10.9-universal2-cpython-314/elephant/waveform_features.py -> build/bdist.macosx-10.9-universal2/wheel/./elephant
2026-02-27T14:01:50.3976670Z creating build/bdist.macosx-10.9-universal2/wheel/elephant/gpfa
2026-02-27T14:01:50.3978010Z copying build/lib.macosx-10.9-universal2-cpython-314/elephant/gpfa/gpfa.py -> build/bdist.macosx-10.9-universal2/wheel/./elephant/gpfa
2026-02-27T14:01:50.3979920Z copying build/lib.macosx-10.9-universal2-cpython-314/elephant/gpfa/gpfa_util.py -> build/bdist.macosx-10.9-universal2/wheel/./elephant/gpfa
2026-02-27T14:01:50.3981890Z copying build/lib.macosx-10.9-universal2-cpython-314/elephant/gpfa/gpfa_core.py -> build/bdist.macosx-10.9-universal2/wheel/./elephant/gpfa
2026-02-27T14:01:50.3983820Z copying build/lib.macosx-10.9-universal2-cpython-314/elephant/gpfa/__init__.py -> build/bdist.macosx-10.9-universal2/wheel/./elephant/gpfa
2026-02-27T14:01:50.3985630Z copying build/lib.macosx-10.9-universal2-cpython-314/elephant/__init__.py -> build/bdist.macosx-10.9-universal2/wheel/./elephant
2026-02-27T14:01:50.3987560Z copying build/lib.macosx-10.9-universal2-cpython-314/elephant/spike_train_dissimilarity.py -> build/bdist.macosx-10.9-universal2/wheel/./elephant
2026-02-27T14:01:50.3989630Z copying build/lib.macosx-10.9-universal2-cpython-314/elephant/change_point_detection.py -> build/bdist.macosx-10.9-universal2/wheel/./elephant
2026-02-27T14:01:50.3991620Z copying build/lib.macosx-10.9-universal2-cpython-314/elephant/spike_train_synchrony.py -> build/bdist.macosx-10.9-universal2/wheel/./elephant
2026-02-27T14:01:50.3993640Z copying build/lib.macosx-10.9-universal2-cpython-314/elephant/functional_connectivity.py -> build/bdist.macosx-10.9-universal2/wheel/./elephant
2026-02-27T14:01:50.3996050Z copying build/lib.macosx-10.9-universal2-cpython-314/elephant/VERSION -> build/bdist.macosx-10.9-universal2/wheel/./elephant
2026-02-27T14:01:50.3997790Z copying build/lib.macosx-10.9-universal2-cpython-314/elephant/utils.py -> build/bdist.macosx-10.9-universal2/wheel/./elephant
2026-02-27T14:01:50.3999660Z copying build/lib.macosx-10.9-universal2-cpython-314/elephant/spike_train_correlation.py -> build/bdist.macosx-10.9-universal2/wheel/./elephant
2026-02-27T14:01:50.4001210Z creating build/bdist.macosx-10.9-universal2/wheel/elephant/current_source_density_src
2026-02-27T14:01:50.4003150Z copying build/lib.macosx-10.9-universal2-cpython-314/elephant/current_source_density_src/utility_functions.py -> build/bdist.macosx-10.9-universal2/wheel/./elephant/current_source_density_src
2026-02-27T14:01:50.4005900Z copying build/lib.macosx-10.9-universal2-cpython-314/elephant/current_source_density_src/test_data.mat -> build/bdist.macosx-10.9-universal2/wheel/./elephant/current_source_density_src
2026-02-27T14:01:50.4008540Z copying build/lib.macosx-10.9-universal2-cpython-314/elephant/current_source_density_src/__init__.py -> build/bdist.macosx-10.9-universal2/wheel/./elephant/current_source_density_src
2026-02-27T14:01:50.4011180Z copying build/lib.macosx-10.9-universal2-cpython-314/elephant/current_source_density_src/README.md -> build/bdist.macosx-10.9-universal2/wheel/./elephant/current_source_density_src
2026-02-27T14:01:50.4013930Z copying build/lib.macosx-10.9-universal2-cpython-314/elephant/current_source_density_src/KCSD.py -> build/bdist.macosx-10.9-universal2/wheel/./elephant/current_source_density_src
2026-02-27T14:01:50.4017520Z copying build/lib.macosx-10.9-universal2-cpython-314/elephant/current_source_density_src/icsd.py -> build/bdist.macosx-10.9-universal2/wheel/./elephant/current_source_density_src
2026-02-27T14:01:50.4021860Z copying build/lib.macosx-10.9-universal2-cpython-314/elephant/current_source_density_src/basis_functions.py -> build/bdist.macosx-10.9-universal2/wheel/./elephant/current_source_density_src
2026-02-27T14:01:50.4024610Z copying build/lib.macosx-10.9-universal2-cpython-314/elephant/spike_train_generation.py -> build/bdist.macosx-10.9-universal2/wheel/./elephant
2026-02-27T14:01:50.4026570Z copying build/lib.macosx-10.9-universal2-cpython-314/elephant/kernels.py -> build/bdist.macosx-10.9-universal2/wheel/./elephant
2026-02-27T14:01:50.4028480Z copying build/lib.macosx-10.9-universal2-cpython-314/elephant/spectral.py -> build/bdist.macosx-10.9-universal2/wheel/./elephant
2026-02-27T14:01:50.4030660Z copying build/lib.macosx-10.9-universal2-cpython-314/elephant/statistics.py -> build/bdist.macosx-10.9-universal2/wheel/./elephant
2026-02-27T14:01:50.4032590Z copying build/lib.macosx-10.9-universal2-cpython-314/elephant/phase_analysis.py -> build/bdist.macosx-10.9-universal2/wheel/./elephant
2026-02-27T14:01:50.4034440Z copying build/lib.macosx-10.9-universal2-cpython-314/elephant/spade.py -> build/bdist.macosx-10.9-universal2/wheel/./elephant
2026-02-27T14:01:50.4036350Z copying build/lib.macosx-10.9-universal2-cpython-314/elephant/signal_processing.py -> build/bdist.macosx-10.9-universal2/wheel/./elephant
2026-02-27T14:01:50.4037600Z running install_egg_info
2026-02-27T14:01:50.4038440Z Copying elephant.egg-info to build/bdist.macosx-10.9-universal2/wheel/./elephant-1.2.0-py3.14.egg-info
2026-02-27T14:01:50.4039400Z running install_scripts
2026-02-27T14:01:50.4040070Z creating build/bdist.macosx-10.9-universal2/wheel/elephant-1.2.0.dist-info/WHEEL
2026-02-27T14:01:50.4042510Z creating '/private/var/folders/x_/wstzc9d10r926lhsf8fsv7q80000gn/T/cibw-run-xcdesx4q/cp314-macosx_universal2/built_wheel/.tmp-v4skwwr3/elephant-1.2.0-cp314-cp314-macosx_11_0_universal2.whl' and adding 'build/bdist.macosx-10.9-universal2/wheel' to it
2026-02-27T14:01:50.4044680Z adding 'elephant/VERSION'
2026-02-27T14:01:50.4045100Z adding 'elephant/__init__.py'
2026-02-27T14:01:50.4045580Z adding 'elephant/cell_assembly_detection.py'
2026-02-27T14:01:50.4046600Z adding 'elephant/change_point_detection.py'
2026-02-27T14:01:50.4047150Z adding 'elephant/conversion.py'
2026-02-27T14:01:50.4047600Z adding 'elephant/cubic.py'
2026-02-27T14:01:50.4048040Z adding 'elephant/current_source_density.py'
2026-02-27T14:01:50.4048570Z adding 'elephant/datasets.py'
2026-02-27T14:01:50.4049050Z adding 'elephant/functional_connectivity.py'
2026-02-27T14:01:50.4049580Z adding 'elephant/kernels.py'
2026-02-27T14:01:50.4050010Z adding 'elephant/neo_tools.py'
2026-02-27T14:01:50.4050460Z adding 'elephant/phase_analysis.py'
2026-02-27T14:01:50.4050960Z adding 'elephant/signal_processing.py'
2026-02-27T14:01:50.4051460Z adding 'elephant/spade.py'
2026-02-27T14:01:50.4051880Z adding 'elephant/spectral.py'
2026-02-27T14:01:50.4052390Z adding 'elephant/spike_train_correlation.py'
2026-02-27T14:01:50.4053120Z adding 'elephant/spike_train_dissimilarity.py'
2026-02-27T14:01:50.4053680Z adding 'elephant/spike_train_generation.py'
2026-02-27T14:01:50.4054230Z adding 'elephant/spike_train_surrogates.py'
2026-02-27T14:01:50.4054760Z adding 'elephant/spike_train_synchrony.py'
2026-02-27T14:01:50.4055260Z adding 'elephant/sta.py'
2026-02-27T14:01:50.4055660Z adding 'elephant/statistics.py'
2026-02-27T14:01:50.4056100Z adding 'elephant/trials.py'
2026-02-27T14:01:50.4056550Z adding 'elephant/unitary_event_analysis.py'
2026-02-27T14:01:50.4057050Z adding 'elephant/utils.py'
2026-02-27T14:01:50.4057480Z adding 'elephant/waveform_features.py'
2026-02-27T14:01:50.4057960Z adding 'elephant/asset/__init__.py'
2026-02-27T14:01:50.4058430Z adding 'elephant/asset/asset.py'
2026-02-27T14:01:50.4058880Z adding 'elephant/asset/joint_pmat.cl'
2026-02-27T14:01:50.4059360Z adding 'elephant/asset/joint_pmat.cu'
2026-02-27T14:01:50.4059850Z adding 'elephant/asset/joint_pmat_old.cu'
2026-02-27T14:01:50.4060370Z adding 'elephant/asset/pmat_neighbors.cl'
2026-02-27T14:01:50.4060900Z adding 'elephant/asset/pmat_neighbors.cu'
2026-02-27T14:01:50.4061400Z adding 'elephant/causality/__init__.py'
2026-02-27T14:01:50.4062150Z adding 'elephant/causality/granger.py'
2026-02-27T14:01:50.4062720Z adding 'elephant/current_source_density_src/KCSD.py'
2026-02-27T14:01:50.4063370Z adding 'elephant/current_source_density_src/README.md'
2026-02-27T14:01:50.4064040Z adding 'elephant/current_source_density_src/__init__.py'
2026-02-27T14:01:50.4074750Z adding 'elephant/current_source_density_src/basis_functions.py'
2026-02-27T14:01:50.4075580Z adding 'elephant/current_source_density_src/icsd.py'
2026-02-27T14:01:50.4076240Z adding 'elephant/current_source_density_src/test_data.mat'
2026-02-27T14:01:50.4076990Z adding 'elephant/current_source_density_src/utility_functions.py'
2026-02-27T14:01:50.4077910Z adding 'elephant/functional_connectivity_src/total_spiking_probability_edges.py'
2026-02-27T14:01:50.4078680Z adding 'elephant/gpfa/__init__.py'
2026-02-27T14:01:50.4079130Z adding 'elephant/gpfa/gpfa.py'
2026-02-27T14:01:50.4079570Z adding 'elephant/gpfa/gpfa_core.py'
2026-02-27T14:01:50.4080030Z adding 'elephant/gpfa/gpfa_util.py'
2026-02-27T14:01:50.4080530Z adding 'elephant/parallel/__init__.py'
2026-02-27T14:01:50.4081010Z adding 'elephant/parallel/mpi.py'
2026-02-27T14:01:50.4081470Z adding 'elephant/parallel/parallel.py'
2026-02-27T14:01:50.4081950Z adding 'elephant/spade_src/LICENSE'
2026-02-27T14:01:50.4082410Z adding 'elephant/spade_src/__init__.py'
2026-02-27T14:01:50.4082890Z adding 'elephant/spade_src/fast_fca.py'
2026-02-27T14:01:50.4083430Z adding 'elephant/spade_src/include/ClosedDetect.h'
2026-02-27T14:01:50.4084040Z adding 'elephant/spade_src/include/ClosedTree.h'
2026-02-27T14:01:50.4084600Z adding 'elephant/spade_src/include/Defines.h'
2026-02-27T14:01:50.4085150Z adding 'elephant/spade_src/include/FPGrowth.h'
2026-02-27T14:01:50.4085690Z adding 'elephant/spade_src/include/FPNode.h'
2026-02-27T14:01:50.4086220Z adding 'elephant/spade_src/include/FPTree.h'
2026-02-27T14:01:50.4086770Z adding 'elephant/spade_src/include/FrequencyRef.h'
2026-02-27T14:01:50.4087350Z adding 'elephant/spade_src/include/HeapAlloc.h'
2026-02-27T14:01:50.4088320Z adding 'elephant/spade_src/include/Logger.h'
2026-02-27T14:01:50.4088850Z adding 'elephant/spade_src/include/Memory.h'
2026-02-27T14:01:50.4089390Z adding 'elephant/spade_src/include/Pattern.h'
2026-02-27T14:01:50.4089990Z adding 'elephant/spade_src/include/SigTerm.h'
2026-02-27T14:01:50.4090520Z adding 'elephant/spade_src/include/Timer.h'
2026-02-27T14:01:50.4091040Z adding 'elephant/spade_src/include/Types.h'
2026-02-27T14:01:50.4091560Z adding 'elephant/spade_src/include/Utils.h'
2026-02-27T14:01:50.4092050Z adding 'elephant/spade_src/src/fim.cpp'
2026-02-27T14:01:50.4092530Z adding 'elephant/test/__init__.py'
2026-02-27T14:01:50.4093230Z adding 'elephant/test/make_spike_extraction_test_data.py'
2026-02-27T14:01:50.4093920Z adding 'elephant/test/spike_extraction_test_data.txt'
2026-02-27T14:01:50.4094490Z adding 'elephant/test/test_asset.py'
2026-02-27T14:01:50.4094980Z adding 'elephant/test/test_causality.py'
2026-02-27T14:01:50.4095570Z adding 'elephant/test/test_cell_assembly_detection.py'
2026-02-27T14:01:50.4096250Z adding 'elephant/test/test_change_point_detection.py'
2026-02-27T14:01:50.4096840Z adding 'elephant/test/test_conversion.py'
2026-02-27T14:01:50.4097340Z adding 'elephant/test/test_cubic.py'
2026-02-27T14:01:50.4097890Z adding 'elephant/test/test_current_source_density.py'
2026-02-27T14:01:50.4098480Z adding 'elephant/test/test_datasets.py'
2026-02-27T14:01:50.4098970Z adding 'elephant/test/test_gpfa.py'
2026-02-27T14:01:50.4099430Z adding 'elephant/test/test_icsd.py'
2026-02-27T14:01:50.4099900Z adding 'elephant/test/test_kcsd.py'
2026-02-27T14:01:50.4100380Z adding 'elephant/test/test_kernels.py'
2026-02-27T14:01:50.4100890Z adding 'elephant/test/test_neo_tools.py'
2026-02-27T14:01:50.4101410Z adding 'elephant/test/test_parallel.py'
2026-02-27T14:01:50.4101960Z adding 'elephant/test/test_phase_analysis.py'
2026-02-27T14:01:50.4102550Z adding 'elephant/test/test_signal_processing.py'
2026-02-27T14:01:50.4103120Z adding 'elephant/test/test_spade.py'
2026-02-27T14:01:50.4103850Z adding 'elephant/test/test_spectral.py'
2026-02-27T14:01:50.4104450Z adding 'elephant/test/test_spike_train_correlation.py'
2026-02-27T14:01:50.4105130Z adding 'elephant/test/test_spike_train_dissimilarity.py'
2026-02-27T14:01:50.4105820Z adding 'elephant/test/test_spike_train_generation.py'
2026-02-27T14:01:50.4106470Z adding 'elephant/test/test_spike_train_surrogates.py'
2026-02-27T14:01:50.4107120Z adding 'elephant/test/test_spike_train_synchrony.py'
2026-02-27T14:01:50.4107690Z adding 'elephant/test/test_sta.py'
2026-02-27T14:01:50.4108170Z adding 'elephant/test/test_statistics.py'
2026-02-27T14:01:50.4109060Z adding 'elephant/test/test_total_spiking_probability_edges.py'
2026-02-27T14:01:50.4110050Z adding 'elephant/test/test_trials.py'
2026-02-27T14:01:50.4110640Z adding 'elephant/test/test_unitary_event_analysis.py'
2026-02-27T14:01:50.4111220Z adding 'elephant/test/test_utils.py'
2026-02-27T14:01:50.4111740Z adding 'elephant/test/test_waveform_features.py'
2026-02-27T14:01:50.4112380Z adding 'elephant-1.2.0.dist-info/licenses/LICENSE.txt'
2026-02-27T14:01:50.4112990Z adding 'elephant-1.2.0.dist-info/METADATA'
2026-02-27T14:01:50.4113490Z adding 'elephant-1.2.0.dist-info/WHEEL'
2026-02-27T14:01:50.4114090Z adding 'elephant-1.2.0.dist-info/top_level.txt'
2026-02-27T14:01:50.4114890Z adding 'elephant-1.2.0.dist-info/RECORD'
2026-02-27T14:01:50.4115580Z removing build/bdist.macosx-10.9-universal2/wheel
2026-02-27T14:01:50.5178960Z Successfully built elephant-1.2.0-cp314-cp314-macosx_11_0_universal2.whl
2026-02-27T14:01:50.5480240Z ##[endgroup]
2026-02-27T14:01:50.5481090Z                                                               [32m✓ [0m5.95s
2026-02-27T14:01:50.6402550Z 
2026-02-27T14:01:50.6403450Z [32m✓ [0mcp314-macosx_universal2 finished in 2 minutes
2026-02-27T14:01:50.6430580Z 
2026-02-27T14:01:50.6431390Z [1m[34mBuilding cp314t-macosx_universal2 wheel[0m
2026-02-27T14:01:50.6432100Z CPython 3.14t macOS Universal 2 - x86_64 and arm64
2026-02-27T14:01:50.6433070Z 
2026-02-27T14:01:50.6446580Z ##[group]Installing Python cp314t...
2026-02-27T14:01:50.6447040Z 
2026-02-27T14:01:50.6458020Z + pkgutil --pkgs
2026-02-27T14:01:50.6652370Z + Download https://www.python.org/ftp/python/3.14.2/python-3.14.2-macos11.pkg to /Users/runner/Library/Caches/cibuildwheel/cpython-installer/python-3.14.2-macos11.pkg
2026-02-27T14:01:51.0878300Z + sudo installer -pkg /Users/runner/Library/Caches/cibuildwheel/cpython-installer/python-3.14.2-macos11.pkg -applyChoiceChangesXML /Library/Frameworks/Python.framework/Versions/3.13/lib/python3.13/site-packages/cibuildwheel/resources/free-threaded-enable-314.xml -target /
2026-02-27T14:02:59.9008350Z installer: Package name is Python
2026-02-27T14:02:59.9011950Z installer: choices changes file '/Library/Frameworks/Python.framework/Versions/3.13/lib/python3.13/site-packages/cibuildwheel/resources/free-threaded-enable-314.xml' applied
2026-02-27T14:02:59.9013390Z installer: Upgrading at base path /
2026-02-27T14:02:59.9013850Z installer: The upgrade was successful.
2026-02-27T14:02:59.9104560Z + /Library/Frameworks/PythonT.framework/Versions/3.14/bin/python3.14t -m ensurepip
2026-02-27T14:03:02.1303080Z Looking in links: /var/folders/x_/wstzc9d10r926lhsf8fsv7q80000gn/T/tmpfhly5dxa
2026-02-27T14:03:02.1310420Z Requirement already satisfied: pip in /Library/Frameworks/PythonT.framework/Versions/3.14/lib/python3.14t/site-packages (25.3)
2026-02-27T14:03:02.2788800Z + /Library/Frameworks/PythonT.framework/Versions/3.14/bin/python3.14t /Library/Frameworks/Python.framework/Versions/3.13/lib/python3.13/site-packages/cibuildwheel/resources/install_certifi.py
2026-02-27T14:03:03.5722350Z Collecting certifi
2026-02-27T14:03:03.7891610Z   Downloading certifi-2026.2.25-py3-none-any.whl.metadata (2.5 kB)
2026-02-27T14:03:04.0844240Z Downloading certifi-2026.2.25-py3-none-any.whl (153 kB)
2026-02-27T14:03:04.3643030Z Installing collected packages: certifi
2026-02-27T14:03:04.4651320Z Successfully installed certifi-2026.2.25
2026-02-27T14:03:04.7132710Z  -- pip install --upgrade certifi
2026-02-27T14:03:04.7521590Z  -- removing any existing file or link
2026-02-27T14:03:04.7721100Z  -- creating symlink to certifi certificate bundle
2026-02-27T14:03:04.7863930Z  -- setting permissions
2026-02-27T14:03:04.7971210Z  -- update complete
2026-02-27T14:03:04.8076650Z ##[endgroup]
2026-02-27T14:03:04.8195330Z                                                              [32m✓ [0m74.10s
2026-02-27T14:03:04.8308030Z ##[group]Setting up build environment...
2026-02-27T14:03:04.8374300Z 
2026-02-27T14:03:04.8793380Z + /Library/Frameworks/Python.framework/Versions/3.13/bin/python -sS /Users/runner/Library/Caches/cibuildwheel/virtualenv-20.35.4.pyz --activators= --no-periodic-update --pip=25.3 --no-setuptools --symlink-app-data --python /Library/Frameworks/PythonT.framework/Versions/3.14/bin/python3.14t /private/var/folders/x_/wstzc9d10r926lhsf8fsv7q80000gn/T/cibw-run-xcdesx4q/cp314t-macosx_universal2/build/venv
2026-02-27T14:03:05.5467470Z created virtual environment CPython3.14.2.final.0t-64 in 216ms
2026-02-27T14:03:05.5469910Z   creator CPython3Posix(dest=/private/var/folders/x_/wstzc9d10r926lhsf8fsv7q80000gn/T/cibw-run-xcdesx4q/cp314t-macosx_universal2/build/venv, clear=False, no_vcs_ignore=False, global=False)
2026-02-27T14:03:05.5472030Z   seeder FromAppData(download=False, pip=25.3, via=symlink, app_data_dir=/Users/runner/Library/Application Support/virtualenv)
2026-02-27T14:03:05.5473100Z     added seed packages: pip==25.3
2026-02-27T14:03:05.9343560Z + which python
2026-02-27T14:03:05.9404510Z /private/var/folders/x_/wstzc9d10r926lhsf8fsv7q80000gn/T/cibw-run-xcdesx4q/cp314t-macosx_universal2/build/venv/bin/python
2026-02-27T14:03:05.9405680Z + python --version
2026-02-27T14:03:05.9598700Z Python 3.14.2
2026-02-27T14:03:05.9606590Z + which pip
2026-02-27T14:03:05.9665040Z /private/var/folders/x_/wstzc9d10r926lhsf8fsv7q80000gn/T/cibw-run-xcdesx4q/cp314t-macosx_universal2/build/venv/bin/pip
2026-02-27T14:03:05.9666040Z + pip --version
2026-02-27T14:03:06.2799230Z pip 25.3 from /private/var/folders/x_/wstzc9d10r926lhsf8fsv7q80000gn/T/cibw-run-xcdesx4q/cp314t-macosx_universal2/build/venv/lib/python3.14t/site-packages/pip (python 3.14)
2026-02-27T14:03:06.3335270Z ##[endgroup]
2026-02-27T14:03:06.3336260Z                                                               [32m✓ [0m1.59s
2026-02-27T14:03:06.3337310Z ##[group]Installing build tools...
2026-02-27T14:03:06.3337770Z 
2026-02-27T14:03:06.3339230Z + pip install --upgrade delocate 'build[virtualenv]' -c file:///Library/Frameworks/Python.framework/Versions/3.13/lib/python3.13/site-packages/cibuildwheel/resources/constraints-python314.txt
2026-02-27T14:03:07.0116380Z Collecting delocate
2026-02-27T14:03:07.0142180Z   Using cached delocate-0.13.0-py3-none-any.whl.metadata (15 kB)
2026-02-27T14:03:07.0336950Z Collecting build[virtualenv]
2026-02-27T14:03:07.0361650Z   Using cached build-1.3.0-py3-none-any.whl.metadata (5.6 kB)
2026-02-27T14:03:07.0616870Z Collecting packaging>=20.9 (from delocate)
2026-02-27T14:03:07.0640960Z   Using cached packaging-25.0-py3-none-any.whl.metadata (3.3 kB)
2026-02-27T14:03:07.0848410Z Collecting typing_extensions>=4.12.2 (from delocate)
2026-02-27T14:03:07.0872360Z   Using cached typing_extensions-4.15.0-py3-none-any.whl.metadata (3.3 kB)
2026-02-27T14:03:07.1014210Z Collecting macholib (from delocate)
2026-02-27T14:03:07.1036530Z   Using cached macholib-1.16.4-py2.py3-none-any.whl.metadata (12 kB)
2026-02-27T14:03:07.1219390Z Collecting pyproject_hooks (from build[virtualenv])
2026-02-27T14:03:07.1241890Z   Using cached pyproject_hooks-1.2.0-py3-none-any.whl.metadata (1.3 kB)
2026-02-27T14:03:07.1903060Z Collecting virtualenv>=20.31 (from build[virtualenv])
2026-02-27T14:03:07.1927220Z   Using cached virtualenv-20.35.4-py3-none-any.whl.metadata (4.6 kB)
2026-02-27T14:03:07.2135200Z Collecting distlib<1,>=0.3.7 (from virtualenv>=20.31->build[virtualenv])
2026-02-27T14:03:07.2157910Z   Using cached distlib-0.4.0-py2.py3-none-any.whl.metadata (5.2 kB)
2026-02-27T14:03:07.2444440Z Collecting filelock<4,>=3.12.2 (from virtualenv>=20.31->build[virtualenv])
2026-02-27T14:03:07.2468400Z   Using cached filelock-3.20.2-py3-none-any.whl.metadata (2.1 kB)
2026-02-27T14:03:07.2725330Z Collecting platformdirs<5,>=3.9.1 (from virtualenv>=20.31->build[virtualenv])
2026-02-27T14:03:07.2748420Z   Using cached platformdirs-4.5.1-py3-none-any.whl.metadata (12 kB)
2026-02-27T14:03:07.2928670Z Collecting altgraph>=0.17 (from macholib->delocate)
2026-02-27T14:03:07.2950350Z   Using cached altgraph-0.17.5-py2.py3-none-any.whl.metadata (7.5 kB)
2026-02-27T14:03:07.3017400Z Using cached delocate-0.13.0-py3-none-any.whl (238 kB)
2026-02-27T14:03:07.3053710Z Using cached build-1.3.0-py3-none-any.whl (23 kB)
2026-02-27T14:03:07.3075140Z Using cached packaging-25.0-py3-none-any.whl (66 kB)
2026-02-27T14:03:07.3096830Z Using cached typing_extensions-4.15.0-py3-none-any.whl (44 kB)
2026-02-27T14:03:07.3119310Z Using cached virtualenv-20.35.4-py3-none-any.whl (6.0 MB)
2026-02-27T14:03:07.3321810Z Using cached distlib-0.4.0-py2.py3-none-any.whl (469 kB)
2026-02-27T14:03:07.3356580Z Using cached filelock-3.20.2-py3-none-any.whl (16 kB)
2026-02-27T14:03:07.3384650Z Using cached platformdirs-4.5.1-py3-none-any.whl (18 kB)
2026-02-27T14:03:07.3414180Z Using cached macholib-1.16.4-py2.py3-none-any.whl (38 kB)
2026-02-27T14:03:07.3437090Z Using cached altgraph-0.17.5-py2.py3-none-any.whl (21 kB)
2026-02-27T14:03:07.3459670Z Using cached pyproject_hooks-1.2.0-py3-none-any.whl (10 kB)
2026-02-27T14:03:07.3965110Z Installing collected packages: distlib, altgraph, typing_extensions, pyproject_hooks, platformdirs, packaging, macholib, filelock, virtualenv, delocate, build
2026-02-27T14:03:08.1740940Z 
2026-02-27T14:03:08.1775280Z Successfully installed altgraph-0.17.5 build-1.3.0 delocate-0.13.0 distlib-0.4.0 filelock-3.20.2 macholib-1.16.4 packaging-25.0 platformdirs-4.5.1 pyproject_hooks-1.2.0 typing_extensions-4.15.0 virtualenv-20.35.4
2026-02-27T14:03:08.2913700Z + python -m pip freeze --all
2026-02-27T14:03:08.7307800Z ##[endgroup]
2026-02-27T14:03:08.7310370Z                                                               [32m✓ [0m2.40s
2026-02-27T14:03:08.7315760Z ##[group]Running before_build...
2026-02-27T14:03:08.7322250Z 
2026-02-27T14:03:08.7324410Z + brew install llvm libomp
2026-02-27T14:03:08.7327580Z 
2026-02-27T14:03:11.1679100Z ##[warning]llvm 21.1.8_1 is already installed and up-to-date.
To reinstall 21.1.8_1, run:
  brew reinstall llvm

2026-02-27T14:03:11.1739590Z ##[warning]libomp 21.1.8 is already installed and up-to-date.
To reinstall 21.1.8, run:
  brew reinstall libomp

2026-02-27T14:03:11.1985980Z ##[endgroup]
2026-02-27T14:03:11.1986950Z                                                               [32m✓ [0m2.47s
2026-02-27T14:03:11.1988320Z ##[group]Building wheel...
2026-02-27T14:03:11.1988730Z 
2026-02-27T14:03:11.1992040Z + python -m build /Users/runner/work/elephant/elephant --wheel --outdir=/private/var/folders/x_/wstzc9d10r926lhsf8fsv7q80000gn/T/cibw-run-xcdesx4q/cp314t-macosx_universal2/built_wheel -v
2026-02-27T14:03:11.3478770Z * Creating isolated environment: venv+pip...
2026-02-27T14:03:11.3566680Z * Installing packages in isolated environment:
2026-02-27T14:03:11.3643170Z   - setuptools >= 40.8.0
2026-02-27T14:03:11.3645550Z > /private/var/folders/x_/wstzc9d10r926lhsf8fsv7q80000gn/T/cibw-run-
2026-02-27T14:03:11.3647400Z   xcdesx4q/cp314t-macosx_universal2/build/venv/bin/python -m pip --python
2026-02-27T14:03:11.3648290Z   /private/var/folders/x_/wstzc9d10r926lhsf8fsv7q80000gn/T/build-
2026-02-27T14:03:11.3649700Z   env-12yrt8kv/bin/python install --use-pep517 --no-warn-script-location --no-
2026-02-27T14:03:11.3650570Z   compile -r /var/folders/x_/wstzc9d10r926lhsf8fsv7q80000gn/T/build-reqs-
2026-02-27T14:03:11.3651420Z   jlz2_ih2.txt
2026-02-27T14:03:12.4763880Z < Collecting setuptools>=40.8.0 (from -r
2026-02-27T14:03:12.4764550Z   /var/folders/x_/wstzc9d10r926lhsf8fsv7q80000gn/T/build-reqs-jlz2_ih2.txt
2026-02-27T14:03:12.4765410Z   (line 1))
2026-02-27T14:03:12.4790520Z <   Using cached setuptools-82.0.0-py3-none-any.whl.metadata (6.6 kB)
2026-02-27T14:03:12.4967400Z < Using cached setuptools-82.0.0-py3-none-any.whl (1.0 MB)
2026-02-27T14:03:12.5174750Z < Installing collected packages: setuptools
2026-02-27T14:03:12.6904270Z < Successfully installed setuptools-82.0.0
2026-02-27T14:03:12.8310510Z * Getting build dependencies for wheel...
2026-02-27T14:03:13.7388440Z /private/var/folders/x_/wstzc9d10r926lhsf8fsv7q80000gn/T/build-env-12yrt8kv/lib/python3.14t/site-packages/setuptools/dist.py:765: SetuptoolsDeprecationWarning: License classifiers are deprecated.
2026-02-27T14:03:13.7390090Z !!
2026-02-27T14:03:13.7390240Z 
2026-02-27T14:03:13.7390430Z         ********************************************************************************
2026-02-27T14:03:13.7391320Z         Please consider removing the following classifiers in favor of a SPDX license expression:
2026-02-27T14:03:13.7392030Z 
2026-02-27T14:03:13.7392300Z         License :: OSI Approved :: BSD License
2026-02-27T14:03:13.7392640Z 
2026-02-27T14:03:13.7393320Z         See https://packaging.python.org/en/latest/guides/writing-pyproject-toml/#license for details.
2026-02-27T14:03:13.7394210Z         ********************************************************************************
2026-02-27T14:03:13.7394590Z 
2026-02-27T14:03:13.7394710Z !!
2026-02-27T14:03:13.7395010Z   self._finalize_license_expression()
2026-02-27T14:03:13.7817120Z running egg_info
2026-02-27T14:03:13.7841220Z writing elephant.egg-info/PKG-INFO
2026-02-27T14:03:13.7868940Z writing dependency_links to elephant.egg-info/dependency_links.txt
2026-02-27T14:03:13.7895740Z writing requirements to elephant.egg-info/requires.txt
2026-02-27T14:03:13.7900560Z writing top-level names to elephant.egg-info/top_level.txt
2026-02-27T14:03:13.8276320Z reading manifest file 'elephant.egg-info/SOURCES.txt'
2026-02-27T14:03:13.8315810Z reading manifest template 'MANIFEST.in'
2026-02-27T14:03:13.8393470Z no previously-included directories found matching 'doc/_build'
2026-02-27T14:03:13.8396120Z no previously-included directories found matching 'doc/tutorials/.ipynb_checkpoints'
2026-02-27T14:03:13.8397710Z no previously-included directories found matching 'doc/reference/toctree'
2026-02-27T14:03:13.8398600Z warning: no files found matching 'doc/reference/toctree/kernels/*'
2026-02-27T14:03:13.8402740Z warning: no previously-included files matching '*.h5' found under directory '*'
2026-02-27T14:03:13.8406530Z warning: no previously-included files matching '*~' found under directory '*'
2026-02-27T14:03:13.8407240Z adding license file 'LICENSE.txt'
2026-02-27T14:03:13.8451660Z writing manifest file 'elephant.egg-info/SOURCES.txt'
2026-02-27T14:03:13.9021820Z * Building wheel...
2026-02-27T14:03:14.1870520Z /private/var/folders/x_/wstzc9d10r926lhsf8fsv7q80000gn/T/build-env-12yrt8kv/lib/python3.14t/site-packages/setuptools/dist.py:765: SetuptoolsDeprecationWarning: License classifiers are deprecated.
2026-02-27T14:03:14.1936690Z !!
2026-02-27T14:03:14.1994580Z 
2026-02-27T14:03:14.2146990Z         ********************************************************************************
2026-02-27T14:03:14.2147560Z running bdist_wheel
2026-02-27T14:03:14.2664950Z         Please consider removing the following classifiers in favor of a SPDX license expression:
2026-02-27T14:03:14.2665760Z running build
2026-02-27T14:03:14.3666790Z 
2026-02-27T14:03:14.3667100Z running build_py
2026-02-27T14:03:14.4669170Z         License :: OSI Approved :: BSD License
2026-02-27T14:03:14.4669900Z creating build/lib.macosx-10.9-universal2-cpython-314t/elephant
2026-02-27T14:03:14.4670450Z 
2026-02-27T14:03:14.4825560Z copying elephant/current_source_density.py -> build/lib.macosx-10.9-universal2-cpython-314t/elephant
2026-02-27T14:03:14.4840140Z         See https://packaging.python.org/en/latest/guides/writing-pyproject-toml/#license for details.
2026-02-27T14:03:14.4841270Z copying elephant/trials.py -> build/lib.macosx-10.9-universal2-cpython-314t/elephant
2026-02-27T14:03:14.5830460Z         ********************************************************************************
2026-02-27T14:03:14.5844430Z copying elephant/neo_tools.py -> build/lib.macosx-10.9-universal2-cpython-314t/elephant
2026-02-27T14:03:14.6832450Z 
2026-02-27T14:03:14.6847170Z copying elephant/cubic.py -> build/lib.macosx-10.9-universal2-cpython-314t/elephant
2026-02-27T14:03:14.7224130Z !!
2026-02-27T14:03:14.7225990Z copying elephant/unitary_event_analysis.py -> build/lib.macosx-10.9-universal2-cpython-314t/elephant
2026-02-27T14:03:14.7316390Z   self._finalize_license_expression()
2026-02-27T14:03:14.7322180Z copying elephant/sta.py -> build/lib.macosx-10.9-universal2-cpython-314t/elephant
2026-02-27T14:03:14.7423520Z no previously-included directories found matching 'doc/_build'
2026-02-27T14:03:14.7426690Z copying elephant/spike_train_surrogates.py -> build/lib.macosx-10.9-universal2-cpython-314t/elephant
2026-02-27T14:03:14.7540980Z no previously-included directories found matching 'doc/tutorials/.ipynb_checkpoints'
2026-02-27T14:03:14.7542810Z copying elephant/cell_assembly_detection.py -> build/lib.macosx-10.9-universal2-cpython-314t/elephant
2026-02-27T14:03:14.7575570Z no previously-included directories found matching 'doc/reference/toctree'
2026-02-27T14:03:14.7578490Z copying elephant/conversion.py -> build/lib.macosx-10.9-universal2-cpython-314t/elephant
2026-02-27T14:03:14.7596340Z warning: no files found matching 'doc/reference/toctree/kernels/*'
2026-02-27T14:03:14.7600150Z copying elephant/datasets.py -> build/lib.macosx-10.9-universal2-cpython-314t/elephant
2026-02-27T14:03:14.7617500Z warning: no previously-included files matching '*.h5' found under directory '*'
2026-02-27T14:03:14.7619930Z copying elephant/waveform_features.py -> build/lib.macosx-10.9-universal2-cpython-314t/elephant
2026-02-27T14:03:14.7628670Z warning: no previously-included files matching '*~' found under directory '*'
2026-02-27T14:03:14.7630430Z copying elephant/__init__.py -> build/lib.macosx-10.9-universal2-cpython-314t/elephant
2026-02-27T14:03:14.7643260Z /private/var/folders/x_/wstzc9d10r926lhsf8fsv7q80000gn/T/build-env-12yrt8kv/lib/python3.14t/site-packages/setuptools/command/build_py.py:215: _Warning: Package 'elephant.asset' is absent from the `packages` configuration.
2026-02-27T14:03:14.7647740Z copying elephant/spike_train_dissimilarity.py -> build/lib.macosx-10.9-universal2-cpython-314t/elephant
2026-02-27T14:03:14.7648790Z !!
2026-02-27T14:03:14.7650170Z copying elephant/change_point_detection.py -> build/lib.macosx-10.9-universal2-cpython-314t/elephant
2026-02-27T14:03:14.7792900Z 
2026-02-27T14:03:14.7794930Z copying elephant/spike_train_synchrony.py -> build/lib.macosx-10.9-universal2-cpython-314t/elephant
2026-02-27T14:03:14.7872120Z         ********************************************************************************
2026-02-27T14:03:14.7873920Z copying elephant/functional_connectivity.py -> build/lib.macosx-10.9-universal2-cpython-314t/elephant
2026-02-27T14:03:14.7921780Z         ############################
2026-02-27T14:03:14.7924210Z copying elephant/utils.py -> build/lib.macosx-10.9-universal2-cpython-314t/elephant
2026-02-27T14:03:14.7960780Z         # Package would be ignored #
2026-02-27T14:03:14.7962390Z copying elephant/spike_train_correlation.py -> build/lib.macosx-10.9-universal2-cpython-314t/elephant
2026-02-27T14:03:14.8238200Z         ############################
2026-02-27T14:03:14.8246010Z copying elephant/spike_train_generation.py -> build/lib.macosx-10.9-universal2-cpython-314t/elephant
2026-02-27T14:03:14.8544450Z         Python recognizes 'elephant.asset' as an importable package[^1],
2026-02-27T14:03:14.8547030Z copying elephant/kernels.py -> build/lib.macosx-10.9-universal2-cpython-314t/elephant
2026-02-27T14:03:14.9124860Z         but it is absent from setuptools' `packages` configuration.
2026-02-27T14:03:14.9128440Z copying elephant/spectral.py -> build/lib.macosx-10.9-universal2-cpython-314t/elephant
2026-02-27T14:03:14.9170060Z 
2026-02-27T14:03:14.9171890Z copying elephant/statistics.py -> build/lib.macosx-10.9-universal2-cpython-314t/elephant
2026-02-27T14:03:14.9212670Z         This leads to an ambiguous overall configuration. If you want to distribute this
2026-02-27T14:03:14.9216190Z copying elephant/phase_analysis.py -> build/lib.macosx-10.9-universal2-cpython-314t/elephant
2026-02-27T14:03:14.9242620Z         package, please make sure that 'elephant.asset' is explicitly added
2026-02-27T14:03:14.9246990Z copying elephant/spade.py -> build/lib.macosx-10.9-universal2-cpython-314t/elephant
2026-02-27T14:03:14.9250140Z         to the `packages` configuration field.
2026-02-27T14:03:14.9251900Z copying elephant/signal_processing.py -> build/lib.macosx-10.9-universal2-cpython-314t/elephant
2026-02-27T14:03:14.9253040Z 
2026-02-27T14:03:14.9255030Z creating build/lib.macosx-10.9-universal2-cpython-314t/elephant/test
2026-02-27T14:03:14.9256560Z         Alternatively, you can also rely on setuptools' discovery methods
2026-02-27T14:03:14.9259210Z copying elephant/test/test_sta.py -> build/lib.macosx-10.9-universal2-cpython-314t/elephant/test
2026-02-27T14:03:14.9261620Z         (for example by using `find_namespace_packages(...)`/`find_namespace:`
2026-02-27T14:03:14.9263630Z copying elephant/test/test_spike_train_generation.py -> build/lib.macosx-10.9-universal2-cpython-314t/elephant/test
2026-02-27T14:03:14.9265860Z         instead of `find_packages(...)`/`find:`).
2026-02-27T14:03:14.9268460Z copying elephant/test/test_utils.py -> build/lib.macosx-10.9-universal2-cpython-314t/elephant/test
2026-02-27T14:03:14.9270450Z 
2026-02-27T14:03:14.9272790Z copying elephant/test/test_statistics.py -> build/lib.macosx-10.9-universal2-cpython-314t/elephant/test
2026-02-27T14:03:14.9274970Z         You can read more about "package discovery" on setuptools documentation page:
2026-02-27T14:03:14.9279380Z copying elephant/test/test_cell_assembly_detection.py -> build/lib.macosx-10.9-universal2-cpython-314t/elephant/test
2026-02-27T14:03:14.9281230Z 
2026-02-27T14:03:14.9283190Z copying elephant/test/test_gpfa.py -> build/lib.macosx-10.9-universal2-cpython-314t/elephant/test
2026-02-27T14:03:14.9288460Z         - https://setuptools.pypa.io/en/latest/userguide/package_discovery.html
2026-02-27T14:03:14.9292110Z copying elephant/test/test_datasets.py -> build/lib.macosx-10.9-universal2-cpython-314t/elephant/test
2026-02-27T14:03:14.9294270Z copying elephant/test/test_phase_analysis.py -> build/lib.macosx-10.9-universal2-cpython-314t/elephant/test
2026-02-27T14:03:14.9297250Z copying elephant/test/test_spike_train_synchrony.py -> build/lib.macosx-10.9-universal2-cpython-314t/elephant/test
2026-02-27T14:03:14.9299490Z copying elephant/test/test_total_spiking_probability_edges.py -> build/lib.macosx-10.9-universal2-cpython-314t/elephant/test
2026-02-27T14:03:14.9301950Z copying elephant/test/test_signal_processing.py -> build/lib.macosx-10.9-universal2-cpython-314t/elephant/test
2026-02-27T14:03:14.9303920Z copying elephant/test/__init__.py -> build/lib.macosx-10.9-universal2-cpython-314t/elephant/test
2026-02-27T14:03:14.9305810Z copying elephant/test/test_spade.py -> build/lib.macosx-10.9-universal2-cpython-314t/elephant/test
2026-02-27T14:03:14.9307900Z copying elephant/test/test_conversion.py -> build/lib.macosx-10.9-universal2-cpython-314t/elephant/test
2026-02-27T14:03:14.9309790Z copying elephant/test/test_kernels.py -> build/lib.macosx-10.9-universal2-cpython-314t/elephant/test
2026-02-27T14:03:14.9311720Z copying elephant/test/test_trials.py -> build/lib.macosx-10.9-universal2-cpython-314t/elephant/test
2026-02-27T14:03:14.9313760Z copying elephant/test/test_parallel.py -> build/lib.macosx-10.9-universal2-cpython-314t/elephant/test
2026-02-27T14:03:14.9315820Z copying elephant/test/test_unitary_event_analysis.py -> build/lib.macosx-10.9-universal2-cpython-314t/elephant/test
2026-02-27T14:03:14.9317830Z copying elephant/test/test_cubic.py -> build/lib.macosx-10.9-universal2-cpython-314t/elephant/test
2026-02-27T14:03:14.9319660Z copying elephant/test/test_icsd.py -> build/lib.macosx-10.9-universal2-cpython-314t/elephant/test
2026-02-27T14:03:14.9322160Z copying elephant/test/test_neo_tools.py -> build/lib.macosx-10.9-universal2-cpython-314t/elephant/test
2026-02-27T14:03:14.9324360Z copying elephant/test/test_asset.py -> build/lib.macosx-10.9-universal2-cpython-314t/elephant/test
2026-02-27T14:03:14.9326110Z copying elephant/test/test_kcsd.py -> build/lib.macosx-10.9-universal2-cpython-314t/elephant/test
2026-02-27T14:03:14.9328050Z copying elephant/test/test_current_source_density.py -> build/lib.macosx-10.9-universal2-cpython-314t/elephant/test
2026-02-27T14:03:14.9330250Z copying elephant/test/make_spike_extraction_test_data.py -> build/lib.macosx-10.9-universal2-cpython-314t/elephant/test
2026-02-27T14:03:14.9332340Z copying elephant/test/test_causality.py -> build/lib.macosx-10.9-universal2-cpython-314t/elephant/test
2026-02-27T14:03:14.9334490Z copying elephant/test/test_spike_train_dissimilarity.py -> build/lib.macosx-10.9-universal2-cpython-314t/elephant/test
2026-02-27T14:03:14.9336660Z copying elephant/test/test_change_point_detection.py -> build/lib.macosx-10.9-universal2-cpython-314t/elephant/test
2026-02-27T14:03:14.9338660Z copying elephant/test/test_spike_train_correlation.py -> build/lib.macosx-10.9-universal2-cpython-314t/elephant/test
2026-02-27T14:03:14.9340560Z copying elephant/test/test_waveform_features.py -> build/lib.macosx-10.9-universal2-cpython-314t/elephant/test
2026-02-27T14:03:14.9343040Z copying elephant/test/test_spike_train_surrogates.py -> build/lib.macosx-10.9-universal2-cpython-314t/elephant/test
2026-02-27T14:03:14.9345040Z copying elephant/test/test_spectral.py -> build/lib.macosx-10.9-universal2-cpython-314t/elephant/test
2026-02-27T14:03:14.9346290Z running egg_info
2026-02-27T14:03:14.9346800Z writing elephant.egg-info/PKG-INFO
2026-02-27T14:03:14.9347650Z writing dependency_links to elephant.egg-info/dependency_links.txt
2026-02-27T14:03:14.9348710Z writing requirements to elephant.egg-info/requires.txt
2026-02-27T14:03:14.9349660Z writing top-level names to elephant.egg-info/top_level.txt
2026-02-27T14:03:14.9350600Z reading manifest file 'elephant.egg-info/SOURCES.txt'
2026-02-27T14:03:14.9351960Z reading manifest template 'MANIFEST.in'
2026-02-27T14:03:14.9352630Z adding license file 'LICENSE.txt'
2026-02-27T14:03:14.9353360Z writing manifest file 'elephant.egg-info/SOURCES.txt'
2026-02-27T14:03:14.9354520Z copying elephant/VERSION -> build/lib.macosx-10.9-universal2-cpython-314t/elephant
2026-02-27T14:03:14.9355810Z creating build/lib.macosx-10.9-universal2-cpython-314t/elephant/asset
2026-02-27T14:03:14.9357250Z copying elephant/asset/__init__.py -> build/lib.macosx-10.9-universal2-cpython-314t/elephant/asset
2026-02-27T14:03:14.9358970Z copying elephant/asset/asset.py -> build/lib.macosx-10.9-universal2-cpython-314t/elephant/asset
2026-02-27T14:03:14.9360740Z copying elephant/asset/joint_pmat.cl -> build/lib.macosx-10.9-universal2-cpython-314t/elephant/asset
2026-02-27T14:03:14.9362690Z copying elephant/asset/joint_pmat.cu -> build/lib.macosx-10.9-universal2-cpython-314t/elephant/asset
2026-02-27T14:03:14.9364560Z copying elephant/asset/joint_pmat_old.cu -> build/lib.macosx-10.9-universal2-cpython-314t/elephant/asset
2026-02-27T14:03:14.9366460Z copying elephant/asset/pmat_neighbors.cl -> build/lib.macosx-10.9-universal2-cpython-314t/elephant/asset
2026-02-27T14:03:14.9368620Z copying elephant/asset/pmat_neighbors.cu -> build/lib.macosx-10.9-universal2-cpython-314t/elephant/asset
2026-02-27T14:03:14.9369750Z creating build/lib.macosx-10.9-universal2-cpython-314t/elephant/causality
2026-02-27T14:03:14.9371630Z copying elephant/causality/__init__.py -> build/lib.macosx-10.9-universal2-cpython-314t/elephant/causality
2026-02-27T14:03:14.9373570Z copying elephant/causality/granger.py -> build/lib.macosx-10.9-universal2-cpython-314t/elephant/causality
2026-02-27T14:03:14.9375540Z creating build/lib.macosx-10.9-universal2-cpython-314t/elephant/current_source_density_src
2026-02-27T14:03:14.9377070Z copying elephant/current_source_density_src/KCSD.py -> build/lib.macosx-10.9-universal2-cpython-314t/elephant/current_source_density_src
2026-02-27T14:03:14.9379410Z copying elephant/current_source_density_src/README.md -> build/lib.macosx-10.9-universal2-cpython-314t/elephant/current_source_density_src
2026-02-27T14:03:14.9381260Z copying elephant/current_source_density_src/__init__.py -> build/lib.macosx-10.9-universal2-cpython-314t/elephant/current_source_density_src
2026-02-27T14:03:14.9383530Z copying elephant/current_source_density_src/basis_functions.py -> build/lib.macosx-10.9-universal2-cpython-314t/elephant/current_source_density_src
2026-02-27T14:03:14.9385920Z copying elephant/current_source_density_src/icsd.py -> build/lib.macosx-10.9-universal2-cpython-314t/elephant/current_source_density_src
2026-02-27T14:03:14.9388270Z copying elephant/current_source_density_src/test_data.mat -> build/lib.macosx-10.9-universal2-cpython-314t/elephant/current_source_density_src
2026-02-27T14:03:14.9390530Z copying elephant/current_source_density_src/utility_functions.py -> build/lib.macosx-10.9-universal2-cpython-314t/elephant/current_source_density_src
2026-02-27T14:03:14.9392580Z creating build/lib.macosx-10.9-universal2-cpython-314t/elephant/functional_connectivity_src
2026-02-27T14:03:14.9394390Z copying elephant/functional_connectivity_src/total_spiking_probability_edges.py -> build/lib.macosx-10.9-universal2-cpython-314t/elephant/functional_connectivity_src
2026-02-27T14:03:14.9396240Z creating build/lib.macosx-10.9-universal2-cpython-314t/elephant/gpfa
2026-02-27T14:03:14.9397430Z copying elephant/gpfa/__init__.py -> build/lib.macosx-10.9-universal2-cpython-314t/elephant/gpfa
2026-02-27T14:03:14.9398970Z copying elephant/gpfa/gpfa.py -> build/lib.macosx-10.9-universal2-cpython-314t/elephant/gpfa
2026-02-27T14:03:14.9400340Z copying elephant/gpfa/gpfa_core.py -> build/lib.macosx-10.9-universal2-cpython-314t/elephant/gpfa
2026-02-27T14:03:14.9401570Z copying elephant/gpfa/gpfa_util.py -> build/lib.macosx-10.9-universal2-cpython-314t/elephant/gpfa
2026-02-27T14:03:14.9402790Z creating build/lib.macosx-10.9-universal2-cpython-314t/elephant/parallel
2026-02-27T14:03:14.9405480Z copying elephant/parallel/__init__.py -> build/lib.macosx-10.9-universal2-cpython-314t/elephant/parallel
2026-02-27T14:03:14.9407510Z copying elephant/parallel/mpi.py -> build/lib.macosx-10.9-universal2-cpython-314t/elephant/parallel
2026-02-27T14:03:14.9408860Z copying elephant/parallel/parallel.py -> build/lib.macosx-10.9-universal2-cpython-314t/elephant/parallel
2026-02-27T14:03:14.9410180Z creating build/lib.macosx-10.9-universal2-cpython-314t/elephant/spade_src
2026-02-27T14:03:14.9411660Z copying elephant/spade_src/LICENSE -> build/lib.macosx-10.9-universal2-cpython-314t/elephant/spade_src
2026-02-27T14:03:14.9413020Z copying elephant/spade_src/__init__.py -> build/lib.macosx-10.9-universal2-cpython-314t/elephant/spade_src
2026-02-27T14:03:14.9414730Z copying elephant/spade_src/fast_fca.py -> build/lib.macosx-10.9-universal2-cpython-314t/elephant/spade_src
2026-02-27T14:03:14.9416220Z creating build/lib.macosx-10.9-universal2-cpython-314t/elephant/spade_src/include
2026-02-27T14:03:14.9417800Z copying elephant/spade_src/include/ClosedDetect.h -> build/lib.macosx-10.9-universal2-cpython-314t/elephant/spade_src/include
2026-02-27T14:03:14.9419690Z copying elephant/spade_src/include/ClosedTree.h -> build/lib.macosx-10.9-universal2-cpython-314t/elephant/spade_src/include
2026-02-27T14:03:14.9421510Z copying elephant/spade_src/include/Defines.h -> build/lib.macosx-10.9-universal2-cpython-314t/elephant/spade_src/include
2026-02-27T14:03:14.9423380Z copying elephant/spade_src/include/FPGrowth.h -> build/lib.macosx-10.9-universal2-cpython-314t/elephant/spade_src/include
2026-02-27T14:03:14.9425670Z copying elephant/spade_src/include/FPNode.h -> build/lib.macosx-10.9-universal2-cpython-314t/elephant/spade_src/include
2026-02-27T14:03:14.9427130Z copying elephant/spade_src/include/FPTree.h -> build/lib.macosx-10.9-universal2-cpython-314t/elephant/spade_src/include
2026-02-27T14:03:14.9428690Z copying elephant/spade_src/include/FrequencyRef.h -> build/lib.macosx-10.9-universal2-cpython-314t/elephant/spade_src/include
2026-02-27T14:03:14.9430980Z copying elephant/spade_src/include/HeapAlloc.h -> build/lib.macosx-10.9-universal2-cpython-314t/elephant/spade_src/include
2026-02-27T14:03:14.9433040Z copying elephant/spade_src/include/Logger.h -> build/lib.macosx-10.9-universal2-cpython-314t/elephant/spade_src/include
2026-02-27T14:03:14.9434820Z copying elephant/spade_src/include/Memory.h -> build/lib.macosx-10.9-universal2-cpython-314t/elephant/spade_src/include
2026-02-27T14:03:14.9436880Z copying elephant/spade_src/include/Pattern.h -> build/lib.macosx-10.9-universal2-cpython-314t/elephant/spade_src/include
2026-02-27T14:03:14.9438400Z copying elephant/spade_src/include/SigTerm.h -> build/lib.macosx-10.9-universal2-cpython-314t/elephant/spade_src/include
2026-02-27T14:03:14.9439890Z copying elephant/spade_src/include/Timer.h -> build/lib.macosx-10.9-universal2-cpython-314t/elephant/spade_src/include
2026-02-27T14:03:14.9441360Z copying elephant/spade_src/include/Types.h -> build/lib.macosx-10.9-universal2-cpython-314t/elephant/spade_src/include
2026-02-27T14:03:14.9443420Z copying elephant/spade_src/include/Utils.h -> build/lib.macosx-10.9-universal2-cpython-314t/elephant/spade_src/include
2026-02-27T14:03:14.9444670Z creating build/lib.macosx-10.9-universal2-cpython-314t/elephant/spade_src/src
2026-02-27T14:03:14.9445860Z copying elephant/spade_src/src/fim.cpp -> build/lib.macosx-10.9-universal2-cpython-314t/elephant/spade_src/src
2026-02-27T14:03:14.9447310Z copying elephant/test/spike_extraction_test_data.txt -> build/lib.macosx-10.9-universal2-cpython-314t/elephant/test
2026-02-27T14:03:14.9448500Z running build_ext
2026-02-27T14:03:14.9448940Z building 'elephant.spade_src.fim' extension
2026-02-27T14:03:14.9449670Z creating build/temp.macosx-10.9-universal2-cpython-314t/elephant/spade_src/src
2026-02-27T14:03:14.9454520Z clang++ -stdlib=libc++ -I/usr/local/opt/llvm/include -I/usr/local/opt/libomp/include -arch arm64 -arch x86_64 -Ielephant/spade_src/include -I/private/var/folders/x_/wstzc9d10r926lhsf8fsv7q80000gn/T/build-env-12yrt8kv/include -I/Library/Frameworks/PythonT.framework/Versions/3.14/include/python3.14t -c elephant/spade_src/src/fim.cpp -o build/temp.macosx-10.9-universal2-cpython-314t/elephant/spade_src/src/fim.o -DMODULE_NAME=fim -DUSE_OPENMP -DWITH_SIG_TERM -Dfim_EXPORTS -O3 -pedantic -Wextra -Weffc++ -Wunused-result -Werror -Werror=return-type -Xpreprocessor -fopenmp -std=gnu++17
2026-02-27T14:03:14.9459830Z 
2026-02-27T14:03:14.9460120Z         If you don't want 'elephant.asset' to be distributed and are
2026-02-27T14:03:14.9460840Z         already explicitly excluding 'elephant.asset' via
2026-02-27T14:03:14.9461630Z         `find_namespace_packages(...)/find_namespace` or `find_packages(...)/find`,
2026-02-27T14:03:14.9462590Z         you can try to use `exclude_package_data`, or `include-package-data=False` in
2026-02-27T14:03:14.9463560Z         combination with a more fine grained `package-data` configuration.
2026-02-27T14:03:14.9464130Z 
2026-02-27T14:03:14.9464540Z         You can read more about "package data files" on setuptools documentation page:
2026-02-27T14:03:14.9465180Z 
2026-02-27T14:03:14.9465530Z         - https://setuptools.pypa.io/en/latest/userguide/datafiles.html
2026-02-27T14:03:14.9466060Z 
2026-02-27T14:03:14.9466070Z 
2026-02-27T14:03:14.9466390Z         [^1]: For Python, any directory (with suitable naming) can be imported,
2026-02-27T14:03:14.9467450Z               even if it does not contain any `.py` files.
2026-02-27T14:03:14.9468220Z               On the other hand, currently there is no concept of package data
2026-02-27T14:03:14.9469010Z               directory, all directories are treated like packages.
2026-02-27T14:03:14.9469660Z         ********************************************************************************
2026-02-27T14:03:14.9470090Z 
2026-02-27T14:03:14.9470210Z !!
2026-02-27T14:03:14.9470510Z   check.warn(importable)
2026-02-27T14:03:14.9473380Z /private/var/folders/x_/wstzc9d10r926lhsf8fsv7q80000gn/T/build-env-12yrt8kv/lib/python3.14t/site-packages/setuptools/command/build_py.py:215: _Warning: Package 'elephant.causality' is absent from the `packages` configuration.
2026-02-27T14:03:14.9476010Z !!
2026-02-27T14:03:14.9476170Z 
2026-02-27T14:03:14.9476380Z         ********************************************************************************
2026-02-27T14:03:14.9476950Z         ############################
2026-02-27T14:03:14.9477370Z         # Package would be ignored #
2026-02-27T14:03:14.9477790Z         ############################
2026-02-27T14:03:14.9478420Z         Python recognizes 'elephant.causality' as an importable package[^1],
2026-02-27T14:03:14.9479230Z         but it is absent from setuptools' `packages` configuration.
2026-02-27T14:03:14.9479700Z 
2026-02-27T14:03:14.9480110Z         This leads to an ambiguous overall configuration. If you want to distribute this
2026-02-27T14:03:14.9481070Z         package, please make sure that 'elephant.causality' is explicitly added
2026-02-27T14:03:14.9482090Z         to the `packages` configuration field.
2026-02-27T14:03:14.9482520Z 
2026-02-27T14:03:14.9482860Z         Alternatively, you can also rely on setuptools' discovery methods
2026-02-27T14:03:14.9483690Z         (for example by using `find_namespace_packages(...)`/`find_namespace:`
2026-02-27T14:03:14.9484400Z         instead of `find_packages(...)`/`find:`).
2026-02-27T14:03:14.9484750Z 
2026-02-27T14:03:14.9485140Z         You can read more about "package discovery" on setuptools documentation page:
2026-02-27T14:03:14.9485720Z 
2026-02-27T14:03:14.9486110Z         - https://setuptools.pypa.io/en/latest/userguide/package_discovery.html
2026-02-27T14:03:14.9486690Z 
2026-02-27T14:03:14.9486980Z         If you don't want 'elephant.causality' to be distributed and are
2026-02-27T14:03:14.9487730Z         already explicitly excluding 'elephant.causality' via
2026-02-27T14:03:14.9488540Z         `find_namespace_packages(...)/find_namespace` or `find_packages(...)/find`,
2026-02-27T14:03:14.9489510Z         you can try to use `exclude_package_data`, or `include-package-data=False` in
2026-02-27T14:03:14.9490700Z         combination with a more fine grained `package-data` configuration.
2026-02-27T14:03:14.9491230Z 
2026-02-27T14:03:14.9491620Z         You can read more about "package data files" on setuptools documentation page:
2026-02-27T14:03:14.9492220Z 
2026-02-27T14:03:14.9492530Z         - https://setuptools.pypa.io/en/latest/userguide/datafiles.html
2026-02-27T14:03:14.9493070Z 
2026-02-27T14:03:14.9493070Z 
2026-02-27T14:03:14.9493390Z         [^1]: For Python, any directory (with suitable naming) can be imported,
2026-02-27T14:03:14.9494120Z               even if it does not contain any `.py` files.
2026-02-27T14:03:14.9494810Z               On the other hand, currently there is no concept of package data
2026-02-27T14:03:14.9495570Z               directory, all directories are treated like packages.
2026-02-27T14:03:14.9496210Z         ********************************************************************************
2026-02-27T14:03:14.9496620Z 
2026-02-27T14:03:14.9496740Z !!
2026-02-27T14:03:14.9497030Z   check.warn(importable)
2026-02-27T14:03:14.9498880Z /private/var/folders/x_/wstzc9d10r926lhsf8fsv7q80000gn/T/build-env-12yrt8kv/lib/python3.14t/site-packages/setuptools/command/build_py.py:215: _Warning: Package 'elephant.current_source_density_src' is absent from the `packages` configuration.
2026-02-27T14:03:14.9501960Z !!
2026-02-27T14:03:14.9502200Z 
2026-02-27T14:03:14.9502480Z         ********************************************************************************
2026-02-27T14:03:14.9503210Z         ############################
2026-02-27T14:03:14.9503650Z         # Package would be ignored #
2026-02-27T14:03:14.9504090Z         ############################
2026-02-27T14:03:14.9504880Z         Python recognizes 'elephant.current_source_density_src' as an importable package[^1],
2026-02-27T14:03:14.9505870Z         but it is absent from setuptools' `packages` configuration.
2026-02-27T14:03:14.9506370Z 
2026-02-27T14:03:14.9507110Z         This leads to an ambiguous overall configuration. If you want to distribute this
2026-02-27T14:03:14.9508260Z         package, please make sure that 'elephant.current_source_density_src' is explicitly added
2026-02-27T14:03:14.9509160Z         to the `packages` configuration field.
2026-02-27T14:03:14.9509550Z 
2026-02-27T14:03:14.9509900Z         Alternatively, you can also rely on setuptools' discovery methods
2026-02-27T14:03:14.9510780Z         (for example by using `find_namespace_packages(...)`/`find_namespace:`
2026-02-27T14:03:14.9511530Z         instead of `find_packages(...)`/`find:`).
2026-02-27T14:03:14.9511910Z 
2026-02-27T14:03:14.9512320Z         You can read more about "package discovery" on setuptools documentation page:
2026-02-27T14:03:14.9513110Z 
2026-02-27T14:03:14.9513510Z         - https://setuptools.pypa.io/en/latest/userguide/package_discovery.html
2026-02-27T14:03:14.9514130Z 
2026-02-27T14:03:14.9514540Z         If you don't want 'elephant.current_source_density_src' to be distributed and are
2026-02-27T14:03:14.9515560Z         already explicitly excluding 'elephant.current_source_density_src' via
2026-02-27T14:03:14.9516520Z         `find_namespace_packages(...)/find_namespace` or `find_packages(...)/find`,
2026-02-27T14:03:14.9517500Z         you can try to use `exclude_package_data`, or `include-package-data=False` in
2026-02-27T14:03:14.9518430Z         combination with a more fine grained `package-data` configuration.
2026-02-27T14:03:14.9518970Z 
2026-02-27T14:03:14.9519380Z         You can read more about "package data files" on setuptools documentation page:
2026-02-27T14:03:14.9519990Z 
2026-02-27T14:03:14.9520320Z         - https://setuptools.pypa.io/en/latest/userguide/datafiles.html
2026-02-27T14:03:14.9520850Z 
2026-02-27T14:03:14.9520860Z 
2026-02-27T14:03:14.9521190Z         [^1]: For Python, any directory (with suitable naming) can be imported,
2026-02-27T14:03:14.9521950Z               even if it does not contain any `.py` files.
2026-02-27T14:03:14.9522660Z               On the other hand, currently there is no concept of package data
2026-02-27T14:03:14.9523650Z               directory, all directories are treated like packages.
2026-02-27T14:03:14.9524310Z         ********************************************************************************
2026-02-27T14:03:14.9524740Z 
2026-02-27T14:03:14.9524850Z !!
2026-02-27T14:03:14.9525140Z   check.warn(importable)
2026-02-27T14:03:14.9527090Z /private/var/folders/x_/wstzc9d10r926lhsf8fsv7q80000gn/T/build-env-12yrt8kv/lib/python3.14t/site-packages/setuptools/command/build_py.py:215: _Warning: Package 'elephant.functional_connectivity_src' is absent from the `packages` configuration.
2026-02-27T14:03:14.9529100Z !!
2026-02-27T14:03:14.9529250Z 
2026-02-27T14:03:14.9529450Z         ********************************************************************************
2026-02-27T14:03:14.9530010Z         ############################
2026-02-27T14:03:14.9530430Z         # Package would be ignored #
2026-02-27T14:03:14.9530870Z         ############################
2026-02-27T14:03:14.9531660Z         Python recognizes 'elephant.functional_connectivity_src' as an importable package[^1],
2026-02-27T14:03:14.9532640Z         but it is absent from setuptools' `packages` configuration.
2026-02-27T14:03:14.9533110Z 
2026-02-27T14:03:14.9533520Z         This leads to an ambiguous overall configuration. If you want to distribute this
2026-02-27T14:03:14.9534640Z         package, please make sure that 'elephant.functional_connectivity_src' is explicitly added
2026-02-27T14:03:14.9535530Z         to the `packages` configuration field.
2026-02-27T14:03:14.9535900Z 
2026-02-27T14:03:14.9536240Z         Alternatively, you can also rely on setuptools' discovery methods
2026-02-27T14:03:14.9537110Z         (for example by using `find_namespace_packages(...)`/`find_namespace:`
2026-02-27T14:03:14.9537840Z         instead of `find_packages(...)`/`find:`).
2026-02-27T14:03:14.9538210Z 
2026-02-27T14:03:14.9538600Z         You can read more about "package discovery" on setuptools documentation page:
2026-02-27T14:03:14.9539380Z 
2026-02-27T14:03:14.9539780Z         - https://setuptools.pypa.io/en/latest/userguide/package_discovery.html
2026-02-27T14:03:14.9540370Z 
2026-02-27T14:03:14.9540800Z         If you don't want 'elephant.functional_connectivity_src' to be distributed and are
2026-02-27T14:03:14.9541820Z         already explicitly excluding 'elephant.functional_connectivity_src' via
2026-02-27T14:03:14.9542900Z         `find_namespace_packages(...)/find_namespace` or `find_packages(...)/find`,
2026-02-27T14:03:14.9544040Z         you can try to use `exclude_package_data`, or `include-package-data=False` in
2026-02-27T14:03:14.9545010Z         combination with a more fine grained `package-data` configuration.
2026-02-27T14:03:14.9545560Z 
2026-02-27T14:03:14.9545980Z         You can read more about "package data files" on setuptools documentation page:
2026-02-27T14:03:14.9546640Z 
2026-02-27T14:03:14.9546990Z         - https://setuptools.pypa.io/en/latest/userguide/datafiles.html
2026-02-27T14:03:14.9547550Z 
2026-02-27T14:03:14.9547570Z 
2026-02-27T14:03:14.9547910Z         [^1]: For Python, any directory (with suitable naming) can be imported,
2026-02-27T14:03:14.9548660Z               even if it does not contain any `.py` files.
2026-02-27T14:03:14.9549390Z               On the other hand, currently there is no concept of package data
2026-02-27T14:03:14.9550210Z               directory, all directories are treated like packages.
2026-02-27T14:03:14.9550900Z         ********************************************************************************
2026-02-27T14:03:14.9551330Z 
2026-02-27T14:03:14.9551450Z !!
2026-02-27T14:03:14.9551750Z   check.warn(importable)
2026-02-27T14:03:14.9553540Z /private/var/folders/x_/wstzc9d10r926lhsf8fsv7q80000gn/T/build-env-12yrt8kv/lib/python3.14t/site-packages/setuptools/command/build_py.py:215: _Warning: Package 'elephant.gpfa' is absent from the `packages` configuration.
2026-02-27T14:03:14.9555430Z !!
2026-02-27T14:03:14.9555850Z 
2026-02-27T14:03:14.9556080Z         ********************************************************************************
2026-02-27T14:03:14.9556650Z         ############################
2026-02-27T14:03:14.9557080Z         # Package would be ignored #
2026-02-27T14:03:14.9557530Z         ############################
2026-02-27T14:03:14.9558140Z         Python recognizes 'elephant.gpfa' as an importable package[^1],
2026-02-27T14:03:14.9558960Z         but it is absent from setuptools' `packages` configuration.
2026-02-27T14:03:14.9559470Z 
2026-02-27T14:03:14.9559910Z         This leads to an ambiguous overall configuration. If you want to distribute this
2026-02-27T14:03:14.9560890Z         package, please make sure that 'elephant.gpfa' is explicitly added
2026-02-27T14:03:14.9561640Z         to the `packages` configuration field.
2026-02-27T14:03:14.9562010Z 
2026-02-27T14:03:14.9562350Z         Alternatively, you can also rely on setuptools' discovery methods
2026-02-27T14:03:14.9563390Z         (for example by using `find_namespace_packages(...)`/`find_namespace:`
2026-02-27T14:03:14.9564120Z         instead of `find_packages(...)`/`find:`).
2026-02-27T14:03:14.9564500Z 
2026-02-27T14:03:14.9564890Z         You can read more about "package discovery" on setuptools documentation page:
2026-02-27T14:03:14.9565510Z 
2026-02-27T14:03:14.9565900Z         - https://setuptools.pypa.io/en/latest/userguide/package_discovery.html
2026-02-27T14:03:14.9566590Z 
2026-02-27T14:03:14.9566870Z         If you don't want 'elephant.gpfa' to be distributed and are
2026-02-27T14:03:14.9567570Z         already explicitly excluding 'elephant.gpfa' via
2026-02-27T14:03:14.9568390Z         `find_namespace_packages(...)/find_namespace` or `find_packages(...)/find`,
2026-02-27T14:03:14.9569350Z         you can try to use `exclude_package_data`, or `include-package-data=False` in
2026-02-27T14:03:14.9570270Z         combination with a more fine grained `package-data` configuration.
2026-02-27T14:03:14.9570820Z 
2026-02-27T14:03:14.9571390Z         You can read more about "package data files" on setuptools documentation page:
2026-02-27T14:03:14.9572030Z 
2026-02-27T14:03:14.9572360Z         - https://setuptools.pypa.io/en/latest/userguide/datafiles.html
2026-02-27T14:03:14.9572890Z 
2026-02-27T14:03:14.9572900Z 
2026-02-27T14:03:14.9573230Z         [^1]: For Python, any directory (with suitable naming) can be imported,
2026-02-27T14:03:14.9573970Z               even if it does not contain any `.py` files.
2026-02-27T14:03:14.9574670Z               On the other hand, currently there is no concept of package data
2026-02-27T14:03:14.9575440Z               directory, all directories are treated like packages.
2026-02-27T14:03:14.9576090Z         ********************************************************************************
2026-02-27T14:03:14.9576510Z 
2026-02-27T14:03:14.9576630Z !!
2026-02-27T14:03:14.9576920Z   check.warn(importable)
2026-02-27T14:03:14.9578720Z /private/var/folders/x_/wstzc9d10r926lhsf8fsv7q80000gn/T/build-env-12yrt8kv/lib/python3.14t/site-packages/setuptools/command/build_py.py:215: _Warning: Package 'elephant.parallel' is absent from the `packages` configuration.
2026-02-27T14:03:14.9580540Z !!
2026-02-27T14:03:14.9580700Z 
2026-02-27T14:03:14.9580900Z         ********************************************************************************
2026-02-27T14:03:14.9581460Z         ############################
2026-02-27T14:03:14.9581890Z         # Package would be ignored #
2026-02-27T14:03:14.9582320Z         ############################
2026-02-27T14:03:14.9582950Z         Python recognizes 'elephant.parallel' as an importable package[^1],
2026-02-27T14:03:14.9583790Z         but it is absent from setuptools' `packages` configuration.
2026-02-27T14:03:14.9584290Z 
2026-02-27T14:03:14.9584700Z         This leads to an ambiguous overall configuration. If you want to distribute this
2026-02-27T14:03:14.9585690Z         package, please make sure that 'elephant.parallel' is explicitly added
2026-02-27T14:03:14.9586430Z         to the `packages` configuration field.
2026-02-27T14:03:14.9586980Z 
2026-02-27T14:03:14.9587310Z         Alternatively, you can also rely on setuptools' discovery methods
2026-02-27T14:03:14.9588190Z         (for example by using `find_namespace_packages(...)`/`find_namespace:`
2026-02-27T14:03:14.9589050Z         instead of `find_packages(...)`/`find:`).
2026-02-27T14:03:14.9589450Z 
2026-02-27T14:03:14.9589870Z         You can read more about "package discovery" on setuptools documentation page:
2026-02-27T14:03:14.9590560Z 
2026-02-27T14:03:14.9590980Z         - https://setuptools.pypa.io/en/latest/userguide/package_discovery.html
2026-02-27T14:03:14.9591770Z 
2026-02-27T14:03:14.9592100Z         If you don't want 'elephant.parallel' to be distributed and are
2026-02-27T14:03:14.9601750Z         already explicitly excluding 'elephant.parallel' via
2026-02-27T14:03:14.9602600Z         `find_namespace_packages(...)/find_namespace` or `find_packages(...)/find`,
2026-02-27T14:03:14.9603730Z         you can try to use `exclude_package_data`, or `include-package-data=False` in
2026-02-27T14:03:14.9604650Z         combination with a more fine grained `package-data` configuration.
2026-02-27T14:03:14.9605180Z 
2026-02-27T14:03:14.9605560Z         You can read more about "package data files" on setuptools documentation page:
2026-02-27T14:03:14.9606600Z 
2026-02-27T14:03:14.9606940Z         - https://setuptools.pypa.io/en/latest/userguide/datafiles.html
2026-02-27T14:03:14.9607470Z 
2026-02-27T14:03:14.9607480Z 
2026-02-27T14:03:14.9607810Z         [^1]: For Python, any directory (with suitable naming) can be imported,
2026-02-27T14:03:14.9608530Z               even if it does not contain any `.py` files.
2026-02-27T14:03:14.9609220Z               On the other hand, currently there is no concept of package data
2026-02-27T14:03:14.9609970Z               directory, all directories are treated like packages.
2026-02-27T14:03:14.9610610Z         ********************************************************************************
2026-02-27T14:03:14.9611040Z 
2026-02-27T14:03:14.9611470Z !!
2026-02-27T14:03:14.9611770Z   check.warn(importable)
2026-02-27T14:03:14.9613510Z /private/var/folders/x_/wstzc9d10r926lhsf8fsv7q80000gn/T/build-env-12yrt8kv/lib/python3.14t/site-packages/setuptools/command/build_py.py:215: _Warning: Package 'elephant.spade_src' is absent from the `packages` configuration.
2026-02-27T14:03:14.9615320Z !!
2026-02-27T14:03:14.9615460Z 
2026-02-27T14:03:14.9615670Z         ********************************************************************************
2026-02-27T14:03:14.9616210Z         ############################
2026-02-27T14:03:14.9616630Z         # Package would be ignored #
2026-02-27T14:03:14.9617050Z         ############################
2026-02-27T14:03:14.9617690Z         Python recognizes 'elephant.spade_src' as an importable package[^1],
2026-02-27T14:03:14.9618500Z         but it is absent from setuptools' `packages` configuration.
2026-02-27T14:03:14.9618960Z 
2026-02-27T14:03:14.9619380Z         This leads to an ambiguous overall configuration. If you want to distribute this
2026-02-27T14:03:14.9620350Z         package, please make sure that 'elephant.spade_src' is explicitly added
2026-02-27T14:03:14.9621080Z         to the `packages` configuration field.
2026-02-27T14:03:14.9621450Z 
2026-02-27T14:03:14.9621770Z         Alternatively, you can also rely on setuptools' discovery methods
2026-02-27T14:03:14.9622800Z         (for example by using `find_namespace_packages(...)`/`find_namespace:`
2026-02-27T14:03:14.9623740Z         instead of `find_packages(...)`/`find:`).
2026-02-27T14:03:14.9624240Z 
2026-02-27T14:03:14.9624650Z         You can read more about "package discovery" on setuptools documentation page:
2026-02-27T14:03:14.9625260Z 
2026-02-27T14:03:14.9625640Z         - https://setuptools.pypa.io/en/latest/userguide/package_discovery.html
2026-02-27T14:03:14.9626240Z 
2026-02-27T14:03:14.9627010Z         If you don't want 'elephant.spade_src' to be distributed and are
2026-02-27T14:03:14.9628070Z         already explicitly excluding 'elephant.spade_src' via
2026-02-27T14:03:14.9628950Z         `find_namespace_packages(...)/find_namespace` or `find_packages(...)/find`,
2026-02-27T14:03:14.9629910Z         you can try to use `exclude_package_data`, or `include-package-data=False` in
2026-02-27T14:03:14.9630830Z         combination with a more fine grained `package-data` configuration.
2026-02-27T14:03:14.9631380Z 
2026-02-27T14:03:14.9631770Z         You can read more about "package data files" on setuptools documentation page:
2026-02-27T14:03:14.9632390Z 
2026-02-27T14:03:14.9632720Z         - https://setuptools.pypa.io/en/latest/userguide/datafiles.html
2026-02-27T14:03:14.9633250Z 
2026-02-27T14:03:14.9633260Z 
2026-02-27T14:03:14.9633620Z         [^1]: For Python, any directory (with suitable naming) can be imported,
2026-02-27T14:03:14.9634370Z               even if it does not contain any `.py` files.
2026-02-27T14:03:14.9635070Z               On the other hand, currently there is no concept of package data
2026-02-27T14:03:14.9635870Z               directory, all directories are treated like packages.
2026-02-27T14:03:14.9636550Z         ********************************************************************************
2026-02-27T14:03:14.9636980Z 
2026-02-27T14:03:14.9637090Z !!
2026-02-27T14:03:14.9637380Z   check.warn(importable)
2026-02-27T14:03:14.9639230Z /private/var/folders/x_/wstzc9d10r926lhsf8fsv7q80000gn/T/build-env-12yrt8kv/lib/python3.14t/site-packages/setuptools/command/build_py.py:215: _Warning: Package 'elephant.spade_src.include' is absent from the `packages` configuration.
2026-02-27T14:03:14.9641160Z !!
2026-02-27T14:03:14.9641320Z 
2026-02-27T14:03:14.9641540Z         ********************************************************************************
2026-02-27T14:03:14.9642340Z         ############################
2026-02-27T14:03:14.9642800Z         # Package would be ignored #
2026-02-27T14:03:14.9643240Z         ############################
2026-02-27T14:03:14.9644220Z         Python recognizes 'elephant.spade_src.include' as an importable package[^1],
2026-02-27T14:03:14.9645180Z         but it is absent from setuptools' `packages` configuration.
2026-02-27T14:03:14.9645690Z 
2026-02-27T14:03:14.9646100Z         This leads to an ambiguous overall configuration. If you want to distribute this
2026-02-27T14:03:14.9647190Z         package, please make sure that 'elephant.spade_src.include' is explicitly added
2026-02-27T14:03:14.9648020Z         to the `packages` configuration field.
2026-02-27T14:03:14.9648400Z 
2026-02-27T14:03:14.9648740Z         Alternatively, you can also rely on setuptools' discovery methods
2026-02-27T14:03:14.9649630Z         (for example by using `find_namespace_packages(...)`/`find_namespace:`
2026-02-27T14:03:14.9650520Z         instead of `find_packages(...)`/`find:`).
2026-02-27T14:03:14.9651070Z 
2026-02-27T14:03:14.9651540Z         You can read more about "package discovery" on setuptools documentation page:
2026-02-27T14:03:14.9652170Z 
2026-02-27T14:03:14.9652580Z         - https://setuptools.pypa.io/en/latest/userguide/package_discovery.html
2026-02-27T14:03:14.9653190Z 
2026-02-27T14:03:14.9653690Z         If you don't want 'elephant.spade_src.include' to be distributed and are
2026-02-27T14:03:14.9654570Z         already explicitly excluding 'elephant.spade_src.include' via
2026-02-27T14:03:14.9655460Z         `find_namespace_packages(...)/find_namespace` or `find_packages(...)/find`,
2026-02-27T14:03:14.9656430Z         you can try to use `exclude_package_data`, or `include-package-data=False` in
2026-02-27T14:03:14.9657390Z         combination with a more fine grained `package-data` configuration.
2026-02-27T14:03:14.9657940Z 
2026-02-27T14:03:14.9658330Z         You can read more about "package data files" on setuptools documentation page:
2026-02-27T14:03:14.9658950Z 
2026-02-27T14:03:14.9659280Z         - https://setuptools.pypa.io/en/latest/userguide/datafiles.html
2026-02-27T14:03:14.9659820Z 
2026-02-27T14:03:14.9659830Z 
2026-02-27T14:03:14.9660450Z         [^1]: For Python, any directory (with suitable naming) can be imported,
2026-02-27T14:03:14.9661200Z               even if it does not contain any `.py` files.
2026-02-27T14:03:14.9661940Z               On the other hand, currently there is no concept of package data
2026-02-27T14:03:14.9662720Z               directory, all directories are treated like packages.
2026-02-27T14:03:14.9663540Z         ********************************************************************************
2026-02-27T14:03:14.9663980Z 
2026-02-27T14:03:14.9664100Z !!
2026-02-27T14:03:14.9664400Z   check.warn(importable)
2026-02-27T14:03:14.9666260Z /private/var/folders/x_/wstzc9d10r926lhsf8fsv7q80000gn/T/build-env-12yrt8kv/lib/python3.14t/site-packages/setuptools/command/build_py.py:215: _Warning: Package 'elephant.spade_src.src' is absent from the `packages` configuration.
2026-02-27T14:03:14.9668200Z !!
2026-02-27T14:03:14.9668360Z 
2026-02-27T14:03:14.9668570Z         ********************************************************************************
2026-02-27T14:03:14.9669150Z         ############################
2026-02-27T14:03:14.9669610Z         # Package would be ignored #
2026-02-27T14:03:14.9670050Z         ############################
2026-02-27T14:03:14.9670770Z         Python recognizes 'elephant.spade_src.src' as an importable package[^1],
2026-02-27T14:03:14.9671660Z         but it is absent from setuptools' `packages` configuration.
2026-02-27T14:03:14.9672160Z 
2026-02-27T14:03:14.9672730Z         This leads to an ambiguous overall configuration. If you want to distribute this
2026-02-27T14:03:14.9673770Z         package, please make sure that 'elephant.spade_src.src' is explicitly added
2026-02-27T14:03:14.9674550Z         to the `packages` configuration field.
2026-02-27T14:03:14.9674920Z 
2026-02-27T14:03:14.9675260Z         Alternatively, you can also rely on setuptools' discovery methods
2026-02-27T14:03:14.9676120Z         (for example by using `find_namespace_packages(...)`/`find_namespace:`
2026-02-27T14:03:14.9677100Z         instead of `find_packages(...)`/`find:`).
2026-02-27T14:03:14.9677480Z 
2026-02-27T14:03:14.9677880Z         You can read more about "package discovery" on setuptools documentation page:
2026-02-27T14:03:14.9678500Z 
2026-02-27T14:03:14.9678880Z         - https://setuptools.pypa.io/en/latest/userguide/package_discovery.html
2026-02-27T14:03:14.9679460Z 
2026-02-27T14:03:14.9679780Z         If you don't want 'elephant.spade_src.src' to be distributed and are
2026-02-27T14:03:14.9680590Z         already explicitly excluding 'elephant.spade_src.src' via
2026-02-27T14:03:14.9681460Z         `find_namespace_packages(...)/find_namespace` or `find_packages(...)/find`,
2026-02-27T14:03:14.9682430Z         you can try to use `exclude_package_data`, or `include-package-data=False` in
2026-02-27T14:03:14.9683360Z         combination with a more fine grained `package-data` configuration.
2026-02-27T14:03:14.9683910Z 
2026-02-27T14:03:14.9684310Z         You can read more about "package data files" on setuptools documentation page:
2026-02-27T14:03:14.9684950Z 
2026-02-27T14:03:14.9685280Z         - https://setuptools.pypa.io/en/latest/userguide/datafiles.html
2026-02-27T14:03:14.9685820Z 
2026-02-27T14:03:14.9685830Z 
2026-02-27T14:03:14.9686150Z         [^1]: For Python, any directory (with suitable naming) can be imported,
2026-02-27T14:03:14.9687000Z               even if it does not contain any `.py` files.
2026-02-27T14:03:14.9687710Z               On the other hand, currently there is no concept of package data
2026-02-27T14:03:14.9688490Z               directory, all directories are treated like packages.
2026-02-27T14:03:14.9689160Z         ********************************************************************************
2026-02-27T14:03:14.9689590Z 
2026-02-27T14:03:14.9689700Z !!
2026-02-27T14:03:14.9689980Z   check.warn(importable)
2026-02-27T14:03:16.1930630Z In file included from elephant/spade_src/src/fim.cpp:41:
2026-02-27T14:03:16.1932050Z elephant/spade_src/include/FPGrowth.h:47:10: fatal error: 'experimental/vector' file not found
2026-02-27T14:03:16.1934050Z    47 | #include <experimental/vector>
2026-02-27T14:03:16.1934710Z       |          ^~~~~~~~~~~~~~~~~~~~~
2026-02-27T14:03:16.2404590Z 1 error generated.
2026-02-27T14:03:16.2521080Z warning: build_ext: building extension "elephant.spade_src.fim" failed: command '/usr/local/opt/llvm/bin/clang++' failed with exit code 1
2026-02-27T14:03:16.2522710Z 
2026-02-27T14:03:16.2697650Z installing to build/bdist.macosx-10.9-universal2/wheel
2026-02-27T14:03:16.2698610Z running install
2026-02-27T14:03:16.2815120Z running install_lib
2026-02-27T14:03:16.2891690Z creating build/bdist.macosx-10.9-universal2/wheel
2026-02-27T14:03:16.2896660Z creating build/bdist.macosx-10.9-universal2/wheel/elephant
2026-02-27T14:03:16.2899660Z copying build/lib.macosx-10.9-universal2-cpython-314t/elephant/current_source_density.py -> build/bdist.macosx-10.9-universal2/wheel/./elephant
2026-02-27T14:03:16.2907590Z creating build/bdist.macosx-10.9-universal2/wheel/elephant/causality
2026-02-27T14:03:16.2910490Z copying build/lib.macosx-10.9-universal2-cpython-314t/elephant/causality/granger.py -> build/bdist.macosx-10.9-universal2/wheel/./elephant/causality
2026-02-27T14:03:16.2919790Z copying build/lib.macosx-10.9-universal2-cpython-314t/elephant/causality/__init__.py -> build/bdist.macosx-10.9-universal2/wheel/./elephant/causality
2026-02-27T14:03:16.2922720Z copying build/lib.macosx-10.9-universal2-cpython-314t/elephant/trials.py -> build/bdist.macosx-10.9-universal2/wheel/./elephant
2026-02-27T14:03:16.2929210Z copying build/lib.macosx-10.9-universal2-cpython-314t/elephant/neo_tools.py -> build/bdist.macosx-10.9-universal2/wheel/./elephant
2026-02-27T14:03:16.2936230Z creating build/bdist.macosx-10.9-universal2/wheel/elephant/parallel
2026-02-27T14:03:16.2940090Z copying build/lib.macosx-10.9-universal2-cpython-314t/elephant/parallel/__init__.py -> build/bdist.macosx-10.9-universal2/wheel/./elephant/parallel
2026-02-27T14:03:16.2947380Z copying build/lib.macosx-10.9-universal2-cpython-314t/elephant/parallel/mpi.py -> build/bdist.macosx-10.9-universal2/wheel/./elephant/parallel
2026-02-27T14:03:16.2953570Z copying build/lib.macosx-10.9-universal2-cpython-314t/elephant/parallel/parallel.py -> build/bdist.macosx-10.9-universal2/wheel/./elephant/parallel
2026-02-27T14:03:16.2958500Z copying build/lib.macosx-10.9-universal2-cpython-314t/elephant/cubic.py -> build/bdist.macosx-10.9-universal2/wheel/./elephant
2026-02-27T14:03:16.2964720Z copying build/lib.macosx-10.9-universal2-cpython-314t/elephant/unitary_event_analysis.py -> build/bdist.macosx-10.9-universal2/wheel/./elephant
2026-02-27T14:03:16.2972220Z creating build/bdist.macosx-10.9-universal2/wheel/elephant/asset
2026-02-27T14:03:16.2974950Z copying build/lib.macosx-10.9-universal2-cpython-314t/elephant/asset/pmat_neighbors.cu -> build/bdist.macosx-10.9-universal2/wheel/./elephant/asset
2026-02-27T14:03:16.2981740Z copying build/lib.macosx-10.9-universal2-cpython-314t/elephant/asset/asset.py -> build/bdist.macosx-10.9-universal2/wheel/./elephant/asset
2026-02-27T14:03:16.2989170Z copying build/lib.macosx-10.9-universal2-cpython-314t/elephant/asset/__init__.py -> build/bdist.macosx-10.9-universal2/wheel/./elephant/asset
2026-02-27T14:03:16.2996240Z copying build/lib.macosx-10.9-universal2-cpython-314t/elephant/asset/joint_pmat.cl -> build/bdist.macosx-10.9-universal2/wheel/./elephant/asset
2026-02-27T14:03:16.3004070Z copying build/lib.macosx-10.9-universal2-cpython-314t/elephant/asset/pmat_neighbors.cl -> build/bdist.macosx-10.9-universal2/wheel/./elephant/asset
2026-02-27T14:03:16.3009190Z copying build/lib.macosx-10.9-universal2-cpython-314t/elephant/asset/joint_pmat_old.cu -> build/bdist.macosx-10.9-universal2/wheel/./elephant/asset
2026-02-27T14:03:16.3017230Z copying build/lib.macosx-10.9-universal2-cpython-314t/elephant/asset/joint_pmat.cu -> build/bdist.macosx-10.9-universal2/wheel/./elephant/asset
2026-02-27T14:03:16.3024350Z creating build/bdist.macosx-10.9-universal2/wheel/elephant/test
2026-02-27T14:03:16.3036670Z copying build/lib.macosx-10.9-universal2-cpython-314t/elephant/test/test_sta.py -> build/bdist.macosx-10.9-universal2/wheel/./elephant/test
2026-02-27T14:03:16.3058380Z copying build/lib.macosx-10.9-universal2-cpython-314t/elephant/test/test_spike_train_generation.py -> build/bdist.macosx-10.9-universal2/wheel/./elephant/test
2026-02-27T14:03:16.3061860Z copying build/lib.macosx-10.9-universal2-cpython-314t/elephant/test/test_utils.py -> build/bdist.macosx-10.9-universal2/wheel/./elephant/test
2026-02-27T14:03:16.3064740Z copying build/lib.macosx-10.9-universal2-cpython-314t/elephant/test/test_statistics.py -> build/bdist.macosx-10.9-universal2/wheel/./elephant/test
2026-02-27T14:03:16.3067100Z copying build/lib.macosx-10.9-universal2-cpython-314t/elephant/test/test_cell_assembly_detection.py -> build/bdist.macosx-10.9-universal2/wheel/./elephant/test
2026-02-27T14:03:16.3069910Z copying build/lib.macosx-10.9-universal2-cpython-314t/elephant/test/test_gpfa.py -> build/bdist.macosx-10.9-universal2/wheel/./elephant/test
2026-02-27T14:03:16.3092380Z copying build/lib.macosx-10.9-universal2-cpython-314t/elephant/test/test_datasets.py -> build/bdist.macosx-10.9-universal2/wheel/./elephant/test
2026-02-27T14:03:16.3170130Z copying build/lib.macosx-10.9-universal2-cpython-314t/elephant/test/test_phase_analysis.py -> build/bdist.macosx-10.9-universal2/wheel/./elephant/test
2026-02-27T14:03:16.3172530Z copying build/lib.macosx-10.9-universal2-cpython-314t/elephant/test/test_spike_train_synchrony.py -> build/bdist.macosx-10.9-universal2/wheel/./elephant/test
2026-02-27T14:03:16.3185320Z copying build/lib.macosx-10.9-universal2-cpython-314t/elephant/test/spike_extraction_test_data.txt -> build/bdist.macosx-10.9-universal2/wheel/./elephant/test
2026-02-27T14:03:16.3189690Z copying build/lib.macosx-10.9-universal2-cpython-314t/elephant/test/test_total_spiking_probability_edges.py -> build/bdist.macosx-10.9-universal2/wheel/./elephant/test
2026-02-27T14:03:16.3192940Z copying build/lib.macosx-10.9-universal2-cpython-314t/elephant/test/test_signal_processing.py -> build/bdist.macosx-10.9-universal2/wheel/./elephant/test
2026-02-27T14:03:16.3195410Z copying build/lib.macosx-10.9-universal2-cpython-314t/elephant/test/__init__.py -> build/bdist.macosx-10.9-universal2/wheel/./elephant/test
2026-02-27T14:03:16.3197270Z copying build/lib.macosx-10.9-universal2-cpython-314t/elephant/test/test_spade.py -> build/bdist.macosx-10.9-universal2/wheel/./elephant/test
2026-02-27T14:03:16.3199180Z copying build/lib.macosx-10.9-universal2-cpython-314t/elephant/test/test_conversion.py -> build/bdist.macosx-10.9-universal2/wheel/./elephant/test
2026-02-27T14:03:16.3203500Z copying build/lib.macosx-10.9-universal2-cpython-314t/elephant/test/test_kernels.py -> build/bdist.macosx-10.9-universal2/wheel/./elephant/test
2026-02-27T14:03:16.3205480Z copying build/lib.macosx-10.9-universal2-cpython-314t/elephant/test/test_trials.py -> build/bdist.macosx-10.9-universal2/wheel/./elephant/test
2026-02-27T14:03:16.3207580Z copying build/lib.macosx-10.9-universal2-cpython-314t/elephant/test/test_parallel.py -> build/bdist.macosx-10.9-universal2/wheel/./elephant/test
2026-02-27T14:03:16.3209910Z copying build/lib.macosx-10.9-universal2-cpython-314t/elephant/test/test_unitary_event_analysis.py -> build/bdist.macosx-10.9-universal2/wheel/./elephant/test
2026-02-27T14:03:16.3212100Z copying build/lib.macosx-10.9-universal2-cpython-314t/elephant/test/test_cubic.py -> build/bdist.macosx-10.9-universal2/wheel/./elephant/test
2026-02-27T14:03:16.3214190Z copying build/lib.macosx-10.9-universal2-cpython-314t/elephant/test/test_icsd.py -> build/bdist.macosx-10.9-universal2/wheel/./elephant/test
2026-02-27T14:03:16.3216120Z copying build/lib.macosx-10.9-universal2-cpython-314t/elephant/test/test_neo_tools.py -> build/bdist.macosx-10.9-universal2/wheel/./elephant/test
2026-02-27T14:03:16.3218370Z copying build/lib.macosx-10.9-universal2-cpython-314t/elephant/test/test_asset.py -> build/bdist.macosx-10.9-universal2/wheel/./elephant/test
2026-02-27T14:03:16.3220540Z copying build/lib.macosx-10.9-universal2-cpython-314t/elephant/test/test_kcsd.py -> build/bdist.macosx-10.9-universal2/wheel/./elephant/test
2026-02-27T14:03:16.3222420Z copying build/lib.macosx-10.9-universal2-cpython-314t/elephant/test/test_current_source_density.py -> build/bdist.macosx-10.9-universal2/wheel/./elephant/test
2026-02-27T14:03:16.3224450Z copying build/lib.macosx-10.9-universal2-cpython-314t/elephant/test/make_spike_extraction_test_data.py -> build/bdist.macosx-10.9-universal2/wheel/./elephant/test
2026-02-27T14:03:16.3226390Z copying build/lib.macosx-10.9-universal2-cpython-314t/elephant/test/test_causality.py -> build/bdist.macosx-10.9-universal2/wheel/./elephant/test
2026-02-27T14:03:16.3228670Z copying build/lib.macosx-10.9-universal2-cpython-314t/elephant/test/test_spike_train_dissimilarity.py -> build/bdist.macosx-10.9-universal2/wheel/./elephant/test
2026-02-27T14:03:16.3230870Z copying build/lib.macosx-10.9-universal2-cpython-314t/elephant/test/test_change_point_detection.py -> build/bdist.macosx-10.9-universal2/wheel/./elephant/test
2026-02-27T14:03:16.3233170Z copying build/lib.macosx-10.9-universal2-cpython-314t/elephant/test/test_spike_train_correlation.py -> build/bdist.macosx-10.9-universal2/wheel/./elephant/test
2026-02-27T14:03:16.3235270Z copying build/lib.macosx-10.9-universal2-cpython-314t/elephant/test/test_waveform_features.py -> build/bdist.macosx-10.9-universal2/wheel/./elephant/test
2026-02-27T14:03:16.3237350Z copying build/lib.macosx-10.9-universal2-cpython-314t/elephant/test/test_spike_train_surrogates.py -> build/bdist.macosx-10.9-universal2/wheel/./elephant/test
2026-02-27T14:03:16.3239770Z copying build/lib.macosx-10.9-universal2-cpython-314t/elephant/test/test_spectral.py -> build/bdist.macosx-10.9-universal2/wheel/./elephant/test
2026-02-27T14:03:16.3241280Z creating build/bdist.macosx-10.9-universal2/wheel/elephant/spade_src
2026-02-27T14:03:16.3242750Z copying build/lib.macosx-10.9-universal2-cpython-314t/elephant/spade_src/LICENSE -> build/bdist.macosx-10.9-universal2/wheel/./elephant/spade_src
2026-02-27T14:03:16.3244550Z creating build/bdist.macosx-10.9-universal2/wheel/elephant/spade_src/include
2026-02-27T14:03:16.3246090Z copying build/lib.macosx-10.9-universal2-cpython-314t/elephant/spade_src/include/FPNode.h -> build/bdist.macosx-10.9-universal2/wheel/./elephant/spade_src/include
2026-02-27T14:03:16.3248680Z copying build/lib.macosx-10.9-universal2-cpython-314t/elephant/spade_src/include/FPTree.h -> build/bdist.macosx-10.9-universal2/wheel/./elephant/spade_src/include
2026-02-27T14:03:16.3250910Z copying build/lib.macosx-10.9-universal2-cpython-314t/elephant/spade_src/include/Utils.h -> build/bdist.macosx-10.9-universal2/wheel/./elephant/spade_src/include
2026-02-27T14:03:16.3253840Z copying build/lib.macosx-10.9-universal2-cpython-314t/elephant/spade_src/include/HeapAlloc.h -> build/bdist.macosx-10.9-universal2/wheel/./elephant/spade_src/include
2026-02-27T14:03:16.3258300Z copying build/lib.macosx-10.9-universal2-cpython-314t/elephant/spade_src/include/FrequencyRef.h -> build/bdist.macosx-10.9-universal2/wheel/./elephant/spade_src/include
2026-02-27T14:03:16.3261470Z copying build/lib.macosx-10.9-universal2-cpython-314t/elephant/spade_src/include/Types.h -> build/bdist.macosx-10.9-universal2/wheel/./elephant/spade_src/include
2026-02-27T14:03:16.3263640Z copying build/lib.macosx-10.9-universal2-cpython-314t/elephant/spade_src/include/FPGrowth.h -> build/bdist.macosx-10.9-universal2/wheel/./elephant/spade_src/include
2026-02-27T14:03:16.3265830Z copying build/lib.macosx-10.9-universal2-cpython-314t/elephant/spade_src/include/Pattern.h -> build/bdist.macosx-10.9-universal2/wheel/./elephant/spade_src/include
2026-02-27T14:03:16.3268080Z copying build/lib.macosx-10.9-universal2-cpython-314t/elephant/spade_src/include/Defines.h -> build/bdist.macosx-10.9-universal2/wheel/./elephant/spade_src/include
2026-02-27T14:03:16.3270200Z copying build/lib.macosx-10.9-universal2-cpython-314t/elephant/spade_src/include/Timer.h -> build/bdist.macosx-10.9-universal2/wheel/./elephant/spade_src/include
2026-02-27T14:03:16.3272960Z copying build/lib.macosx-10.9-universal2-cpython-314t/elephant/spade_src/include/Memory.h -> build/bdist.macosx-10.9-universal2/wheel/./elephant/spade_src/include
2026-02-27T14:03:16.3275390Z copying build/lib.macosx-10.9-universal2-cpython-314t/elephant/spade_src/include/SigTerm.h -> build/bdist.macosx-10.9-universal2/wheel/./elephant/spade_src/include
2026-02-27T14:03:16.3277970Z copying build/lib.macosx-10.9-universal2-cpython-314t/elephant/spade_src/include/Logger.h -> build/bdist.macosx-10.9-universal2/wheel/./elephant/spade_src/include
2026-02-27T14:03:16.3280150Z copying build/lib.macosx-10.9-universal2-cpython-314t/elephant/spade_src/include/ClosedTree.h -> build/bdist.macosx-10.9-universal2/wheel/./elephant/spade_src/include
2026-02-27T14:03:16.3282350Z copying build/lib.macosx-10.9-universal2-cpython-314t/elephant/spade_src/include/ClosedDetect.h -> build/bdist.macosx-10.9-universal2/wheel/./elephant/spade_src/include
2026-02-27T14:03:16.3284720Z copying build/lib.macosx-10.9-universal2-cpython-314t/elephant/spade_src/__init__.py -> build/bdist.macosx-10.9-universal2/wheel/./elephant/spade_src
2026-02-27T14:03:16.3286810Z copying build/lib.macosx-10.9-universal2-cpython-314t/elephant/spade_src/fast_fca.py -> build/bdist.macosx-10.9-universal2/wheel/./elephant/spade_src
2026-02-27T14:03:16.3288340Z creating build/bdist.macosx-10.9-universal2/wheel/elephant/spade_src/src
2026-02-27T14:03:16.3289870Z copying build/lib.macosx-10.9-universal2-cpython-314t/elephant/spade_src/src/fim.cpp -> build/bdist.macosx-10.9-universal2/wheel/./elephant/spade_src/src
2026-02-27T14:03:16.3292220Z copying build/lib.macosx-10.9-universal2-cpython-314t/elephant/sta.py -> build/bdist.macosx-10.9-universal2/wheel/./elephant
2026-02-27T14:03:16.3294080Z copying build/lib.macosx-10.9-universal2-cpython-314t/elephant/spike_train_surrogates.py -> build/bdist.macosx-10.9-universal2/wheel/./elephant
2026-02-27T14:03:16.3295650Z creating build/bdist.macosx-10.9-universal2/wheel/elephant/functional_connectivity_src
2026-02-27T14:03:16.3298010Z copying build/lib.macosx-10.9-universal2-cpython-314t/elephant/functional_connectivity_src/total_spiking_probability_edges.py -> build/bdist.macosx-10.9-universal2/wheel/./elephant/functional_connectivity_src
2026-02-27T14:03:16.3300540Z copying build/lib.macosx-10.9-universal2-cpython-314t/elephant/cell_assembly_detection.py -> build/bdist.macosx-10.9-universal2/wheel/./elephant
2026-02-27T14:03:16.3302490Z copying build/lib.macosx-10.9-universal2-cpython-314t/elephant/conversion.py -> build/bdist.macosx-10.9-universal2/wheel/./elephant
2026-02-27T14:03:16.3304300Z copying build/lib.macosx-10.9-universal2-cpython-314t/elephant/datasets.py -> build/bdist.macosx-10.9-universal2/wheel/./elephant
2026-02-27T14:03:16.3306140Z copying build/lib.macosx-10.9-universal2-cpython-314t/elephant/waveform_features.py -> build/bdist.macosx-10.9-universal2/wheel/./elephant
2026-02-27T14:03:16.3308120Z creating build/bdist.macosx-10.9-universal2/wheel/elephant/gpfa
2026-02-27T14:03:16.3310850Z copying build/lib.macosx-10.9-universal2-cpython-314t/elephant/gpfa/gpfa.py -> build/bdist.macosx-10.9-universal2/wheel/./elephant/gpfa
2026-02-27T14:03:16.3315150Z copying build/lib.macosx-10.9-universal2-cpython-314t/elephant/gpfa/gpfa_util.py -> build/bdist.macosx-10.9-universal2/wheel/./elephant/gpfa
2026-02-27T14:03:16.3318230Z copying build/lib.macosx-10.9-universal2-cpython-314t/elephant/gpfa/gpfa_core.py -> build/bdist.macosx-10.9-universal2/wheel/./elephant/gpfa
2026-02-27T14:03:16.3321990Z copying build/lib.macosx-10.9-universal2-cpython-314t/elephant/gpfa/__init__.py -> build/bdist.macosx-10.9-universal2/wheel/./elephant/gpfa
2026-02-27T14:03:16.3325500Z copying build/lib.macosx-10.9-universal2-cpython-314t/elephant/__init__.py -> build/bdist.macosx-10.9-universal2/wheel/./elephant
2026-02-27T14:03:16.3330350Z copying build/lib.macosx-10.9-universal2-cpython-314t/elephant/spike_train_dissimilarity.py -> build/bdist.macosx-10.9-universal2/wheel/./elephant
2026-02-27T14:03:16.3333760Z copying build/lib.macosx-10.9-universal2-cpython-314t/elephant/change_point_detection.py -> build/bdist.macosx-10.9-universal2/wheel/./elephant
2026-02-27T14:03:16.3336840Z copying build/lib.macosx-10.9-universal2-cpython-314t/elephant/spike_train_synchrony.py -> build/bdist.macosx-10.9-universal2/wheel/./elephant
2026-02-27T14:03:16.3341730Z copying build/lib.macosx-10.9-universal2-cpython-314t/elephant/functional_connectivity.py -> build/bdist.macosx-10.9-universal2/wheel/./elephant
2026-02-27T14:03:16.3345580Z copying build/lib.macosx-10.9-universal2-cpython-314t/elephant/VERSION -> build/bdist.macosx-10.9-universal2/wheel/./elephant
2026-02-27T14:03:16.3352060Z copying build/lib.macosx-10.9-universal2-cpython-314t/elephant/utils.py -> build/bdist.macosx-10.9-universal2/wheel/./elephant
2026-02-27T14:03:16.3360080Z copying build/lib.macosx-10.9-universal2-cpython-314t/elephant/spike_train_correlation.py -> build/bdist.macosx-10.9-universal2/wheel/./elephant
2026-02-27T14:03:16.3368840Z creating build/bdist.macosx-10.9-universal2/wheel/elephant/current_source_density_src
2026-02-27T14:03:16.3373190Z copying build/lib.macosx-10.9-universal2-cpython-314t/elephant/current_source_density_src/utility_functions.py -> build/bdist.macosx-10.9-universal2/wheel/./elephant/current_source_density_src
2026-02-27T14:03:16.3377580Z copying build/lib.macosx-10.9-universal2-cpython-314t/elephant/current_source_density_src/test_data.mat -> build/bdist.macosx-10.9-universal2/wheel/./elephant/current_source_density_src
2026-02-27T14:03:16.3383040Z copying build/lib.macosx-10.9-universal2-cpython-314t/elephant/current_source_density_src/__init__.py -> build/bdist.macosx-10.9-universal2/wheel/./elephant/current_source_density_src
2026-02-27T14:03:16.3386580Z copying build/lib.macosx-10.9-universal2-cpython-314t/elephant/current_source_density_src/README.md -> build/bdist.macosx-10.9-universal2/wheel/./elephant/current_source_density_src
2026-02-27T14:03:16.3389690Z copying build/lib.macosx-10.9-universal2-cpython-314t/elephant/current_source_density_src/KCSD.py -> build/bdist.macosx-10.9-universal2/wheel/./elephant/current_source_density_src
2026-02-27T14:03:16.3394660Z copying build/lib.macosx-10.9-universal2-cpython-314t/elephant/current_source_density_src/icsd.py -> build/bdist.macosx-10.9-universal2/wheel/./elephant/current_source_density_src
2026-02-27T14:03:16.3398440Z copying build/lib.macosx-10.9-universal2-cpython-314t/elephant/current_source_density_src/basis_functions.py -> build/bdist.macosx-10.9-universal2/wheel/./elephant/current_source_density_src
2026-02-27T14:03:16.3401890Z copying build/lib.macosx-10.9-universal2-cpython-314t/elephant/spike_train_generation.py -> build/bdist.macosx-10.9-universal2/wheel/./elephant
2026-02-27T14:03:16.3406680Z copying build/lib.macosx-10.9-universal2-cpython-314t/elephant/kernels.py -> build/bdist.macosx-10.9-universal2/wheel/./elephant
2026-02-27T14:03:16.3410880Z copying build/lib.macosx-10.9-universal2-cpython-314t/elephant/spectral.py -> build/bdist.macosx-10.9-universal2/wheel/./elephant
2026-02-27T14:03:16.3415760Z copying build/lib.macosx-10.9-universal2-cpython-314t/elephant/statistics.py -> build/bdist.macosx-10.9-universal2/wheel/./elephant
2026-02-27T14:03:16.3420630Z copying build/lib.macosx-10.9-universal2-cpython-314t/elephant/phase_analysis.py -> build/bdist.macosx-10.9-universal2/wheel/./elephant
2026-02-27T14:03:16.3424700Z copying build/lib.macosx-10.9-universal2-cpython-314t/elephant/spade.py -> build/bdist.macosx-10.9-universal2/wheel/./elephant
2026-02-27T14:03:16.3429100Z copying build/lib.macosx-10.9-universal2-cpython-314t/elephant/signal_processing.py -> build/bdist.macosx-10.9-universal2/wheel/./elephant
2026-02-27T14:03:16.3431230Z running install_egg_info
2026-02-27T14:03:16.3505120Z Copying elephant.egg-info to build/bdist.macosx-10.9-universal2/wheel/./elephant-1.2.0-py3.14.egg-info
2026-02-27T14:03:16.3527130Z running install_scripts
2026-02-27T14:03:16.3735890Z creating build/bdist.macosx-10.9-universal2/wheel/elephant-1.2.0.dist-info/WHEEL
2026-02-27T14:03:16.3744620Z creating '/private/var/folders/x_/wstzc9d10r926lhsf8fsv7q80000gn/T/cibw-run-xcdesx4q/cp314t-macosx_universal2/built_wheel/.tmp-hg7whirc/elephant-1.2.0-cp314-cp314t-macosx_11_0_universal2.whl' and adding 'build/bdist.macosx-10.9-universal2/wheel' to it
2026-02-27T14:03:16.3752040Z adding 'elephant/VERSION'
2026-02-27T14:03:16.3755940Z adding 'elephant/__init__.py'
2026-02-27T14:03:16.3769390Z adding 'elephant/cell_assembly_detection.py'
2026-02-27T14:03:16.3777520Z adding 'elephant/change_point_detection.py'
2026-02-27T14:03:16.3792380Z adding 'elephant/conversion.py'
2026-02-27T14:03:16.3797290Z adding 'elephant/cubic.py'
2026-02-27T14:03:16.3802770Z adding 'elephant/current_source_density.py'
2026-02-27T14:03:16.3810040Z adding 'elephant/datasets.py'
2026-02-27T14:03:16.3813150Z adding 'elephant/functional_connectivity.py'
2026-02-27T14:03:16.3820150Z adding 'elephant/kernels.py'
2026-02-27T14:03:16.3824680Z adding 'elephant/neo_tools.py'
2026-02-27T14:03:16.3830420Z adding 'elephant/phase_analysis.py'
2026-02-27T14:03:16.3841800Z adding 'elephant/signal_processing.py'
2026-02-27T14:03:16.3868330Z adding 'elephant/spade.py'
2026-02-27T14:03:16.3882160Z adding 'elephant/spectral.py'
2026-02-27T14:03:16.3895690Z adding 'elephant/spike_train_correlation.py'
2026-02-27T14:03:16.3902800Z adding 'elephant/spike_train_dissimilarity.py'
2026-02-27T14:03:16.3921580Z adding 'elephant/spike_train_generation.py'
2026-02-27T14:03:16.3937580Z adding 'elephant/spike_train_surrogates.py'
2026-02-27T14:03:16.3944200Z adding 'elephant/spike_train_synchrony.py'
2026-02-27T14:03:16.3949580Z adding 'elephant/sta.py'
2026-02-27T14:03:16.3969810Z adding 'elephant/statistics.py'
2026-02-27T14:03:16.3975750Z adding 'elephant/trials.py'
2026-02-27T14:03:16.3984550Z adding 'elephant/unitary_event_analysis.py'
2026-02-27T14:03:16.3989810Z adding 'elephant/utils.py'
2026-02-27T14:03:16.3993540Z adding 'elephant/waveform_features.py'
2026-02-27T14:03:16.3997440Z adding 'elephant/asset/__init__.py'
2026-02-27T14:03:16.4030020Z adding 'elephant/asset/asset.py'
2026-02-27T14:03:16.4036410Z adding 'elephant/asset/joint_pmat.cl'
2026-02-27T14:03:16.4039700Z adding 'elephant/asset/joint_pmat.cu'
2026-02-27T14:03:16.4045160Z adding 'elephant/asset/joint_pmat_old.cu'
2026-02-27T14:03:16.4048400Z adding 'elephant/asset/pmat_neighbors.cl'
2026-02-27T14:03:16.4051300Z adding 'elephant/asset/pmat_neighbors.cu'
2026-02-27T14:03:16.4054000Z adding 'elephant/causality/__init__.py'
2026-02-27T14:03:16.4063000Z adding 'elephant/causality/granger.py'
2026-02-27T14:03:16.4072530Z adding 'elephant/current_source_density_src/KCSD.py'
2026-02-27T14:03:16.4076750Z adding 'elephant/current_source_density_src/README.md'
2026-02-27T14:03:16.4079360Z adding 'elephant/current_source_density_src/__init__.py'
2026-02-27T14:03:16.4082480Z adding 'elephant/current_source_density_src/basis_functions.py'
2026-02-27T14:03:16.4090160Z adding 'elephant/current_source_density_src/icsd.py'
2026-02-27T14:03:16.4107040Z adding 'elephant/current_source_density_src/test_data.mat'
2026-02-27T14:03:16.4114270Z adding 'elephant/current_source_density_src/utility_functions.py'
2026-02-27T14:03:16.4120920Z adding 'elephant/functional_connectivity_src/total_spiking_probability_edges.py'
2026-02-27T14:03:16.4125050Z adding 'elephant/gpfa/__init__.py'
2026-02-27T14:03:16.4132600Z adding 'elephant/gpfa/gpfa.py'
2026-02-27T14:03:16.4139650Z adding 'elephant/gpfa/gpfa_core.py'
2026-02-27T14:03:16.4147010Z adding 'elephant/gpfa/gpfa_util.py'
2026-02-27T14:03:16.4150890Z adding 'elephant/parallel/__init__.py'
2026-02-27T14:03:16.4153970Z adding 'elephant/parallel/mpi.py'
2026-02-27T14:03:16.4157150Z adding 'elephant/parallel/parallel.py'
2026-02-27T14:03:16.4160530Z adding 'elephant/spade_src/LICENSE'
2026-02-27T14:03:16.4163210Z adding 'elephant/spade_src/__init__.py'
2026-02-27T14:03:16.4182200Z adding 'elephant/spade_src/fast_fca.py'
2026-02-27T14:03:16.4182860Z adding 'elephant/spade_src/include/ClosedDetect.h'
2026-02-27T14:03:16.4183650Z adding 'elephant/spade_src/include/ClosedTree.h'
2026-02-27T14:03:16.4185000Z adding 'elephant/spade_src/include/Defines.h'
2026-02-27T14:03:16.4187680Z adding 'elephant/spade_src/include/FPGrowth.h'
2026-02-27T14:03:16.4191750Z adding 'elephant/spade_src/include/FPNode.h'
2026-02-27T14:03:16.4195460Z adding 'elephant/spade_src/include/FPTree.h'
2026-02-27T14:03:16.4202480Z adding 'elephant/spade_src/include/FrequencyRef.h'
2026-02-27T14:03:16.4205630Z adding 'elephant/spade_src/include/HeapAlloc.h'
2026-02-27T14:03:16.4208860Z adding 'elephant/spade_src/include/Logger.h'
2026-02-27T14:03:16.4212480Z adding 'elephant/spade_src/include/Memory.h'
2026-02-27T14:03:16.4216200Z adding 'elephant/spade_src/include/Pattern.h'
2026-02-27T14:03:16.4219340Z adding 'elephant/spade_src/include/SigTerm.h'
2026-02-27T14:03:16.4223270Z adding 'elephant/spade_src/include/Timer.h'
2026-02-27T14:03:16.4227070Z adding 'elephant/spade_src/include/Types.h'
2026-02-27T14:03:16.4232170Z adding 'elephant/spade_src/include/Utils.h'
2026-02-27T14:03:16.4237080Z adding 'elephant/spade_src/src/fim.cpp'
2026-02-27T14:03:16.4240720Z adding 'elephant/test/__init__.py'
2026-02-27T14:03:16.4243700Z adding 'elephant/test/make_spike_extraction_test_data.py'
2026-02-27T14:03:16.4275240Z adding 'elephant/test/spike_extraction_test_data.txt'
2026-02-27T14:03:16.4286860Z adding 'elephant/test/test_asset.py'
2026-02-27T14:03:16.4292940Z adding 'elephant/test/test_causality.py'
2026-02-27T14:03:16.4297180Z adding 'elephant/test/test_cell_assembly_detection.py'
2026-02-27T14:03:16.4301240Z adding 'elephant/test/test_change_point_detection.py'
2026-02-27T14:03:16.4309010Z adding 'elephant/test/test_conversion.py'
2026-02-27T14:03:16.4313100Z adding 'elephant/test/test_cubic.py'
2026-02-27T14:03:16.4316690Z adding 'elephant/test/test_current_source_density.py'
2026-02-27T14:03:16.4321360Z adding 'elephant/test/test_datasets.py'
2026-02-27T14:03:16.4325620Z adding 'elephant/test/test_gpfa.py'
2026-02-27T14:03:16.4331440Z adding 'elephant/test/test_icsd.py'
2026-02-27T14:03:16.4335440Z adding 'elephant/test/test_kcsd.py'
2026-02-27T14:03:16.4340720Z adding 'elephant/test/test_kernels.py'
2026-02-27T14:03:16.4348700Z adding 'elephant/test/test_neo_tools.py'
2026-02-27T14:03:16.4352700Z adding 'elephant/test/test_parallel.py'
2026-02-27T14:03:16.4359570Z adding 'elephant/test/test_phase_analysis.py'
2026-02-27T14:03:16.4370910Z adding 'elephant/test/test_signal_processing.py'
2026-02-27T14:03:16.4378330Z adding 'elephant/test/test_spade.py'
2026-02-27T14:03:16.4387760Z adding 'elephant/test/test_spectral.py'
2026-02-27T14:03:16.4397790Z adding 'elephant/test/test_spike_train_correlation.py'
2026-02-27T14:03:16.4404520Z adding 'elephant/test/test_spike_train_dissimilarity.py'
2026-02-27T14:03:16.4416540Z adding 'elephant/test/test_spike_train_generation.py'
2026-02-27T14:03:16.4423740Z adding 'elephant/test/test_spike_train_surrogates.py'
2026-02-27T14:03:16.4430090Z adding 'elephant/test/test_spike_train_synchrony.py'
2026-02-27T14:03:16.4435640Z adding 'elephant/test/test_sta.py'
2026-02-27T14:03:16.4452700Z adding 'elephant/test/test_statistics.py'
2026-02-27T14:03:16.4458230Z adding 'elephant/test/test_total_spiking_probability_edges.py'
2026-02-27T14:03:16.4462330Z adding 'elephant/test/test_trials.py'
2026-02-27T14:03:16.4470410Z adding 'elephant/test/test_unitary_event_analysis.py'
2026-02-27T14:03:16.4473450Z adding 'elephant/test/test_utils.py'
2026-02-27T14:03:16.4477040Z adding 'elephant/test/test_waveform_features.py'
2026-02-27T14:03:16.4482390Z adding 'elephant-1.2.0.dist-info/licenses/LICENSE.txt'
2026-02-27T14:03:16.4485520Z adding 'elephant-1.2.0.dist-info/METADATA'
2026-02-27T14:03:16.4486980Z adding 'elephant-1.2.0.dist-info/WHEEL'
2026-02-27T14:03:16.4489670Z adding 'elephant-1.2.0.dist-info/top_level.txt'
2026-02-27T14:03:16.4496030Z adding 'elephant-1.2.0.dist-info/RECORD'
2026-02-27T14:03:16.4504020Z removing build/bdist.macosx-10.9-universal2/wheel
2026-02-27T14:03:16.5804000Z Successfully built elephant-1.2.0-cp314-cp314t-macosx_11_0_universal2.whl
2026-02-27T14:03:16.6174350Z ##[endgroup]
2026-02-27T14:03:16.6175450Z                                                               [32m✓ [0m5.42s
2026-02-27T14:03:16.6782500Z 
2026-02-27T14:03:16.6783410Z [32m✓ [0mcp314t-macosx_universal2 finished in a minute
2026-02-27T14:03:16.6864760Z 
2026-02-27T14:03:16.6865820Z ##[group]2 wheels produced in 3 minutes
2026-02-27T14:03:16.6866170Z 
2026-02-27T14:03:16.6867350Z   cp314-macosx_universal2: elephant-1.2.0-cp314-cp314-macosx_11_0_universal2.whl 553.4 kB in 2 minutes, SHA256=0e0572f90e2c430aac2e916e2c041641d54b7db515e315b9bdee65fbcb5ec88d
2026-02-27T14:03:16.6869680Z   cp314t-macosx_universal2: elephant-1.2.0-cp314-cp314t-macosx_11_0_universal2.whl 553.4 kB in a minute, SHA256=4b97993f062662c8190d5328f2e40257297b8e89ee57df7533037c7a122c0c98
2026-02-27T14:03:16.6871250Z ##[endgroup]
2026-02-27T14:03:16.8008250Z ##[group]Run actions/upload-artifact@v4
2026-02-27T14:03:16.8008720Z with:
2026-02-27T14:03:16.8008990Z   name: wheels-macos-15-intel
2026-02-27T14:03:16.8009360Z   path: ./wheelhouse/*.whl
2026-02-27T14:03:16.8009730Z   if-no-files-found: warn
2026-02-27T14:03:16.8010060Z   compression-level: 6
2026-02-27T14:03:16.8010380Z   overwrite: false
2026-02-27T14:03:16.8010690Z   include-hidden-files: false
2026-02-27T14:03:16.8011040Z env:
2026-02-27T14:03:16.8011450Z   pythonLocation: /Users/runner/hostedtoolcache/Python/3.13.12/x64
2026-02-27T14:03:16.8012260Z   PKG_CONFIG_PATH: /Users/runner/hostedtoolcache/Python/3.13.12/x64/lib/pkgconfig
2026-02-27T14:03:16.8013070Z   Python_ROOT_DIR: /Users/runner/hostedtoolcache/Python/3.13.12/x64
2026-02-27T14:03:16.8013790Z   Python2_ROOT_DIR: /Users/runner/hostedtoolcache/Python/3.13.12/x64
2026-02-27T14:03:16.8014520Z   Python3_ROOT_DIR: /Users/runner/hostedtoolcache/Python/3.13.12/x64
2026-02-27T14:03:16.8015090Z ##[endgroup]
2026-02-27T14:03:17.2077930Z With the provided path, there will be 2 files uploaded
2026-02-27T14:03:17.2084970Z Artifact name is valid!
2026-02-27T14:03:17.2086670Z Root directory input is valid!
2026-02-27T14:03:17.7594750Z Beginning upload of artifact content to blob storage
2026-02-27T14:03:18.6011590Z Uploaded bytes 1090824
2026-02-27T14:03:18.6834030Z Finished uploading artifact content to blob storage!
2026-02-27T14:03:18.6836870Z SHA256 digest of uploaded artifact zip is 9290a37c76f18b2faf0befc3b8e03c89e73eccd886a6df0fdba56f5d1824affe
2026-02-27T14:03:18.6837840Z Finalizing artifact upload
2026-02-27T14:03:18.8374160Z Artifact wheels-macos-15-intel.zip successfully finalized. Artifact ID 5691167247
2026-02-27T14:03:18.8375540Z Artifact wheels-macos-15-intel has been successfully uploaded! Final size is 1090824 bytes. Artifact ID is 5691167247
2026-02-27T14:03:18.8386300Z Artifact download URL: https://github.com/NeuralEnsemble/elephant/actions/runs/22489178228/artifacts/5691167247
2026-02-27T14:03:18.8588600Z Post job cleanup.
2026-02-27T14:03:19.0842320Z Post job cleanup.
2026-02-27T14:03:19.2231070Z [command]/usr/local/bin/git version
2026-02-27T14:03:19.2325940Z git version 2.53.0
2026-02-27T14:03:19.2365710Z Copying '/Users/runner/.gitconfig' to '/Users/runner/work/_temp/5bfaccde-6a09-4e2b-b31b-6c8978fc2765/.gitconfig'
2026-02-27T14:03:19.2380790Z Temporarily overriding HOME='/Users/runner/work/_temp/5bfaccde-6a09-4e2b-b31b-6c8978fc2765' before making global git config changes
2026-02-27T14:03:19.2382190Z Adding repository directory to the temporary git global config as a safe directory
2026-02-27T14:03:19.2388700Z [command]/usr/local/bin/git config --global --add safe.directory /Users/runner/work/elephant/elephant
2026-02-27T14:03:19.2514910Z [command]/usr/local/bin/git config --local --name-only --get-regexp core\.sshCommand
2026-02-27T14:03:19.2612070Z [command]/usr/local/bin/git submodule foreach --recursive sh -c "git config --local --name-only --get-regexp 'core\.sshCommand' && git config --local --unset-all 'core.sshCommand' || :"
2026-02-27T14:03:19.3873150Z [command]/usr/local/bin/git config --local --name-only --get-regexp http\.https\:\/\/github\.com\/\.extraheader
2026-02-27T14:03:19.3955360Z http.https://github.com/.extraheader
2026-02-27T14:03:19.3970210Z [command]/usr/local/bin/git config --local --unset-all http.https://github.com/.extraheader
2026-02-27T14:03:19.4067980Z [command]/usr/local/bin/git submodule foreach --recursive sh -c "git config --local --name-only --get-regexp 'http\.https\:\/\/github\.com\/\.extraheader' && git config --local --unset-all 'http.https://github.com/.extraheader' || :"
2026-02-27T14:03:19.5482190Z [command]/usr/local/bin/git config --local --name-only --get-regexp ^includeIf\.gitdir:
2026-02-27T14:03:19.5623820Z [command]/usr/local/bin/git submodule foreach --recursive git config --local --show-origin --name-only --get-regexp remote.origin.url
2026-02-27T14:03:19.7118140Z Cleaning up orphan processes
